<?xml version="1.0" encoding="UTF-8"?>
<testsuite xmlns:xsi="http://www.w3.org/2001/XMLSchema-instance" xsi:noNamespaceSchemaLocation="https://maven.apache.org/surefire/maven-surefire-plugin/xsd/surefire-test-report-3.0.xsd" version="3.0" name="TestSuite" time="73.695" tests="6" errors="0" skipped="1" failures="2">
  <properties>
    <property name="java.specification.version" value="15"/>
    <property name="sun.cpu.isalist" value="amd64"/>
    <property name="sun.jnu.encoding" value="Cp1252"/>
    <property name="java.class.path" value="C:\Users\Lenovo\OneDrive\Documents\Automation Book\Framework\target\test-classes;C:\Users\Lenovo\OneDrive\Documents\Automation Book\Framework\target\classes;C:\Users\Lenovo\.m2\repository\io\cucumber\cucumber-java\6.9.1\cucumber-java-6.9.1.jar;C:\Users\Lenovo\.m2\repository\io\cucumber\cucumber-core\6.9.1\cucumber-core-6.9.1.jar;C:\Users\Lenovo\.m2\repository\io\cucumber\cucumber-gherkin\6.9.1\cucumber-gherkin-6.9.1.jar;C:\Users\Lenovo\.m2\repository\io\cucumber\cucumber-gherkin-messages\6.9.1\cucumber-gherkin-messages-6.9.1.jar;C:\Users\Lenovo\.m2\repository\io\cucumber\messages\13.2.1\messages-13.2.1.jar;C:\Users\Lenovo\.m2\repository\io\cucumber\tag-expressions\3.0.0\tag-expressions-3.0.0.jar;C:\Users\Lenovo\.m2\repository\io\cucumber\cucumber-expressions\10.3.0\cucumber-expressions-10.3.0.jar;C:\Users\Lenovo\.m2\repository\io\cucumber\datatable\3.5.0\datatable-3.5.0.jar;C:\Users\Lenovo\.m2\repository\io\cucumber\cucumber-plugin\6.9.1\cucumber-plugin-6.9.1.jar;C:\Users\Lenovo\.m2\repository\io\cucumber\docstring\6.9.1\docstring-6.9.1.jar;C:\Users\Lenovo\.m2\repository\io\cucumber\html-formatter\9.0.0\html-formatter-9.0.0.jar;C:\Users\Lenovo\.m2\repository\io\cucumber\create-meta\2.0.4\create-meta-2.0.4.jar;C:\Users\Lenovo\.m2\repository\org\apiguardian\apiguardian-api\1.1.0\apiguardian-api-1.1.0.jar;C:\Users\Lenovo\.m2\repository\io\cucumber\cucumber-junit\6.9.1\cucumber-junit-6.9.1.jar;C:\Users\Lenovo\.m2\repository\junit\junit\4.13.1\junit-4.13.1.jar;C:\Users\Lenovo\.m2\repository\org\hamcrest\hamcrest-core\1.3\hamcrest-core-1.3.jar;C:\Users\Lenovo\.m2\repository\io\appium\java-client\7.3.0\java-client-7.3.0.jar;C:\Users\Lenovo\.m2\repository\org\seleniumhq\selenium\selenium-java\3.141.59\selenium-java-3.141.59.jar;C:\Users\Lenovo\.m2\repository\org\seleniumhq\selenium\selenium-chrome-driver\3.141.59\selenium-chrome-driver-3.141.59.jar;C:\Users\Lenovo\.m2\repository\org\seleniumhq\selenium\selenium-edge-driver\3.141.59\selenium-edge-driver-3.141.59.jar;C:\Users\Lenovo\.m2\repository\org\seleniumhq\selenium\selenium-firefox-driver\3.141.59\selenium-firefox-driver-3.141.59.jar;C:\Users\Lenovo\.m2\repository\org\seleniumhq\selenium\selenium-ie-driver\3.141.59\selenium-ie-driver-3.141.59.jar;C:\Users\Lenovo\.m2\repository\org\seleniumhq\selenium\selenium-opera-driver\3.141.59\selenium-opera-driver-3.141.59.jar;C:\Users\Lenovo\.m2\repository\org\seleniumhq\selenium\selenium-remote-driver\3.141.59\selenium-remote-driver-3.141.59.jar;C:\Users\Lenovo\.m2\repository\org\seleniumhq\selenium\selenium-safari-driver\3.141.59\selenium-safari-driver-3.141.59.jar;C:\Users\Lenovo\.m2\repository\net\bytebuddy\byte-buddy\1.8.15\byte-buddy-1.8.15.jar;C:\Users\Lenovo\.m2\repository\org\apache\commons\commons-exec\1.3\commons-exec-1.3.jar;C:\Users\Lenovo\.m2\repository\com\google\guava\guava\25.0-jre\guava-25.0-jre.jar;C:\Users\Lenovo\.m2\repository\com\google\code\findbugs\jsr305\1.3.9\jsr305-1.3.9.jar;C:\Users\Lenovo\.m2\repository\org\checkerframework\checker-compat-qual\2.0.0\checker-compat-qual-2.0.0.jar;C:\Users\Lenovo\.m2\repository\com\google\errorprone\error_prone_annotations\2.1.3\error_prone_annotations-2.1.3.jar;C:\Users\Lenovo\.m2\repository\com\google\j2objc\j2objc-annotations\1.1\j2objc-annotations-1.1.jar;C:\Users\Lenovo\.m2\repository\org\codehaus\mojo\animal-sniffer-annotations\1.14\animal-sniffer-annotations-1.14.jar;C:\Users\Lenovo\.m2\repository\com\squareup\okhttp3\okhttp\3.11.0\okhttp-3.11.0.jar;C:\Users\Lenovo\.m2\repository\com\squareup\okio\okio\1.14.0\okio-1.14.0.jar;C:\Users\Lenovo\.m2\repository\org\seleniumhq\selenium\selenium-support\3.141.59\selenium-support-3.141.59.jar;C:\Users\Lenovo\.m2\repository\org\seleniumhq\selenium\selenium-api\3.141.59\selenium-api-3.141.59.jar;C:\Users\Lenovo\.m2\repository\com\google\code\gson\gson\2.8.5\gson-2.8.5.jar;C:\Users\Lenovo\.m2\repository\org\apache\httpcomponents\httpclient\4.5.9\httpclient-4.5.9.jar;C:\Users\Lenovo\.m2\repository\org\apache\httpcomponents\httpcore\4.4.11\httpcore-4.4.11.jar;C:\Users\Lenovo\.m2\repository\commons-logging\commons-logging\1.2\commons-logging-1.2.jar;C:\Users\Lenovo\.m2\repository\commons-codec\commons-codec\1.11\commons-codec-1.11.jar;C:\Users\Lenovo\.m2\repository\cglib\cglib\3.2.12\cglib-3.2.12.jar;C:\Users\Lenovo\.m2\repository\org\ow2\asm\asm\7.1\asm-7.1.jar;C:\Users\Lenovo\.m2\repository\commons-validator\commons-validator\1.6\commons-validator-1.6.jar;C:\Users\Lenovo\.m2\repository\commons-beanutils\commons-beanutils\1.9.2\commons-beanutils-1.9.2.jar;C:\Users\Lenovo\.m2\repository\commons-digester\commons-digester\1.8.1\commons-digester-1.8.1.jar;C:\Users\Lenovo\.m2\repository\commons-collections\commons-collections\3.2.2\commons-collections-3.2.2.jar;C:\Users\Lenovo\.m2\repository\org\apache\commons\commons-lang3\3.9\commons-lang3-3.9.jar;C:\Users\Lenovo\.m2\repository\commons-io\commons-io\2.6\commons-io-2.6.jar;C:\Users\Lenovo\.m2\repository\org\springframework\spring-context\5.1.8.RELEASE\spring-context-5.1.8.RELEASE.jar;C:\Users\Lenovo\.m2\repository\org\springframework\spring-aop\5.1.8.RELEASE\spring-aop-5.1.8.RELEASE.jar;C:\Users\Lenovo\.m2\repository\org\springframework\spring-beans\5.1.8.RELEASE\spring-beans-5.1.8.RELEASE.jar;C:\Users\Lenovo\.m2\repository\org\springframework\spring-core\5.1.8.RELEASE\spring-core-5.1.8.RELEASE.jar;C:\Users\Lenovo\.m2\repository\org\springframework\spring-jcl\5.1.8.RELEASE\spring-jcl-5.1.8.RELEASE.jar;C:\Users\Lenovo\.m2\repository\org\springframework\spring-expression\5.1.8.RELEASE\spring-expression-5.1.8.RELEASE.jar;C:\Users\Lenovo\.m2\repository\org\aspectj\aspectjweaver\1.9.4\aspectjweaver-1.9.4.jar;C:\Users\Lenovo\.m2\repository\org\slf4j\slf4j-api\1.7.26\slf4j-api-1.7.26.jar;C:\Users\Lenovo\.m2\repository\org\json\json\20201115\json-20201115.jar;C:\Users\Lenovo\.m2\repository\org\apache\logging\log4j\log4j-core\2.14.0\log4j-core-2.14.0.jar;C:\Users\Lenovo\.m2\repository\org\apache\logging\log4j\log4j-api\2.14.0\log4j-api-2.14.0.jar;C:\Users\Lenovo\.m2\repository\de\monochromata\cucumber\reporting-plugin\4.0.86\reporting-plugin-4.0.86.jar;C:\Users\Lenovo\.m2\repository\io\cucumber\gherkin\15.0.2\gherkin-15.0.2.jar;C:\Users\Lenovo\.m2\repository\net\masterthought\cucumber-reporting\5.4.0\cucumber-reporting-5.4.0.jar;C:\Users\Lenovo\.m2\repository\com\fasterxml\jackson\core\jackson-databind\2.10.1\jackson-databind-2.10.1.jar;C:\Users\Lenovo\.m2\repository\com\fasterxml\jackson\core\jackson-annotations\2.10.1\jackson-annotations-2.10.1.jar;C:\Users\Lenovo\.m2\repository\com\fasterxml\jackson\core\jackson-core\2.10.1\jackson-core-2.10.1.jar;C:\Users\Lenovo\.m2\repository\com\fasterxml\jackson\datatype\jackson-datatype-jsr310\2.10.1\jackson-datatype-jsr310-2.10.1.jar;C:\Users\Lenovo\.m2\repository\org\apache\velocity\velocity-engine-core\2.1\velocity-engine-core-2.1.jar;C:\Users\Lenovo\.m2\repository\joda-time\joda-time\2.10.5\joda-time-2.10.5.jar;C:\Users\Lenovo\.m2\repository\org\codehaus\plexus\plexus-utils\3.3.0\plexus-utils-3.3.0.jar;C:\Users\Lenovo\.m2\repository\org\jsoup\jsoup\1.12.1\jsoup-1.12.1.jar;C:\Users\Lenovo\.m2\repository\com\googlecode\owasp-java-html-sanitizer\owasp-java-html-sanitizer\20191001.1\owasp-java-html-sanitizer-20191001.1.jar;C:\Users\Lenovo\.m2\repository\commons-configuration\commons-configuration\1.10\commons-configuration-1.10.jar;C:\Users\Lenovo\.m2\repository\commons-lang\commons-lang\2.6\commons-lang-2.6.jar;C:\Users\Lenovo\.m2\repository\io\cucumber\cucumber-testng\6.9.1\cucumber-testng-6.9.1.jar;C:\Users\Lenovo\.m2\repository\org\testng\testng\7.3.0\testng-7.3.0.jar;C:\Users\Lenovo\.m2\repository\com\beust\jcommander\1.78\jcommander-1.78.jar;C:\Users\Lenovo\.m2\repository\org\apache\ant\ant\1.10.3\ant-1.10.3.jar;C:\Users\Lenovo\.m2\repository\org\apache\ant\ant-launcher\1.10.3\ant-launcher-1.10.3.jar;C:\Users\Lenovo\.m2\repository\com\google\inject\guice\4.2.2\guice-4.2.2-no_aop.jar;C:\Users\Lenovo\.m2\repository\javax\inject\javax.inject\1\javax.inject-1.jar;C:\Users\Lenovo\.m2\repository\aopalliance\aopalliance\1.0\aopalliance-1.0.jar;C:\Users\Lenovo\.m2\repository\org\yaml\snakeyaml\1.21\snakeyaml-1.21.jar;"/>
    <property name="java.vm.vendor" value="Oracle Corporation"/>
    <property name="sun.arch.data.model" value="64"/>
    <property name="user.variant" value=""/>
    <property name="java.vendor.url" value="https://java.oracle.com/"/>
    <property name="user.timezone" value="Asia/Calcutta"/>
    <property name="os.name" value="Windows 10"/>
    <property name="java.vm.specification.version" value="15"/>
    <property name="sun.java.launcher" value="SUN_STANDARD"/>
    <property name="user.country" value="US"/>
    <property name="sun.boot.library.path" value="C:\Users\Lenovo\.jdks\openjdk-15.0.1\bin"/>
    <property name="sun.java.command" value="C:\Users\Lenovo\AppData\Local\Temp\surefire16035389175775349874\surefirebooter7361902041124858671.jar C:\Users\Lenovo\AppData\Local\Temp\surefire16035389175775349874 2021-02-22T21-40-08_927-jvmRun1 surefire7710004803582232479tmp surefire_03147023571223085452tmp"/>
    <property name="jdk.debug" value="release"/>
    <property name="surefire.test.class.path" value="C:\Users\Lenovo\OneDrive\Documents\Automation Book\Framework\target\test-classes;C:\Users\Lenovo\OneDrive\Documents\Automation Book\Framework\target\classes;C:\Users\Lenovo\.m2\repository\io\cucumber\cucumber-java\6.9.1\cucumber-java-6.9.1.jar;C:\Users\Lenovo\.m2\repository\io\cucumber\cucumber-core\6.9.1\cucumber-core-6.9.1.jar;C:\Users\Lenovo\.m2\repository\io\cucumber\cucumber-gherkin\6.9.1\cucumber-gherkin-6.9.1.jar;C:\Users\Lenovo\.m2\repository\io\cucumber\cucumber-gherkin-messages\6.9.1\cucumber-gherkin-messages-6.9.1.jar;C:\Users\Lenovo\.m2\repository\io\cucumber\messages\13.2.1\messages-13.2.1.jar;C:\Users\Lenovo\.m2\repository\io\cucumber\tag-expressions\3.0.0\tag-expressions-3.0.0.jar;C:\Users\Lenovo\.m2\repository\io\cucumber\cucumber-expressions\10.3.0\cucumber-expressions-10.3.0.jar;C:\Users\Lenovo\.m2\repository\io\cucumber\datatable\3.5.0\datatable-3.5.0.jar;C:\Users\Lenovo\.m2\repository\io\cucumber\cucumber-plugin\6.9.1\cucumber-plugin-6.9.1.jar;C:\Users\Lenovo\.m2\repository\io\cucumber\docstring\6.9.1\docstring-6.9.1.jar;C:\Users\Lenovo\.m2\repository\io\cucumber\html-formatter\9.0.0\html-formatter-9.0.0.jar;C:\Users\Lenovo\.m2\repository\io\cucumber\create-meta\2.0.4\create-meta-2.0.4.jar;C:\Users\Lenovo\.m2\repository\org\apiguardian\apiguardian-api\1.1.0\apiguardian-api-1.1.0.jar;C:\Users\Lenovo\.m2\repository\io\cucumber\cucumber-junit\6.9.1\cucumber-junit-6.9.1.jar;C:\Users\Lenovo\.m2\repository\junit\junit\4.13.1\junit-4.13.1.jar;C:\Users\Lenovo\.m2\repository\org\hamcrest\hamcrest-core\1.3\hamcrest-core-1.3.jar;C:\Users\Lenovo\.m2\repository\io\appium\java-client\7.3.0\java-client-7.3.0.jar;C:\Users\Lenovo\.m2\repository\org\seleniumhq\selenium\selenium-java\3.141.59\selenium-java-3.141.59.jar;C:\Users\Lenovo\.m2\repository\org\seleniumhq\selenium\selenium-chrome-driver\3.141.59\selenium-chrome-driver-3.141.59.jar;C:\Users\Lenovo\.m2\repository\org\seleniumhq\selenium\selenium-edge-driver\3.141.59\selenium-edge-driver-3.141.59.jar;C:\Users\Lenovo\.m2\repository\org\seleniumhq\selenium\selenium-firefox-driver\3.141.59\selenium-firefox-driver-3.141.59.jar;C:\Users\Lenovo\.m2\repository\org\seleniumhq\selenium\selenium-ie-driver\3.141.59\selenium-ie-driver-3.141.59.jar;C:\Users\Lenovo\.m2\repository\org\seleniumhq\selenium\selenium-opera-driver\3.141.59\selenium-opera-driver-3.141.59.jar;C:\Users\Lenovo\.m2\repository\org\seleniumhq\selenium\selenium-remote-driver\3.141.59\selenium-remote-driver-3.141.59.jar;C:\Users\Lenovo\.m2\repository\org\seleniumhq\selenium\selenium-safari-driver\3.141.59\selenium-safari-driver-3.141.59.jar;C:\Users\Lenovo\.m2\repository\net\bytebuddy\byte-buddy\1.8.15\byte-buddy-1.8.15.jar;C:\Users\Lenovo\.m2\repository\org\apache\commons\commons-exec\1.3\commons-exec-1.3.jar;C:\Users\Lenovo\.m2\repository\com\google\guava\guava\25.0-jre\guava-25.0-jre.jar;C:\Users\Lenovo\.m2\repository\com\google\code\findbugs\jsr305\1.3.9\jsr305-1.3.9.jar;C:\Users\Lenovo\.m2\repository\org\checkerframework\checker-compat-qual\2.0.0\checker-compat-qual-2.0.0.jar;C:\Users\Lenovo\.m2\repository\com\google\errorprone\error_prone_annotations\2.1.3\error_prone_annotations-2.1.3.jar;C:\Users\Lenovo\.m2\repository\com\google\j2objc\j2objc-annotations\1.1\j2objc-annotations-1.1.jar;C:\Users\Lenovo\.m2\repository\org\codehaus\mojo\animal-sniffer-annotations\1.14\animal-sniffer-annotations-1.14.jar;C:\Users\Lenovo\.m2\repository\com\squareup\okhttp3\okhttp\3.11.0\okhttp-3.11.0.jar;C:\Users\Lenovo\.m2\repository\com\squareup\okio\okio\1.14.0\okio-1.14.0.jar;C:\Users\Lenovo\.m2\repository\org\seleniumhq\selenium\selenium-support\3.141.59\selenium-support-3.141.59.jar;C:\Users\Lenovo\.m2\repository\org\seleniumhq\selenium\selenium-api\3.141.59\selenium-api-3.141.59.jar;C:\Users\Lenovo\.m2\repository\com\google\code\gson\gson\2.8.5\gson-2.8.5.jar;C:\Users\Lenovo\.m2\repository\org\apache\httpcomponents\httpclient\4.5.9\httpclient-4.5.9.jar;C:\Users\Lenovo\.m2\repository\org\apache\httpcomponents\httpcore\4.4.11\httpcore-4.4.11.jar;C:\Users\Lenovo\.m2\repository\commons-logging\commons-logging\1.2\commons-logging-1.2.jar;C:\Users\Lenovo\.m2\repository\commons-codec\commons-codec\1.11\commons-codec-1.11.jar;C:\Users\Lenovo\.m2\repository\cglib\cglib\3.2.12\cglib-3.2.12.jar;C:\Users\Lenovo\.m2\repository\org\ow2\asm\asm\7.1\asm-7.1.jar;C:\Users\Lenovo\.m2\repository\commons-validator\commons-validator\1.6\commons-validator-1.6.jar;C:\Users\Lenovo\.m2\repository\commons-beanutils\commons-beanutils\1.9.2\commons-beanutils-1.9.2.jar;C:\Users\Lenovo\.m2\repository\commons-digester\commons-digester\1.8.1\commons-digester-1.8.1.jar;C:\Users\Lenovo\.m2\repository\commons-collections\commons-collections\3.2.2\commons-collections-3.2.2.jar;C:\Users\Lenovo\.m2\repository\org\apache\commons\commons-lang3\3.9\commons-lang3-3.9.jar;C:\Users\Lenovo\.m2\repository\commons-io\commons-io\2.6\commons-io-2.6.jar;C:\Users\Lenovo\.m2\repository\org\springframework\spring-context\5.1.8.RELEASE\spring-context-5.1.8.RELEASE.jar;C:\Users\Lenovo\.m2\repository\org\springframework\spring-aop\5.1.8.RELEASE\spring-aop-5.1.8.RELEASE.jar;C:\Users\Lenovo\.m2\repository\org\springframework\spring-beans\5.1.8.RELEASE\spring-beans-5.1.8.RELEASE.jar;C:\Users\Lenovo\.m2\repository\org\springframework\spring-core\5.1.8.RELEASE\spring-core-5.1.8.RELEASE.jar;C:\Users\Lenovo\.m2\repository\org\springframework\spring-jcl\5.1.8.RELEASE\spring-jcl-5.1.8.RELEASE.jar;C:\Users\Lenovo\.m2\repository\org\springframework\spring-expression\5.1.8.RELEASE\spring-expression-5.1.8.RELEASE.jar;C:\Users\Lenovo\.m2\repository\org\aspectj\aspectjweaver\1.9.4\aspectjweaver-1.9.4.jar;C:\Users\Lenovo\.m2\repository\org\slf4j\slf4j-api\1.7.26\slf4j-api-1.7.26.jar;C:\Users\Lenovo\.m2\repository\org\json\json\20201115\json-20201115.jar;C:\Users\Lenovo\.m2\repository\org\apache\logging\log4j\log4j-core\2.14.0\log4j-core-2.14.0.jar;C:\Users\Lenovo\.m2\repository\org\apache\logging\log4j\log4j-api\2.14.0\log4j-api-2.14.0.jar;C:\Users\Lenovo\.m2\repository\de\monochromata\cucumber\reporting-plugin\4.0.86\reporting-plugin-4.0.86.jar;C:\Users\Lenovo\.m2\repository\io\cucumber\gherkin\15.0.2\gherkin-15.0.2.jar;C:\Users\Lenovo\.m2\repository\net\masterthought\cucumber-reporting\5.4.0\cucumber-reporting-5.4.0.jar;C:\Users\Lenovo\.m2\repository\com\fasterxml\jackson\core\jackson-databind\2.10.1\jackson-databind-2.10.1.jar;C:\Users\Lenovo\.m2\repository\com\fasterxml\jackson\core\jackson-annotations\2.10.1\jackson-annotations-2.10.1.jar;C:\Users\Lenovo\.m2\repository\com\fasterxml\jackson\core\jackson-core\2.10.1\jackson-core-2.10.1.jar;C:\Users\Lenovo\.m2\repository\com\fasterxml\jackson\datatype\jackson-datatype-jsr310\2.10.1\jackson-datatype-jsr310-2.10.1.jar;C:\Users\Lenovo\.m2\repository\org\apache\velocity\velocity-engine-core\2.1\velocity-engine-core-2.1.jar;C:\Users\Lenovo\.m2\repository\joda-time\joda-time\2.10.5\joda-time-2.10.5.jar;C:\Users\Lenovo\.m2\repository\org\codehaus\plexus\plexus-utils\3.3.0\plexus-utils-3.3.0.jar;C:\Users\Lenovo\.m2\repository\org\jsoup\jsoup\1.12.1\jsoup-1.12.1.jar;C:\Users\Lenovo\.m2\repository\com\googlecode\owasp-java-html-sanitizer\owasp-java-html-sanitizer\20191001.1\owasp-java-html-sanitizer-20191001.1.jar;C:\Users\Lenovo\.m2\repository\commons-configuration\commons-configuration\1.10\commons-configuration-1.10.jar;C:\Users\Lenovo\.m2\repository\commons-lang\commons-lang\2.6\commons-lang-2.6.jar;C:\Users\Lenovo\.m2\repository\io\cucumber\cucumber-testng\6.9.1\cucumber-testng-6.9.1.jar;C:\Users\Lenovo\.m2\repository\org\testng\testng\7.3.0\testng-7.3.0.jar;C:\Users\Lenovo\.m2\repository\com\beust\jcommander\1.78\jcommander-1.78.jar;C:\Users\Lenovo\.m2\repository\org\apache\ant\ant\1.10.3\ant-1.10.3.jar;C:\Users\Lenovo\.m2\repository\org\apache\ant\ant-launcher\1.10.3\ant-launcher-1.10.3.jar;C:\Users\Lenovo\.m2\repository\com\google\inject\guice\4.2.2\guice-4.2.2-no_aop.jar;C:\Users\Lenovo\.m2\repository\javax\inject\javax.inject\1\javax.inject-1.jar;C:\Users\Lenovo\.m2\repository\aopalliance\aopalliance\1.0\aopalliance-1.0.jar;C:\Users\Lenovo\.m2\repository\org\yaml\snakeyaml\1.21\snakeyaml-1.21.jar;"/>
    <property name="sun.cpu.endian" value="little"/>
    <property name="user.home" value="C:\Users\Lenovo"/>
    <property name="user.language" value="en"/>
    <property name="java.specification.vendor" value="Oracle Corporation"/>
    <property name="java.version.date" value="2020-10-20"/>
    <property name="java.home" value="C:\Users\Lenovo\.jdks\openjdk-15.0.1"/>
    <property name="file.separator" value="\"/>
    <property name="basedir" value="C:\Users\Lenovo\OneDrive\Documents\Automation Book\Framework"/>
    <property name="java.vm.compressedOopsMode" value="32-bit"/>
    <property name="line.separator" value="&#10;"/>
    <property name="java.vm.specification.vendor" value="Oracle Corporation"/>
    <property name="java.specification.name" value="Java Platform API Specification"/>
    <property name="surefire.real.class.path" value="C:\Users\Lenovo\AppData\Local\Temp\surefire16035389175775349874\surefirebooter7361902041124858671.jar"/>
    <property name="user.script" value=""/>
    <property name="sun.management.compiler" value="HotSpot 64-Bit Tiered Compilers"/>
    <property name="java.runtime.version" value="15.0.1+9-18"/>
    <property name="user.name" value="Lenovo"/>
    <property name="path.separator" value=";"/>
    <property name="os.version" value="10.0"/>
    <property name="java.runtime.name" value="OpenJDK Runtime Environment"/>
    <property name="file.encoding" value="Cp1252"/>
    <property name="java.vm.name" value="OpenJDK 64-Bit Server VM"/>
    <property name="localRepository" value="C:\Users\Lenovo\.m2\repository"/>
    <property name="java.vendor.url.bug" value="https://bugreport.java.com/bugreport/"/>
    <property name="java.io.tmpdir" value="C:\Users\Lenovo\AppData\Local\Temp\"/>
    <property name="idea.version" value="2020.3.2"/>
    <property name="java.version" value="15.0.1"/>
    <property name="user.dir" value="C:\Users\Lenovo\OneDrive\Documents\Automation Book\Framework"/>
    <property name="os.arch" value="amd64"/>
    <property name="java.vm.specification.name" value="Java Virtual Machine Specification"/>
    <property name="sun.os.patch.level" value=""/>
    <property name="java.library.path" value="C:\Users\Lenovo\.jdks\openjdk-15.0.1\bin;C:\Windows\Sun\Java\bin;C:\Windows\system32;C:\Windows;C:\Program Files\Common Files\Oracle\Java\javapath;C:\Program Files (x86)\Common Files\Oracle\Java\javapath;C:\Windows\system32;C:\Windows;C:\Windows\System32\Wbem;C:\Windows\System32\WindowsPowerShell\v1.0\;C:\Windows\System32\OpenSSH\;C:\Program Files\nodejs\;C:\Program Files (x86)\Java\jre1.8.0_271\bin;C:\Users\Lenovo\AppData\Local\Android\Sdk\platform-tools;C:\Users\Lenovo\AppData\Local\Android\Sdk\tools;C:\Users\Lenovo\AppData\Local\Android\Sdk\tools\bin;C:\Users\Lenovo\OneDrive\Documents\Automation Book\apache-maven-3.6.3\bin;C:\Users\Lenovo\AppData\Local\Microsoft\WindowsApps;C:\Users\Lenovo\AppData\Roaming\npm;."/>
    <property name="java.vm.info" value="mixed mode, sharing"/>
    <property name="java.vendor" value="Oracle Corporation"/>
    <property name="java.vm.version" value="15.0.1+9-18"/>
    <property name="sun.io.unicode.encoding" value="UnicodeLittle"/>
    <property name="java.class.version" value="59.0"/>
  </properties>
  <testcase name="setUpClass[Android, emulator-5556, emulator-5556, 10001, 11001, iOS, iOS](0)" classname="com.qa.runner.MyTestNGRunnerTest" time="17.326">
    <failure message="Unable to create a new remote session. Please check the server log for more details. Original error: An unknown server-side error occurred while processing the command. Original error: Device emulator-5556 was not in the list of connected devices&#10;Build info: version: &apos;3.141.59&apos;, revision: &apos;e82be7d358&apos;, time: &apos;2018-11-14T08:17:03&apos;&#10;System info: host: &apos;DESKTOP-BR73BTL&apos;, ip: &apos;192.168.1.155&apos;, os.name: &apos;Windows 10&apos;, os.arch: &apos;amd64&apos;, os.version: &apos;10.0&apos;, java.version: &apos;15.0.1&apos;&#10;Driver info: driver.version: AndroidDriver&#10;remote stacktrace: UnknownError: An unknown server-side error occurred while processing the command. Original error: Device emulator-5556 was not in the list of connected devices&#10;    at getResponseForW3CError (C:\Users\Lenovo\AppData\Roaming\npm\node_modules\appium\node_modules\appium-base-driver\lib\protocol\errors.js:804:9)&#10;    at asyncHandler (C:\Users\Lenovo\AppData\Roaming\npm\node_modules\appium\node_modules\appium-base-driver\lib\protocol\protocol.js:384:37)&#10;Build info: version: &apos;3.141.59&apos;, revision: &apos;e82be7d358&apos;, time: &apos;2018-11-14T08:17:03&apos;&#10;System info: host: &apos;DESKTOP-BR73BTL&apos;, ip: &apos;192.168.1.155&apos;, os.name: &apos;Windows 10&apos;, os.arch: &apos;amd64&apos;, os.version: &apos;10.0&apos;, java.version: &apos;15.0.1&apos;&#10;Driver info: driver.version: AndroidDriver" type="org.openqa.selenium.SessionNotCreatedException"><![CDATA[org.openqa.selenium.SessionNotCreatedException: 
Unable to create a new remote session. Please check the server log for more details. Original error: An unknown server-side error occurred while processing the command. Original error: Device emulator-5556 was not in the list of connected devices
Build info: version: '3.141.59', revision: 'e82be7d358', time: '2018-11-14T08:17:03'
System info: host: 'DESKTOP-BR73BTL', ip: '192.168.1.155', os.name: 'Windows 10', os.arch: 'amd64', os.version: '10.0', java.version: '15.0.1'
Driver info: driver.version: AndroidDriver
remote stacktrace: UnknownError: An unknown server-side error occurred while processing the command. Original error: Device emulator-5556 was not in the list of connected devices
    at getResponseForW3CError (C:\Users\Lenovo\AppData\Roaming\npm\node_modules\appium\node_modules\appium-base-driver\lib\protocol\errors.js:804:9)
    at asyncHandler (C:\Users\Lenovo\AppData\Roaming\npm\node_modules\appium\node_modules\appium-base-driver\lib\protocol\protocol.js:384:37)
Build info: version: '3.141.59', revision: 'e82be7d358', time: '2018-11-14T08:17:03'
System info: host: 'DESKTOP-BR73BTL', ip: '192.168.1.155', os.name: 'Windows 10', os.arch: 'amd64', os.version: '10.0', java.version: '15.0.1'
Driver info: driver.version: AndroidDriver
Caused by: java.lang.reflect.InvocationTargetException
Caused by: org.openqa.selenium.WebDriverException: 
An unknown server-side error occurred while processing the command. Original error: Device emulator-5556 was not in the list of connected devices
Build info: version: '3.141.59', revision: 'e82be7d358', time: '2018-11-14T08:17:03'
System info: host: 'DESKTOP-BR73BTL', ip: '192.168.1.155', os.name: 'Windows 10', os.arch: 'amd64', os.version: '10.0', java.version: '15.0.1'
Driver info: driver.version: AndroidDriver
remote stacktrace: UnknownError: An unknown server-side error occurred while processing the command. Original error: Device emulator-5556 was not in the list of connected devices
    at getResponseForW3CError (C:\Users\Lenovo\AppData\Roaming\npm\node_modules\appium\node_modules\appium-base-driver\lib\protocol\errors.js:804:9)
    at asyncHandler (C:\Users\Lenovo\AppData\Roaming\npm\node_modules\appium\node_modules\appium-base-driver\lib\protocol\protocol.js:384:37)
]]></failure>
    <system-out><![CDATA[[TestNGContentHandler] [WARN] It is strongly recommended to add "<!DOCTYPE suite SYSTEM "https://testng.org/testng-1.0.dtd" >" at the top of your file, otherwise TestNG may fail or not work as expected.
[INFO ] 2021-02-22 21:40:16.166 com.qa.utils.ServerManager:21 - starting appium server
&amp#27;[35m[Appium]&amp#27;[39m Welcome to Appium v1.19.1
&amp#27;[35m[Appium]&amp#27;[39m Non-default server args:
&amp#27;[35m[Appium]&amp#27;[39m   port: 21402
&amp#27;[35m[Appium]&amp#27;[39m   sessionOverride: true
&amp#27;[35m[Appium]&amp#27;[39m   logFile: C:\Users\Lenovo\OneDrive\Documents\Automation Book\Framework\Android_emulator-5556\Server.log
&amp#27;[35m[Appium]&amp#27;[39m Appium REST http interface listener started on 0.0.0.0:21402
&amp#27;[35m[HTTP]&amp#27;[39m &amp#27;[37m-->&amp#27;[39m &amp#27;[37mGET&amp#27;[39m &amp#27;[37m/wd/hub/status&amp#27;[39m
&amp#27;[35m[HTTP]&amp#27;[39m &amp#27;[90m{}&amp#27;[39m
[debug] &amp#27;[35m[GENERIC]&amp#27;[39m Calling AppiumDriver.getStatus() with args: []
[debug] &amp#27;[35m[GENERIC]&amp#27;[39m Responding to client with driver.getStatus() result: {"build":{"version":"1.19.1"}}
&amp#27;[35m[HTTP]&amp#27;[39m &amp#27;[37m<-- GET /wd/hub/status &amp#27;[39m&amp#27;[32m200&amp#27;[39m &amp#27;[90m29 ms - 68&amp#27;[39m
&amp#27;[35m[HTTP]&amp#27;[39m &amp#27;[90m&amp#27;[39m
&amp#27;[35m[HTTP]&amp#27;[39m &amp#27;[37m-->&amp#27;[39m &amp#27;[37mGET&amp#27;[39m &amp#27;[37m/wd/hub/status&amp#27;[39m
&amp#27;[35m[HTTP]&amp#27;[39m &amp#27;[90m{}&amp#27;[39m
[debug] &amp#27;[35m[GENERIC]&amp#27;[39m Calling AppiumDriver.getStatus() with args: []
[debug] &amp#27;[35m[GENERIC]&amp#27;[39m Responding to client with driver.getStatus() result: {"build":{"version":"1.19.1"}}
&amp#27;[35m[HTTP]&amp#27;[39m &amp#27;[37m<-- GET /wd/hub/status &amp#27;[39m&amp#27;[32m200&amp#27;[39m &amp#27;[90m7 ms - 68&amp#27;[39m
[INFO ] 2021-02-22 21:40:24.244 com.qa.utils.ServerManager:30 - Appium server started
&amp#27;[35m[HTTP]&amp#27;[39m &amp#27;[90m&amp#27;[39m
[INFO ] 2021-02-22 21:40:24.419 com.qa.utils.DriverManager:29 - initializing Appium driver
Android Block======================
[INFO ] 2021-02-22 21:40:24.516 com.qa.utils.PropertyManager:18 - loading config properties
[INFO ] 2021-02-22 21:40:24.520 com.qa.utils.CapabilitiesManager:18 - getting capabilities
&amp#27;[35m[Appium]&amp#27;[39m Welcome to Appium v1.19.1
&amp#27;[35m[Appium]&amp#27;[39m Non-default server args:
&amp#27;[35m[Appium]&amp#27;[39m   port: 44526
&amp#27;[35m[Appium]&amp#27;[39m   sessionOverride: true
&amp#27;[35m[Appium]&amp#27;[39m   logFile: C:\Users\Lenovo\OneDrive\Documents\Automation Book\Framework\Android_Chandan One+5\Server.log
&amp#27;[35m[Appium]&amp#27;[39m Appium REST http interface listener started on 0.0.0.0:44526
&amp#27;[35m[HTTP]&amp#27;[39m &amp#27;[37m-->&amp#27;[39m &amp#27;[37mGET&amp#27;[39m &amp#27;[37m/wd/hub/status&amp#27;[39m
&amp#27;[35m[HTTP]&amp#27;[39m &amp#27;[90m{}&amp#27;[39m
[debug] &amp#27;[35m[GENERIC]&amp#27;[39m Calling AppiumDriver.getStatus() with args: []
[debug] &amp#27;[35m[GENERIC]&amp#27;[39m Responding to client with driver.getStatus() result: {"build":{"version":"1.19.1"}}
&amp#27;[35m[HTTP]&amp#27;[39m &amp#27;[37m<-- GET /wd/hub/status &amp#27;[39m&amp#27;[32m200&amp#27;[39m &amp#27;[90m25 ms - 68&amp#27;[39m
&amp#27;[35m[HTTP]&amp#27;[39m &amp#27;[90m&amp#27;[39m
&amp#27;[35m[HTTP]&amp#27;[39m &amp#27;[37m-->&amp#27;[39m &amp#27;[37mGET&amp#27;[39m &amp#27;[37m/wd/hub/status&amp#27;[39m
&amp#27;[35m[HTTP]&amp#27;[39m &amp#27;[90m{}&amp#27;[39m
[debug] &amp#27;[35m[GENERIC]&amp#27;[39m Calling AppiumDriver.getStatus() with args: []
[debug] &amp#27;[35m[GENERIC]&amp#27;[39m Responding to client with driver.getStatus() result: {"build":{"version":"1.19.1"}}
[INFO ] 2021-02-22 21:40:25.677 com.qa.utils.ServerManager:30 - Appium server started
&amp#27;[35m[HTTP]&amp#27;[39m &amp#27;[37m<[INFO ] 2021-02-22 21:40:25.681 com.qa.utils.DriverManager:29 - initializing Appium driver
-- GET /wd/hub/status &amp#27;[39m&amp#27;[32m200Android Block======================
&amp#27;[39m &amp#27;[90m17 ms - 68&amp#27;[39m
[INFO ] 2021-02-22 21:40:25.683 com.qa.utils.CapabilitiesManager:18 - getting capabilities
&amp#27;[35m[HTTP]&amp#27;[39m &amp#27;[90m&amp#27;[39m
&amp#27;[35m[HTTP]&amp#27;[39m &amp#27;[37m-->&amp#27;[39m &amp#27;[37mPOST&amp#27;[39m &amp#27;[37m/wd/hub/session&amp#27;[39m
&amp#27;[35m[HTTP]&amp#27;[39m &amp#27;[90m{"desiredCapabilities":{"appActivity":"com.swaglabsmobileapp.SplashActivity","appPackage":"com.swaglabsmobileapp","automationName":"UiAutomator2","platformName":"Android","udid":"emulator-5556","deviceName":"emulator-5556","systemPort":"10001"},"capabilities":{"firstMatch":[{"appium:appActivity":"com.swaglabsmobileapp.SplashActivity","appium:appPackage":"com.swaglabsmobileapp","appium:automationName":"UiAutomator2","appium:deviceName":"emulator-5556","platformName":"android","appium:systemPort":"10001","appium:udid":"emulator-5556"}]}}&amp#27;[39m
[debug] &amp#27;[35m[W3C]&amp#27;[39m Calling AppiumDriver.createSession() with args: [{"appActivity":"com.swaglabsmobileapp.SplashActivity","appPackage":"com.swaglabsmobileapp","automationName":"UiAutomator2","platformName":"Android","udid":"emulator-5556","deviceName":"emulator-5556","systemPort":"10001"},null,{"firstMatch":[{"appium:appActivity":"com.swaglabsmobileapp.SplashActivity","appium:appPackage":"com.swaglabsmobileapp","appium:automationName":"UiAutomator2","appium:deviceName":"emulator-5556","platformName":"android","appium:systemPort":"10001","appium:udid":"emulator-5556"}]}]
[debug] &amp#27;[35m[BaseDriver]&amp#27;[39m Event 'newSessionRequested' logged at 1614010226341 (21:40:26 GMT+0530 (India Standard Time))
&amp#27;[35m[HTTP]&amp#27;[39m &amp#27;[37m-->&amp#27;[39m &amp#27;[37mPOST&amp#27;[39m &amp#27;[37m/wd/hub/session&amp#27;[39m
&amp#27;[35m[HTTP]&amp#27;[39m &amp#27;[90m{"desiredCapabilities":{"appActivity":"com.swaglabsmobileapp.SplashActivity","appPackage":"com.swaglabsmobileapp","automationName":"UiAutomator2","platformName":"Android","udid":"730cc295","deviceName":"Chandan One+5","systemPort":"10000"},"capabilities":{"firstMatch":[{"appium:appActivity":"com.swaglabsmobileapp.SplashActivity","appium:appPackage":"com.swaglabsmobileapp","appium:automationName":"UiAutomator2","appium:deviceName":"Chandan One+5","platformName":"android","appium:systemPort":"10000","appium:udid":"730cc295"}]}}&amp#27;[39m
[debug] &amp#27;[35m[W3C]&amp#27;[39m Calling AppiumDriver.createSession() with args: [{"appActivity":"com.swaglabsmobileapp.SplashActivity","appPackage":"com.swaglabsmobileapp","automationName":"UiAutomator2","platformName":"Android","udid":"730cc295","deviceName":"Chandan One+5","systemPort":"10000"},null,{"firstMatch":[{"appium:appActivity":"com.swaglabsmobileapp.SplashActivity","appium:appPackage":"com.swaglabsmobileapp","appium:automationName":"UiAutomator2","appium:deviceName":"Chandan One+5","platformName":"android","appium:systemPort":"10000","appium:udid":"730cc295"}]}]
[debug] &amp#27;[35m[BaseDriver]&amp#27;[39m Event 'newSessionRequested' logged at 1614010226409 (21:40:26 GMT+0530 (India Standard Time))
&amp#27;[35m[Appium]&amp#27;[39m Appium v1.19.1 creating new AndroidUiautomator2Driver (v1.59.0) session
[debug] &amp#27;[35m[Appium]&amp#27;[39m There are no active sessions for cleanup
&amp#27;[35m[Appium]&amp#27;[39m Appium v1.19.1 creating new AndroidUiautomator2Driver (v1.59.0) session
[debug] &amp#27;[35m[Appium]&amp#27;[39m There are no active sessions for cleanup
[debug] &amp#27;[35m[BaseDriver]&amp#27;[39m W3C capabilities and MJSONWP desired capabilities were provided
[debug] &amp#27;[35m[BaseDriver]&amp#27;[39m Creating session with W3C capabilities: {
[debug] &amp#27;[35m[BaseDriver]&amp#27;[39m W3C capabilities and MJSONWP desired capabilities were provided
[debug] &amp#27;[35m[BaseDriver]&amp#27;[39m Creating session with W3C capabilities: {
[debug] &amp#27;[35m[BaseDriver]&amp#27;[39m   "alwaysMatch": {
[debug] &amp#27;[35m[BaseDriver]&amp#27;[39m     "platformName": "android",
[debug] &amp#27;[35m[BaseDriver]&amp#27;[39m     "appium:appActivity": "com.swaglabsmobileapp.SplashActivity",
[debug] &amp#27;[35m[BaseDriver]&amp#27;[39m     "appium:appPackage": "com.swaglabsmobileapp",
[debug] &amp#27;[35m[BaseDriver]&amp#27;[39m     "appium:automationName": "UiAutomator2",
[debug] &amp#27;[35m[BaseDriver]&amp#27;[39m     "appium:deviceName": "emulator-5556",
[debug] &amp#27;[35m[BaseDriver]&amp#27;[39m     "appium:systemPort": "10001",
[debug] &amp#27;[35m[BaseDriver]&amp#27;[39m     "appium:udid": "emulator-5556"
[debug] &amp#27;[35m[BaseDriver]&amp#27;[39m   },
[debug] &amp#27;[35m[BaseDriver]&amp#27;[39m   "firstMatch": [
[debug] &amp#27;[35m[BaseDriver]&amp#27;[39m     {}
[debug] &amp#27;[35m[BaseDriver]&amp#27;[39m   ]
[debug] &amp#27;[35m[BaseDriver]&amp#27;[39m }
&amp#27;[35m[BaseDriver]&amp#27;[39m Number capability passed in as string. Functionality may be compromised.
[debug] &amp#27;[35m[BaseDriver]&amp#27;[39m   "alwaysMatch": {
[debug] &amp#27;[35m[BaseDriver]&amp#27;[39m     "platformName": "android",
[debug] &amp#27;[35m[BaseDriver]&amp#27;[39m     "appium:appActivity": "com.swaglabsmobileapp.SplashActivity",
[debug] &amp#27;[35m[BaseDriver]&amp#27;[39m     "appium:appPackage": "com.swaglabsmobileapp",
&amp#27;[35m[BaseDriver]&amp#27;[39m Capability 'systemPort' changed from string ('10001') to integer (10001). This may cause unexpected behavior
[debug] &amp#27;[35m[BaseDriver]&amp#27;[39m     "appium:automationName": "UiAutomator2",
[debug] &amp#27;[35m[BaseDriver]&amp#27;[39m     "appium:deviceName": "Chandan One+5",
[debug] &amp#27;[35m[BaseDriver]&amp#27;[39m     "appium:systemPort": "10000",
[debug] &amp#27;[35m[BaseDriver]&amp#27;[39m     "appium:udid": "730cc295"
[debug] &amp#27;[35m[BaseDriver]&amp#27;[39m   },
[debug] &amp#27;[35m[BaseDriver]&amp#27;[39m   "firstMatch": [
&amp#27;[35m[BaseDriver]&amp#27;[39m Session created with session id: 14e8007c-f9ec-4fdd-91fb-b1f0d9735242
&amp#27;[35m[UiAutomator2]&amp#27;[39m Starting 'com.swaglabsmobileapp' directly on the device
[debug] &amp#27;[35m[BaseDriver]&amp#27;[39m     {}
[debug] &amp#27;[35m[BaseDriver]&amp#27;[39m   ]
[debug] &amp#27;[35m[BaseDriver]&amp#27;[39m }
&amp#27;[35m[BaseDriver]&amp#27;[39m Number capability passed in as string. Functionality may be compromised.
&amp#27;[35m[BaseDriver]&amp#27;[39m Capability 'systemPort' changed from string ('10000') to integer (10000). This may cause unexpected behavior
&amp#27;[35m[BaseDriver]&amp#27;[39m Session created with session id: 116c4772-8729-4f01-aed2-445c0b0efadd
&amp#27;[35m[UiAutomator2]&amp#27;[39m Starting 'com.swaglabsmobileapp' directly on the device
&amp#27;[35m[ADB]&amp#27;[39m Found 2 'build-tools' folders under 'C:\Users\Lenovo\AppData\Local\Android\Sdk' (newest first):
&amp#27;[35m[ADB]&amp#27;[39m     C:/Users/Lenovo/AppData/Local/Android/Sdk/build-tools/30.0.3
&amp#27;[35m[ADB]&amp#27;[39m     C:/Users/Lenovo/AppData/Local/Android/Sdk/build-tools/30.0.2
&amp#27;[35m[ADB]&amp#27;[39m Using 'adb.exe' from 'C:\Users\Lenovo\AppData\Local\Android\Sdk\platform-tools\adb.exe'
[debug] &amp#27;[35m[ADB]&amp#27;[39m Running 'C:\Users\Lenovo\AppData\Local\Android\Sdk\platform-tools\adb.exe -P 5037 start-server'
&amp#27;[35m[ADB]&amp#27;[39m Found 2 'build-tools' folders under 'C:\Users\Lenovo\AppData\Local\Android\Sdk' (newest first):
&amp#27;[35m[ADB]&amp#27;[39m     C:/Users/Lenovo/AppData/Local/Android/Sdk/build-tools/30.0.3
&amp#27;[35m[ADB]&amp#27;[39m     C:/Users/Lenovo/AppData/Local/Android/Sdk/build-tools/30.0.2
&amp#27;[35m[ADB]&amp#27;[39m Using 'adb.exe' from 'C:\Users\Lenovo\AppData\Local\Android\Sdk\platform-tools\adb.exe'
[debug] &amp#27;[35m[ADB]&amp#27;[39m Running 'C:\Users\Lenovo\AppData\Local\Android\Sdk\platform-tools\adb.exe -P 5037 start-server'
&amp#27;[35m[AndroidDriver]&amp#27;[39m Retrieving device list
[debug] &amp#27;[35m[ADB]&amp#27;[39m Trying to find a connected android device
[debug] &amp#27;[35m[ADB]&amp#27;[39m Getting connected devices
&amp#27;[35m[AndroidDriver]&amp#27;[39m Retrieving device list
[debug] &amp#27;[35m[ADB]&amp#27;[39m Trying to find a connected android device
[debug] &amp#27;[35m[ADB]&amp#27;[39m Getting connected devices
[debug] &amp#27;[35m[ADB]&amp#27;[39m Connected devices: [{"udid":"730cc295","state":"device"},{"udid":"emulator-5554","state":"device"}]
&amp#27;[35m[AndroidDriver]&amp#27;[39m Using device: 730cc295
&amp#27;[35m[ADB]&amp#27;[39m Using 'adb.exe' from 'C:\Users\Lenovo\AppData\Local\Android\Sdk\platform-tools\adb.exe'
[debug] &amp#27;[35m[ADB]&amp#27;[39m Running 'C:\Users\Lenovo\AppData\Local\Android\Sdk\platform-tools\adb.exe -P 5037 start-server'
[debug] &amp#27;[35m[ADB]&amp#27;[39m Connected devices: [{"udid":"730cc295","state":"device"},{"udid":"emulator-5554","state":"device"}]
&amp#27;[35m[AndroidDriver]&amp#27;[39m Device emulator-5556 was not in the list of connected devices
[debug] &amp#27;[35m[UiAutomator2]&amp#27;[39m Deleting UiAutomator2 session
[debug] &amp#27;[35m[BaseDriver]&amp#27;[39m Event 'newSessionStarted' logged at 1614010229700 (21:40:29 GMT+0530 (India Standard Time))
[debug] &amp#27;[35m[ADB]&amp#27;[39m Setting device id to 730cc295
[debug] &amp#27;[35m[ADB]&amp#27;[39m Running 'C:\Users\Lenovo\AppData\Local\Android\Sdk\platform-tools\adb.exe -P 5037 -s 730cc295 shell getprop ro.build.version.sdk'
[debug] &amp#27;[35m[ADB]&amp#27;[39m Current device property 'ro.build.version.sdk': 29
&amp#27;[35m[ADB]&amp#27;[39m Getting device platform version
[debug] &amp#27;[35m[ADB]&amp#27;[39m Running 'C:\Users\Lenovo\AppData\Local\Android\Sdk\platform-tools\adb.exe -P 5037 -s 730cc295 shell getprop ro.build.version.release'
[debug] &amp#27;[35m[W3C]&amp#27;[39m Encountered internal error running command: Error: Device emulator-5556 was not in the list of connected devices
[debug] &amp#27;[35m[W3C]&amp#27;[39m     at Object.errorAndThrow (C:\Users\Lenovo\AppData\Roaming\npm\node_modules\appium\node_modules\appium-support\lib\logging.js:94:35)
[debug] &amp#27;[35m[W3C]&amp#27;[39m     at Object.getDeviceInfoFromCaps (C:\Users\Lenovo\AppData\Roaming\npm\node_modules\appium\node_modules\appium-android-driver\lib\android-helpers.js:210:16)
[debug] &amp#27;[35m[W3C]&amp#27;[39m     at AndroidUiautomator2Driver.startUiAutomator2Session (C:\Users\Lenovo\AppData\Roaming\npm\node_modules\appium\node_modules\appium-uiautomator2-driver\lib\driver.js:327:26)
[debug] &amp#27;[35m[W3C]&amp#27;[39m     at AndroidUiautomator2Driver.createSession (C:\Users\Lenovo\AppData\Roaming\npm\node_modules\appium\node_modules\appium-uiautomator2-driver\lib\driver.js:224:7)
[debug] &amp#27;[35m[W3C]&amp#27;[39m     at AppiumDriver.createSession (C:\Users\Lenovo\AppData\Roaming\npm\node_modules\appium\lib\appium.js:366:35)
[debug] &amp#27;[35m[W3C]&amp#27;[39m Destroying socket connection
&amp#27;[35m[HTTP]&amp#27;[39m &amp#27;[37m<-- POST /wd/hub/session &amp#27;[39m&amp#27;[31m500&amp#27;[39m &amp#27;[90m3807 ms - 685&amp#27;[39m
&amp#27;[35m[HTTP]&amp#27;[39m &amp#27;[90m&amp#27;[39m
]]></system-out>
    <system-err><![CDATA[SLF4J: Failed to load class "org.slf4j.impl.StaticLoggerBinder".
SLF4J: Defaulting to no-operation (NOP) logger implementation
SLF4J: See http://www.slf4j.org/codes.html#StaticLoggerBinder for further details.
]]></system-err>
  </testcase>
  <testcase name="scenario" classname="com.qa.runner.MyTestNGRunnerTest" time="0">
    <skipped message="java.lang.NullPointerException: Cannot invoke &quot;io.cucumber.testng.TestNGCucumberRunner.provideScenarios()&quot; because the return value of &quot;com.qa.runner.RunnerBase.getRunner()&quot; is null"/>
    <system-err><![CDATA[[Utils] [ERROR] [Error] java.lang.NullPointerException: Cannot invoke &quot;io.cucumber.testng.TestNGCucumberRunner.provideScenarios()&quot; because the return value of &quot;com.qa.runner.RunnerBase.getRunner()&quot; is null
	at com.qa.runner.RunnerBase.scenarios(RunnerBase.java:62)
	at java.base/jdk.internal.reflect.NativeMethodAccessorImpl.invoke0(Native Method)
	at java.base/jdk.internal.reflect.NativeMethodAccessorImpl.invoke(NativeMethodAccessorImpl.java:64)
	at java.base/jdk.internal.reflect.DelegatingMethodAccessorImpl.invoke(DelegatingMethodAccessorImpl.java:43)
	at java.base/java.lang.reflect.Method.invoke(Method.java:564)
	at org.testng.internal.MethodInvocationHelper.invokeMethod(MethodInvocationHelper.java:132)
	at org.testng.internal.MethodInvocationHelper.invokeMethod(MethodInvocationHelper.java:76)
	at org.testng.internal.MethodInvocationHelper.invokeMethodNoCheckedException(MethodInvocationHelper.java:45)
	at org.testng.internal.MethodInvocationHelper.invokeDataProvider(MethodInvocationHelper.java:145)
	at org.testng.internal.Parameters.handleParameters(Parameters.java:797)
	at org.testng.internal.Parameters.handleParameters(Parameters.java:740)
	at org.testng.internal.ParameterHandler.handleParameters(ParameterHandler.java:59)
	at org.testng.internal.ParameterHandler.createParameters(ParameterHandler.java:38)
	at org.testng.internal.TestInvoker$MethodInvocationAgent.invoke(TestInvoker.java:789)
	at org.testng.internal.TestInvoker.invokeTestMethods(TestInvoker.java:147)
	at org.testng.internal.TestMethodWorker.invokeTestMethods(TestMethodWorker.java:146)
	at org.testng.internal.TestMethodWorker.run(TestMethodWorker.java:128)
	at java.base/java.util.ArrayList.forEach(ArrayList.java:1511)
	at org.testng.TestRunner.privateRun(TestRunner.java:764)
	at org.testng.TestRunner.run(TestRunner.java:585)
	at org.testng.SuiteRunner.runTest(SuiteRunner.java:384)
	at org.testng.SuiteRunner.access$000(SuiteRunner.java:28)
	at org.testng.SuiteRunner$SuiteWorker.run(SuiteRunner.java:425)
	at org.testng.internal.thread.ThreadUtil.lambda$execute$0(ThreadUtil.java:66)
	at java.base/java.util.concurrent.FutureTask.run(FutureTask.java:264)
	at java.base/java.util.concurrent.ThreadPoolExecutor.runWorker(ThreadPoolExecutor.java:1130)
	at java.base/java.util.concurrent.ThreadPoolExecutor$Worker.run(ThreadPoolExecutor.java:630)
	at java.base/java.lang.Thread.run(Thread.java:832)

]]></system-err>
  </testcase>
  <testcase name="tearDownClass" classname="com.qa.runner.MyTestNGRunnerTest" time="17.45">
    <failure message="Cannot invoke &quot;io.cucumber.testng.TestNGCucumberRunner.finish()&quot; because the return value of &quot;com.qa.runner.RunnerBase.getRunner()&quot; is null" type="java.lang.NullPointerException"><![CDATA[java.lang.NullPointerException: Cannot invoke "io.cucumber.testng.TestNGCucumberRunner.finish()" because the return value of "com.qa.runner.RunnerBase.getRunner()" is null
]]></failure>
  </testcase>
  <testcase name="scenario[&quot;Login with invalid user name&quot;, &quot;Optional[Login scenario]&quot;](1)" classname="com.qa.runner.MyonePlusTestNGRunnerTest" time="11.078">
    <system-out><![CDATA[[debug] &amp#27;[35m[ADB]&amp#27;[39m Current device property 'ro.build.version.release': 10
[debug] &amp#27;[35m[ADB]&amp#27;[39m Device API level: 29
&amp#27;[35m[UiAutomator2]&amp#27;[39m Relaxing hidden api policy
[debug] &amp#27;[35m[ADB]&amp#27;[39m Running 'C:\Users\Lenovo\AppData\Local\Android\Sdk\platform-tools\adb.exe -P 5037 -s 730cc295 shell 'settings put global hidden_api_policy_pre_p_apps 1;settings put global hidden_api_policy_p_apps 1;settings put global hidden_api_policy 1''
&amp#27;[35m[AndroidDriver]&amp#27;[39m No app sent in, not parsing package/activity
[debug] &amp#27;[35m[ADB]&amp#27;[39m Running 'C:\Users\Lenovo\AppData\Local\Android\Sdk\platform-tools\adb.exe -P 5037 -s 730cc295 wait-for-device'
[debug] &amp#27;[35m[ADB]&amp#27;[39m Running 'C:\Users\Lenovo\AppData\Local\Android\Sdk\platform-tools\adb.exe -P 5037 -s 730cc295 shell echo ping'
[debug] &amp#27;[35m[AndroidDriver]&amp#27;[39m Pushing settings apk to device...
[debug] &amp#27;[35m[ADB]&amp#27;[39m Getting install status for io.appium.settings
[debug] &amp#27;[35m[ADB]&amp#27;[39m Running 'C:\Users\Lenovo\AppData\Local\Android\Sdk\platform-tools\adb.exe -P 5037 -s 730cc295 shell dumpsys package io.appium.settings'
[debug] &amp#27;[35m[ADB]&amp#27;[39m 'io.appium.settings' is installed
[debug] &amp#27;[35m[ADB]&amp#27;[39m Getting package info for 'io.appium.settings'
[debug] &amp#27;[35m[ADB]&amp#27;[39m Running 'C:\Users\Lenovo\AppData\Local\Android\Sdk\platform-tools\adb.exe -P 5037 -s 730cc295 shell dumpsys package io.appium.settings'
[debug] &amp#27;[35m[ADB]&amp#27;[39m The version name of the installed 'io.appium.settings' is greater or equal to the application version name ('3.2.1' >= '3.2.1')
[debug] &amp#27;[35m[ADB]&amp#27;[39m There is no need to install/upgrade 'C:\Users\Lenovo\AppData\Roaming\npm\node_modules\appium\node_modules\io.appium.settings\apks\settings_apk-debug.apk'
[debug] &amp#27;[35m[ADB]&amp#27;[39m Getting IDs of all 'io.appium.settings' processes
[debug] &amp#27;[35m[ADB]&amp#27;[39m Running 'C:\Users\Lenovo\AppData\Local\Android\Sdk\platform-tools\adb.exe -P 5037 -s 730cc295 shell 'pgrep --help; echo $?''
[debug] &amp#27;[35m[ADB]&amp#27;[39m Running 'C:\Users\Lenovo\AppData\Local\Android\Sdk\platform-tools\adb.exe -P 5037 -s 730cc295 shell pgrep -f \(\[\[:blank:\]\]\|\^\)io\.appium\.settings\(\[\[:blank:\]\]\|\$\)'
[debug] &amp#27;[35m[AndroidDriver]&amp#27;[39m io.appium.settings is already running. There is no need to reset its permissions.
[debug] &amp#27;[35m[ADB]&amp#27;[39m Running 'C:\Users\Lenovo\AppData\Local\Android\Sdk\platform-tools\adb.exe -P 5037 -s 730cc295 shell appops set io.appium.settings android:mock_location allow'
[debug] &amp#27;[35m[Logcat]&amp#27;[39m Starting logs capture with command: C:\\Users\\Lenovo\\AppData\\Local\\Android\\Sdk\\platform-tools\\adb.exe -P 5037 -s 730cc295 logcat -v threadtime
[debug] &amp#27;[35m[UiAutomator2]&amp#27;[39m Forwarding UiAutomator2 Server port 6790 to local port 10000
[debug] &amp#27;[35m[ADB]&amp#27;[39m Forwarding system: 10000 to device: 6790
[debug] &amp#27;[35m[ADB]&amp#27;[39m Running 'C:\Users\Lenovo\AppData\Local\Android\Sdk\platform-tools\adb.exe -P 5037 -s 730cc295 forward tcp:10000 tcp:6790'
[debug] &amp#27;[35m[ADB]&amp#27;[39m Getting install status for io.appium.uiautomator2.server
[debug] &amp#27;[35m[ADB]&amp#27;[39m Running 'C:\Users\Lenovo\AppData\Local\Android\Sdk\platform-tools\adb.exe -P 5037 -s 730cc295 shell dumpsys package io.appium.uiautomator2.server'
[debug] &amp#27;[35m[ADB]&amp#27;[39m 'io.appium.uiautomator2.server' is installed
[debug] &amp#27;[35m[ADB]&amp#27;[39m Getting package info for 'io.appium.uiautomator2.server'
[debug] &amp#27;[35m[ADB]&amp#27;[39m Running 'C:\Users\Lenovo\AppData\Local\Android\Sdk\platform-tools\adb.exe -P 5037 -s 730cc295 shell dumpsys package io.appium.uiautomator2.server'
[debug] &amp#27;[35m[ADB]&amp#27;[39m The version name of the installed 'io.appium.uiautomator2.server' is greater or equal to the application version name ('4.15.0' >= '4.15.0')
[debug] &amp#27;[35m[UiAutomator2]&amp#27;[39m io.appium.uiautomator2.server installation state: sameVersionInstalled
[debug] &amp#27;[35m[ADB]&amp#27;[39m Checking app cert for C:\Users\Lenovo\AppData\Roaming\npm\node_modules\appium\node_modules\appium-uiautomator2-server\apks\appium-uiautomator2-server-v4.15.0.apk
&amp#27;[35m[ADB]&amp#27;[39m Using 'apksigner.jar' from 'C:\Users\Lenovo\AppData\Local\Android\Sdk\build-tools\30.0.3\lib\apksigner.jar'
[debug] &amp#27;[35m[ADB]&amp#27;[39m Starting apksigner: 'C:\\Program Files (x86)\\Java\\jre1.8.0_271\\bin\\java.exe' -Xmx1024M -Xss1m -jar C:\\Users\\Lenovo\\AppData\\Local\\Android\\Sdk\\build-tools\\30.0.3\\lib\\apksigner.jar verify --print-certs C:\\Users\\Lenovo\\AppData\\Roaming\\npm\\node_modules\\appium\\node_modules\\appium-uiautomator2-server\\apks\\appium-uiautomator2-server-v4.15.0.apk
[debug] &amp#27;[35m[ADB]&amp#27;[39m apksigner stdout: Signer #1 certificate DN: EMAILADDRESS=android@android.com, CN=Android, OU=Android, O=Android, L=Mountain View, ST=California, C=US
[debug] &amp#27;[35m[ADB]&amp#27;[39m Signer #1 certificate SHA-256 digest: a40da80a59d170caa950cf15c18c454d47a39b26989d8b640ecd745ba71bf5dc
[debug] &amp#27;[35m[ADB]&amp#27;[39m Signer #1 certificate SHA-1 digest: 61ed377e85d386a8dfee6b864bd85b0bfaa5af81
[debug] &amp#27;[35m[ADB]&amp#27;[39m Signer #1 certificate MD5 digest: e89b158e4bcf988ebd09eb83f5378e87
[debug] &amp#27;[35m[ADB]&amp#27;[39m 
[debug] &amp#27;[35m[ADB]&amp#27;[39m sha256 hash did match for 'appium-uiautomator2-server-v4.15.0.apk'
&amp#27;[35m[ADB]&amp#27;[39m 'C:\Users\Lenovo\AppData\Roaming\npm\node_modules\appium\node_modules\appium-uiautomator2-server\apks\appium-uiautomator2-server-v4.15.0.apk' is signed with the default certificate
[debug] &amp#27;[35m[ADB]&amp#27;[39m Getting install status for io.appium.uiautomator2.server.test
[debug] &amp#27;[35m[ADB]&amp#27;[39m Running 'C:\Users\Lenovo\AppData\Local\Android\Sdk\platform-tools\adb.exe -P 5037 -s 730cc295 shell dumpsys package io.appium.uiautomator2.server.test'
[debug] &amp#27;[35m[ADB]&amp#27;[39m 'io.appium.uiautomator2.server.test' is installed
[debug] &amp#27;[35m[ADB]&amp#27;[39m Checking app cert for C:\Users\Lenovo\AppData\Roaming\npm\node_modules\appium\node_modules\appium-uiautomator2-server\apks\appium-uiautomator2-server-debug-androidTest.apk
[debug] &amp#27;[35m[ADB]&amp#27;[39m Starting apksigner: 'C:\\Program Files (x86)\\Java\\jre1.8.0_271\\bin\\java.exe' -Xmx1024M -Xss1m -jar C:\\Users\\Lenovo\\AppData\\Local\\Android\\Sdk\\build-tools\\30.0.3\\lib\\apksigner.jar verify --print-certs C:\\Users\\Lenovo\\AppData\\Roaming\\npm\\node_modules\\appium\\node_modules\\appium-uiautomator2-server\\apks\\appium-uiautomator2-server-debug-androidTest.apk
[debug] &amp#27;[35m[ADB]&amp#27;[39m apksigner stdout: Signer #1 certificate DN: EMAILADDRESS=android@android.com, CN=Android, OU=Android, O=Android, L=Mountain View, ST=California, C=US
[debug] &amp#27;[35m[ADB]&amp#27;[39m Signer #1 certificate SHA-256 digest: a40da80a59d170caa950cf15c18c454d47a39b26989d8b640ecd745ba71bf5dc
[debug] &amp#27;[35m[ADB]&amp#27;[39m Signer #1 certificate SHA-1 digest: 61ed377e85d386a8dfee6b864bd85b0bfaa5af81
[debug] &amp#27;[35m[ADB]&amp#27;[39m Signer #1 certificate MD5 digest: e89b158e4bcf988ebd09eb83f5378e87
[debug] &amp#27;[35m[ADB]&amp#27;[39m 
[debug] &amp#27;[35m[ADB]&amp#27;[39m sha256 hash did match for 'appium-uiautomator2-server-debug-androidTest.apk'
&amp#27;[35m[ADB]&amp#27;[39m 'C:\Users\Lenovo\AppData\Roaming\npm\node_modules\appium\node_modules\appium-uiautomator2-server\apks\appium-uiautomator2-server-debug-androidTest.apk' is signed with the default certificate
&amp#27;[35m[UiAutomator2]&amp#27;[39m Server packages are not going to be (re)installed
[debug] &amp#27;[35m[UiAutomator2]&amp#27;[39m Waiting up to 30000ms for services to be available
[debug] &amp#27;[35m[ADB]&amp#27;[39m Running 'C:\Users\Lenovo\AppData\Local\Android\Sdk\platform-tools\adb.exe -P 5037 -s 730cc295 shell pm list instrumentation'
[debug] &amp#27;[35m[UiAutomator2]&amp#27;[39m Instrumentation target 'io.appium.uiautomator2.server.test/androidx.test.runner.AndroidJUnitRunner' is available
[debug] &amp#27;[35m[UiAutomator2]&amp#27;[39m No app capability. Assuming it is already on the device
[debug] &amp#27;[35m[ADB]&amp#27;[39m Getting install status for com.swaglabsmobileapp
[debug] &amp#27;[35m[ADB]&amp#27;[39m Running 'C:\Users\Lenovo\AppData\Local\Android\Sdk\platform-tools\adb.exe -P 5037 -s 730cc295 shell dumpsys package com.swaglabsmobileapp'
[debug] &amp#27;[35m[ADB]&amp#27;[39m 'com.swaglabsmobileapp' is installed
[debug] &amp#27;[35m[ADB]&amp#27;[39m Running 'C:\Users\Lenovo\AppData\Local\Android\Sdk\platform-tools\adb.exe -P 5037 -s 730cc295 shell am force-stop com.swaglabsmobileapp'
[debug] &amp#27;[35m[ADB]&amp#27;[39m Running 'C:\Users\Lenovo\AppData\Local\Android\Sdk\platform-tools\adb.exe -P 5037 -s 730cc295 shell pm clear com.swaglabsmobileapp'
[debug] &amp#27;[35m[AndroidDriver]&amp#27;[39m Performed fast reset on the installed 'com.swaglabsmobileapp' application (stop and clear)
[debug] &amp#27;[35m[UiAutomator2]&amp#27;[39m Performing shallow cleanup of automation leftovers
[debug] &amp#27;[35m[UiAutomator2]&amp#27;[39m No obsolete sessions have been detected (socket hang up)
[debug] &amp#27;[35m[ADB]&amp#27;[39m Running 'C:\Users\Lenovo\AppData\Local\Android\Sdk\platform-tools\adb.exe -P 5037 -s 730cc295 shell am force-stop io.appium.uiautomator2.server.test'
&amp#27;[35m[UiAutomator2]&amp#27;[39m Starting UIAutomator2 server 4.15.0
&amp#27;[35m[UiAutomator2]&amp#27;[39m Using UIAutomator2 server from 'C:\Users\Lenovo\AppData\Roaming\npm\node_modules\appium\node_modules\appium-uiautomator2-server\apks\appium-uiautomator2-server-v4.15.0.apk' and test from 'C:\Users\Lenovo\AppData\Roaming\npm\node_modules\appium\node_modules\appium-uiautomator2-server\apks\appium-uiautomator2-server-debug-androidTest.apk'
&amp#27;[35m[UiAutomator2]&amp#27;[39m Waiting up to 30000ms for UiAutomator2 to be online...
[debug] &amp#27;[35m[ADB]&amp#27;[39m Creating ADB subprocess with args: ["-P",5037,"-s","730cc295","shell","am","instrument","-w","io.appium.uiautomator2.server.test/androidx.test.runner.AndroidJUnitRunner"]
[debug] &amp#27;[35m[WD Proxy]&amp#27;[39m Matched '/status' to command name 'getStatus'
[debug] &amp#27;[35m[WD Proxy]&amp#27;[39m Proxying [GET /status] to [GET http://127.0.0.1:10000/wd/hub/status] with no body
&amp#27;[35m[WD Proxy]&amp#27;[39m socket hang up
[debug] &amp#27;[35m[Instrumentation]&amp#27;[39m io.appium.uiautomator2.server.test.AppiumUiAutomator2Server:
[debug] &amp#27;[35m[WD Proxy]&amp#27;[39m Matched '/status' to command name 'getStatus'
[debug] &amp#27;[35m[WD Proxy]&amp#27;[39m Proxying [GET /status] to [GET http://127.0.0.1:10000/wd/hub/status] with no body
&amp#27;[35m[WD Proxy]&amp#27;[39m socket hang up
[debug] &amp#27;[35m[WD Proxy]&amp#27;[39m Matched '/status' to command name 'getStatus'
[debug] &amp#27;[35m[WD Proxy]&amp#27;[39m Proxying [GET /status] to [GET http://127.0.0.1:10000/wd/hub/status] with no body
[debug] &amp#27;[35m[WD Proxy]&amp#27;[39m Got response with status 200: {"sessionId":"None","value":{"message":"UiAutomator2 Server is ready to accept commands","ready":true}}
[debug] &amp#27;[35m[UiAutomator2]&amp#27;[39m The initialization of the instrumentation process took 3176ms
[debug] &amp#27;[35m[WD Proxy]&amp#27;[39m Matched '/session' to command name 'createSession'
[debug] &amp#27;[35m[WD Proxy]&amp#27;[39m Proxying [POST /session] to [POST http://127.0.0.1:10000/wd/hub/session] with body: {"capabilities":{"firstMatch":[{"platform":"LINUX","webStorageEnabled":false,"takesScreenshot":true,"javascriptEnabled":true,"databaseEnabled":false,"networkConnectionEnabled":true,"locationContextEnabled":false,"warnings":{},"desired":{"platformName":"android","appActivity":"com.swaglabsmobileapp.SplashActivity","appPackage":"com.swaglabsmobileapp","automationName":"UiAutomator2","deviceName":"Chandan One+5","systemPort":10000,"udid":"730cc295"},"platformName":"android","appActivity":"com.swaglabsmobileapp.SplashActivity","appPackage":"com.swaglabsmobileapp","automationName":"UiAutomator2","deviceName":"730cc295","systemPort":10000,"udid":"730cc295","deviceUDID":"730cc295"}],"alwaysMatch":{}}}
[debug] &amp#27;[35m[WD Proxy]&amp#27;[39m Got response with status 200: {"sessionId":"8ac7f4d0-cf17-4d2a-bfad-27565f4687b8","value":{"capabilities":{"firstMatch":[{"platform":"LINUX","webStorageEnabled":false,"takesScreenshot":true,"javascriptEnabled":true,"databaseEnabled":false,"networkConnectionEnabled":true,"locationContextEnabled":false,"warnings":{},"desired":{"platformName":"android","appActivity":"com.swaglabsmobileapp.SplashActivity","appPackage":"com.swaglabsmobileapp","automationName":"UiAutomator2","deviceName":"Chandan One+5","systemPort":10000,"udid":"730cc295"},"platformName":"android","appActivity":"com.swaglabsmobileapp.SplashActivity","appPackage":"com.swaglabsmobileapp","automationName":"UiAutomator2","deviceName":"730cc295","systemPort":10000,"udid":"730cc295","deviceUDID":"730cc295"}],"alwaysMatch":{}},"sessionId":"8ac7f4d0-cf17-4d2a-bfad-27565f4687b8"}}
&amp#27;[35m[WD Proxy]&amp#27;[39m Determined the downstream protocol as 'W3C'
[debug] &amp#27;[35m[WD Proxy]&amp#27;[39m Proxying [GET /appium/device/info] to [GET http://127.0.0.1:10000/wd/hub/session/8ac7f4d0-cf17-4d2a-bfad-27565f4687b8/appium/device/info] with no body
[debug] &amp#27;[35m[WD Proxy]&amp#27;[39m Got response with status 200: {"sessionId":"8ac7f4d0-cf17-4d2a-bfad-27565f4687b8","value":{"androidId":"e3ccd2de07de2def","apiVersion":"29","bluetooth":{"state":"OFF"},"brand":"OnePlus","carrierName":"airtel","displayDensity":420,"locale":"en_US","manufacturer":"OnePlus","model":"ONEPLUS A5000","networks":[{"capabilities":{"SSID":null,"linkDownBandwidthKbps":1048576,"linkUpstreamBandwidthKbps":1048576,"networkCapabilities":"NET_CAPABILITY_NOT_METERED,NET_CAPABILITY_INTERNET,NET_CAPABILITY_NOT_RESTRICTED,NET_CAPABILITY_TRUSTED,NET_CAPABILITY_NOT_VPN,NET_CAPABILITY_VALIDATED,NET_CAPABILITY_NOT_ROAMING,NET_CAPABILITY_FOREGROUND,NET_CAPABILITY_NOT_CONGESTED,NET_CAPABILITY_NOT_SUSPENDED","signalStrength":-60,"transportTypes":"TRANSPORT_WIFI"},"detailedState":"CONNECTED","extraInfo":null,"isAvailable":true,"isConnected":true,"isFailover":false,"isRoaming":false,"state":"CONNECTED","subtype":0,"subtypeName":"","type":1,"typeName":"WIFI"}],"platformVersion":"10","realDisplaySize":"1080x1920","timeZone":"Asia/Kolkata"}}
[debug] &amp#27;[35m[ADB]&amp#27;[39m Running 'C:\Users\Lenovo\AppData\Local\Android\Sdk\platform-tools\adb.exe -P 5037 -s 730cc295 shell dumpsys window'
&amp#27;[35m[AndroidDriver]&amp#27;[39m Screen already unlocked, doing nothing
&amp#27;[35m[UiAutomator2]&amp#27;[39m Starting 'com.swaglabsmobileapp/com.swaglabsmobileapp.SplashActivity and waiting for 'com.swaglabsmobileapp/com.swaglabsmobileapp.SplashActivity'
[debug] &amp#27;[35m[ADB]&amp#27;[39m Running 'C:\Users\Lenovo\AppData\Local\Android\Sdk\platform-tools\adb.exe -P 5037 -s 730cc295 shell am start -W -n com.swaglabsmobileapp/com.swaglabsmobileapp.SplashActivity -S -a android.intent.action.MAIN -c android.intent.category.LAUNCHER -f 0x10200000'
[debug] &amp#27;[35m[WD Proxy]&amp#27;[39m Proxying [GET /appium/device/pixel_ratio] to [GET http://127.0.0.1:10000/wd/hub/session/8ac7f4d0-cf17-4d2a-bfad-27565f4687b8/appium/device/pixel_ratio] with no body
[debug] &amp#27;[35m[WD Proxy]&amp#27;[39m Got response with status 200: {"sessionId":"8ac7f4d0-cf17-4d2a-bfad-27565f4687b8","value":2.625}
[debug] &amp#27;[35m[WD Proxy]&amp#27;[39m Matched '/appium/device/system_bars' to command name 'getSystemBars'
[debug] &amp#27;[35m[WD Proxy]&amp#27;[39m Proxying [GET /appium/device/system_bars] to [GET http://127.0.0.1:10000/wd/hub/session/8ac7f4d0-cf17-4d2a-bfad-27565f4687b8/appium/device/system_bars] with no body
[debug] &amp#27;[35m[WD Proxy]&amp#27;[39m Got response with status 200: {"sessionId":"8ac7f4d0-cf17-4d2a-bfad-27565f4687b8","value":{"statusBar":63}}
[debug] &amp#27;[35m[WD Proxy]&amp#27;[39m Matched '/window/current/size' to command name 'getWindowSize'
[debug] &amp#27;[35m[WD Proxy]&amp#27;[39m Proxying [GET /window/current/size] to [GET http://127.0.0.1:10000/wd/hub/session/8ac7f4d0-cf17-4d2a-bfad-27565f4687b8/window/current/size] with no body
[debug] &amp#27;[35m[WD Proxy]&amp#27;[39m Got response with status 200: {"sessionId":"8ac7f4d0-cf17-4d2a-bfad-27565f4687b8","value":{"height":1920,"width":1080}}
&amp#27;[35m[Appium]&amp#27;[39m New AndroidUiautomator2Driver session created successfully, session 116c4772-8729-4f01-aed2-445c0b0efadd added to master session list
[debug] &amp#27;[35m[BaseDriver]&amp#27;[39m Event 'newSessionStarted' logged at 1614010245309 (21:40:45 GMT+0530 (India Standard Time))
[debug] &amp#27;[35m[W3C (116c4772)]&amp#27;[39m Cached the protocol value 'W3C' for the new session 116c4772-8729-4f01-aed2-445c0b0efadd
[debug] &amp#27;[35m[W3C (116c4772)]&amp#27;[39m Responding to client with driver.createSession() result: {"capabilities":{"platform":"LINUX","webStorageEnabled":false,"takesScreenshot":true,"javascriptEnabled":true,"databaseEnabled":false,"networkConnectionEnabled":true,"locationContextEnabled":false,"warnings":{},"desired":{"platformName":"android","appActivity":"com.swaglabsmobileapp.SplashActivity","appPackage":"com.swaglabsmobileapp","automationName":"UiAutomator2","deviceName":"Chandan One+5","systemPort":10000,"udid":"730cc295"},"platformName":"android","appActivity":"com.swaglabsmobileapp.SplashActivity","appPackage":"com.swaglabsmobileapp","automationName":"UiAutomator2","deviceName":"730cc295","systemPort":10000,"udid":"730cc295","deviceUDID":"730cc295","deviceApiLevel":29,"platformVersion":"10","deviceScreenSize":"1080x1920","deviceScreenDensity":420,"deviceModel":"ONEPLUS A5000","deviceManufacturer":"OnePlus","pixelRatio":2.625,"statBarHeight":63,"viewportRect":{"left":0,"top":63,"width":1080,"height":1857}}}
&amp#27;[35m[HTTP]&amp#27;[39m &amp#27;[37m<-- POST /wd/hub/session &amp#27;[39m&amp#27;[32m200&amp#27;[39m &amp#27;[90m18943 ms - 991&amp#27;[39m
&amp#27;[35m[HTTP]&amp#27;[39m &amp#27;[90m&amp#27;[39m
[INFO ] 2021-02-22 21:40:45.440 com.qa.utils.DriverManager:42 - Driver is initialized

@test
Scenario Outline: Login with invalid user name                                                        # src/test/resources/Login.feature:15
&amp#27;[35m[HTTP]&amp#27;[39m &amp#27;[37m-->&amp#27;[39m &amp#27;[37mGET&amp#27;[39m &amp#27;[37m/wd/hub/session/116c4772-8729-4f01-aed2-445c0b0efadd/context&amp#27;[39m
&amp#27;[35m[HTTP]&amp#27;[39m &amp#27;[90m{}&amp#27;[39m
[debug] &amp#27;[35m[W3C (116c4772)]&amp#27;[39m Calling AppiumDriver.getCurrentContext() with args: ["116c4772-8729-4f01-aed2-445c0b0efadd"]
[debug] &amp#27;[35m[W3C (116c4772)]&amp#27;[39m Responding to client with driver.getCurrentContext() result: "NATIVE_APP"
&amp#27;[35m[HTTP]&amp#27;[39m &amp#27;[37m<-- GET /wd/hub/session/116c4772-8729-4f01-aed2-445c0b0efadd/context &amp#27;[39m&amp#27;[32m200&amp#27;[39m &amp#27;[90m23 ms - 22&amp#27;[39m
&amp#27;[35m[HTTP]&amp#27;[39m &amp#27;[90m&amp#27;[39m
&amp#27;[35m[HTTP]&amp#27;[39m &amp#27;[37m-->&amp#27;[39m &amp#27;[37mPOST&amp#27;[39m &amp#27;[37m/wd/hub/session/116c4772-8729-4f01-aed2-445c0b0efadd/element&amp#27;[39m
&amp#27;[35m[HTTP]&amp#27;[39m &amp#27;[90m{"using":"accessibility id","value":"test-Username"}&amp#27;[39m
[debug] &amp#27;[35m[W3C (116c4772)]&amp#27;[39m Calling AppiumDriver.findElement() with args: ["accessibility id","test-Username","116c4772-8729-4f01-aed2-445c0b0efadd"]
[debug] &amp#27;[35m[BaseDriver]&amp#27;[39m Valid locator strategies for this request: xpath, id, class name, accessibility id, css selector, -android uiautomator
[debug] &amp#27;[35m[BaseDriver]&amp#27;[39m Waiting up to 0 ms for condition
[debug] &amp#27;[35m[WD Proxy]&amp#27;[39m Matched '/element' to command name 'findElement'
[debug] &amp#27;[35m[WD Proxy]&amp#27;[39m Proxying [POST /element] to [POST http://127.0.0.1:10000/wd/hub/session/8ac7f4d0-cf17-4d2a-bfad-27565f4687b8/element] with body: {"strategy":"accessibility id","selector":"test-Username","context":"","multiple":false}
[debug] &amp#27;[35m[WD Proxy]&amp#27;[39m Got response with status 200: {"sessionId":"8ac7f4d0-cf17-4d2a-bfad-27565f4687b8","value":{"ELEMENT":"ff42f12b-1aba-4003-8d40-812891c6d6b4","element-6066-11e4-a52e-4f735466cecf":"ff42f12b-1aba-4003-8d40-812891c6d6b4"}}
[debug] &amp#27;[35m[W3C (116c4772)]&amp#27;[39m Responding to client with driver.findElement() result: {"element-6066-11e4-a52e-4f735466cecf":"ff42f12b-1aba-4003-8d40-812891c6d6b4","ELEMENT":"ff42f12b-1aba-4003-8d40-812891c6d6b4"}
&amp#27;[35m[HTTP]&amp#27;[39m &amp#27;[37m<-- POST /wd/hub/session/116c4772-8729-4f01-aed2-445c0b0efadd/element &amp#27;[39m&amp#27;[32m200&amp#27;[39m &amp#27;[90m684 ms - 137&amp#27;[39m
&amp#27;[35m[HTTP]&amp#27;[39m &amp#27;[90m&amp#27;[39m
&amp#27;[35m[HTTP]&amp#27;[39m &amp#27;[37m-->&amp#27;[39m &amp#27;[37mGET&amp#27;[39m &amp#27;[37m/wd/hub/session/116c4772-8729-4f01-aed2-445c0b0efadd/element/ff42f12b-1aba-4003-8d40-812891c6d6b4/displayed&amp#27;[39m
&amp#27;[35m[HTTP]&amp#27;[39m &amp#27;[90m{}&amp#27;[39m
[debug] &amp#27;[35m[W3C (116c4772)]&amp#27;[39m Calling AppiumDriver.elementDisplayed() with args: ["ff42f12b-1aba-4003-8d40-812891c6d6b4","116c4772-8729-4f01-aed2-445c0b0efadd"]
[debug] &amp#27;[35m[WD Proxy]&amp#27;[39m Matched '/element/ff42f12b-1aba-4003-8d40-812891c6d6b4/attribute/displayed' to command name 'getAttribute'
[debug] &amp#27;[35m[WD Proxy]&amp#27;[39m Proxying [GET /element/ff42f12b-1aba-4003-8d40-812891c6d6b4/attribute/displayed] to [GET http://127.0.0.1:10000/wd/hub/session/8ac7f4d0-cf17-4d2a-bfad-27565f4687b8/element/ff42f12b-1aba-4003-8d40-812891c6d6b4/attribute/displayed] with no body
[debug] &amp#27;[35m[WD Proxy]&amp#27;[39m Got response with status 200: {"sessionId":"8ac7f4d0-cf17-4d2a-bfad-27565f4687b8","value":"true"}
[debug] &amp#27;[35m[W3C (116c4772)]&amp#27;[39m Responding to client with driver.elementDisplayed() result: true
&amp#27;[35m[HTTP]&amp#27;[39m &amp#27;[37m<-- GET /wd/hub/session/116c4772-8729-4f01-aed2-445c0b0efadd/element/ff42f12b-1aba-4003-8d40-812891c6d6b4/displayed &amp#27;[39m&amp#27;[32m200&amp#27;[39m &amp#27;[90m49 ms - 14&amp#27;[39m
&amp#27;[35m[HTTP]&amp#27;[39m &amp#27;[90m&amp#27;[39m
&amp#27;[35m[HTTP]&amp#27;[39m &amp#27;[37m-->&amp#27;[39m &amp#27;[37mGET&amp#27;[39m &amp#27;[37m/wd/hub/session/116c4772-8729-4f01-aed2-445c0b0efadd/context&amp#27;[39m
&amp#27;[35m[HTTP]&amp#27;[39m &amp#27;[90m{}&amp#27;[39m
[debug] &amp#27;[35m[W3C (116c4772)]&amp#27;[39m Calling AppiumDriver.getCurrentContext() with args: ["116c4772-8729-4f01-aed2-445c0b0efadd"]
[debug] &amp#27;[35m[W3C (116c4772)]&amp#27;[39m Responding to client with driver.getCurrentContext() result: "NATIVE_APP"
&amp#27;[35m[HTTP]&amp#27;[39m &amp#27;[37m<-- GET /wd/hub/session/116c4772-8729-4f01-aed2-445c0b0efadd/context &amp#27;[39m&amp#27;[32m200&amp#27;[39m &amp#27;[90m9 ms - 22&amp#27;[39m
&amp#27;[35m[HTTP]&amp#27;[39m &amp#27;[90m&amp#27;[39m
&amp#27;[35m[HTTP]&amp#27;[39m &amp#27;[37m-->&amp#27;[39m &amp#27;[37mPOST&amp#27;[39m &amp#27;[37m/wd/hub/session/116c4772-8729-4f01-aed2-445c0b0efadd/element&amp#27;[39m
&amp#27;[35m[HTTP]&amp#27;[39m &amp#27;[90m{"using":"accessibility id","value":"test-Username"}&amp#27;[39m
[debug] &amp#27;[35m[W3C (116c4772)]&amp#27;[39m Calling AppiumDriver.findElement() with args: ["accessibility id","test-Username","116c4772-8729-4f01-aed2-445c0b0efadd"]
[debug] &amp#27;[35m[BaseDriver]&amp#27;[39m Valid locator strategies for this request: xpath, id, class name, accessibility id, css selector, -android uiautomator
[debug] &amp#27;[35m[BaseDriver]&amp#27;[39m Waiting up to 0 ms for condition
[debug] &amp#27;[35m[WD Proxy]&amp#27;[39m Matched '/element' to command name 'findElement'
[debug] &amp#27;[35m[WD Proxy]&amp#27;[39m Proxying [POST /element] to [POST http://127.0.0.1:10000/wd/hub/session/8ac7f4d0-cf17-4d2a-bfad-27565f4687b8/element] with body: {"strategy":"accessibility id","selector":"test-Username","context":"","multiple":false}
[debug] &amp#27;[35m[WD Proxy]&amp#27;[39m Got response with status 200: {"sessionId":"8ac7f4d0-cf17-4d2a-bfad-27565f4687b8","value":{"ELEMENT":"abc5b8b5-7132-4271-9927-b7b8d81ddc8e","element-6066-11e4-a52e-4f735466cecf":"abc5b8b5-7132-4271-9927-b7b8d81ddc8e"}}
[debug] &amp#27;[35m[W3C (116c4772)]&amp#27;[39m Responding to client with driver.findElement() result: {"element-6066-11e4-a52e-4f735466cecf":"abc5b8b5-7132-4271-9927-b7b8d81ddc8e","ELEMENT":"abc5b8b5-7132-4271-9927-b7b8d81ddc8e"}
&amp#27;[35m[HTTP]&amp#27;[39m &amp#27;[37m<-- POST /wd/hub/session/116c4772-8729-4f01-aed2-445c0b0efadd/element &amp#27;[39m&amp#27;[32m200&amp#27;[39m &amp#27;[90m85 ms - 137&amp#27;[39m
&amp#27;[35m[HTTP]&amp#27;[39m &amp#27;[90m&amp#27;[39m
&amp#27;[35m[HTTP]&amp#27;[39m &amp#27;[37m-->&amp#27;[39m &amp#27;[37mPOST&amp#27;[39m &amp#27;[37m/wd/hub/session/116c4772-8729-4f01-aed2-445c0b0efadd/element/abc5b8b5-7132-4271-9927-b7b8d81ddc8e/clear&amp#27;[39m
&amp#27;[35m[HTTP]&amp#27;[39m &amp#27;[90m{"id":"abc5b8b5-7132-4271-9927-b7b8d81ddc8e"}&amp#27;[39m
[debug] &amp#27;[35m[W3C (116c4772)]&amp#27;[39m Calling AppiumDriver.clear() with args: ["abc5b8b5-7132-4271-9927-b7b8d81ddc8e","116c4772-8729-4f01-aed2-445c0b0efadd"]
[debug] &amp#27;[35m[WD Proxy]&amp#27;[39m Matched '/element/abc5b8b5-7132-4271-9927-b7b8d81ddc8e/clear' to command name 'clear'
[debug] &amp#27;[35m[WD Proxy]&amp#27;[39m Proxying [POST /element/abc5b8b5-7132-4271-9927-b7b8d81ddc8e/clear] to [POST http://127.0.0.1:10000/wd/hub/session/8ac7f4d0-cf17-4d2a-bfad-27565f4687b8/element/abc5b8b5-7132-4271-9927-b7b8d81ddc8e/clear] with body: {"elementId":"abc5b8b5-7132-4271-9927-b7b8d81ddc8e"}
[debug] &amp#27;[35m[WD Proxy]&amp#27;[39m Got response with status 200: {"sessionId":"8ac7f4d0-cf17-4d2a-bfad-27565f4687b8","value":null}
[debug] &amp#27;[35m[W3C (116c4772)]&amp#27;[39m Responding to client with driver.clear() result: null
&amp#27;[35m[HTTP]&amp#27;[39m &amp#27;[37m<-- POST /wd/hub/session/116c4772-8729-4f01-aed2-445c0b0efadd/element/abc5b8b5-7132-4271-9927-b7b8d81ddc8e/clear &amp#27;[39m&amp#27;[32m200&amp#27;[39m &amp#27;[90m78 ms - 14&amp#27;[39m
&amp#27;[35m[HTTP]&amp#27;[39m &amp#27;[90m&amp#27;[39m
&amp#27;[35m[HTTP]&amp#27;[39m &amp#27;[37m-->&amp#27;[39m &amp#27;[37mGET&amp#27;[39m &amp#27;[37m/wd/hub/session/116c4772-8729-4f01-aed2-445c0b0efadd/context&amp#27;[39m
&amp#27;[35m[HTTP]&amp#27;[39m &amp#27;[90m{}&amp#27;[39m
[debug] &amp#27;[35m[W3C (116c4772)]&amp#27;[39m Calling AppiumDriver.getCurrentContext() with args: ["116c4772-8729-4f01-aed2-445c0b0efadd"]
[debug] &amp#27;[35m[W3C (116c4772)]&amp#27;[39m Responding to client with driver.getCurrentContext() result: "NATIVE_APP"
&amp#27;[35m[HTTP]&amp#27;[39m &amp#27;[37m<-- GET /wd/hub/session/116c4772-8729-4f01-aed2-445c0b0efadd/context &amp#27;[39m&amp#27;[32m200&amp#27;[39m &amp#27;[90m4 ms - 22&amp#27;[39m
&amp#27;[35m[HTTP]&amp#27;[39m &amp#27;[90m&amp#27;[39m
&amp#27;[35m[HTTP]&amp#27;[39m &amp#27;[37m-->&amp#27;[39m &amp#27;[37mPOST&amp#27;[39m &amp#27;[37m/wd/hub/session/116c4772-8729-4f01-aed2-445c0b0efadd/element&amp#27;[39m
&amp#27;[35m[HTTP]&amp#27;[39m &amp#27;[90m{"using":"accessibility id","value":"test-Username"}&amp#27;[39m
[debug] &amp#27;[35m[W3C (116c4772)]&amp#27;[39m Calling AppiumDriver.findElement() with args: ["accessibility id","test-Username","116c4772-8729-4f01-aed2-445c0b0efadd"]
[debug] &amp#27;[35m[BaseDriver]&amp#27;[39m Valid locator strategies for this request: xpath, id, class name, accessibility id, css selector, -android uiautomator
[debug] &amp#27;[35m[BaseDriver]&amp#27;[39m Waiting up to 0 ms for condition
[debug] &amp#27;[35m[WD Proxy]&amp#27;[39m Matched '/element' to command name 'findElement'
[debug] &amp#27;[35m[WD Proxy]&amp#27;[39m Proxying [POST /element] to [POST http://127.0.0.1:10000/wd/hub/session/8ac7f4d0-cf17-4d2a-bfad-27565f4687b8/element] with body: {"strategy":"accessibility id","selector":"test-Username","context":"","multiple":false}
[debug] &amp#27;[35m[WD Proxy]&amp#27;[39m Got response with status 200: {"sessionId":"8ac7f4d0-cf17-4d2a-bfad-27565f4687b8","value":{"ELEMENT":"f3fcef1a-3c80-4c5c-b900-bcc911c8d20b","element-6066-11e4-a52e-4f735466cecf":"f3fcef1a-3c80-4c5c-b900-bcc911c8d20b"}}
[debug] &amp#27;[35m[W3C (116c4772)]&amp#27;[39m Responding to client with driver.findElement() result: {"element-6066-11e4-a52e-4f735466cecf":"f3fcef1a-3c80-4c5c-b900-bcc911c8d20b","ELEMENT":"f3fcef1a-3c80-4c5c-b900-bcc911c8d20b"}
&amp#27;[35m[HTTP]&amp#27;[39m &amp#27;[37m<-- POST /wd/hub/session/116c4772-8729-4f01-aed2-445c0b0efadd/element &amp#27;[39m&amp#27;[32m200&amp#27;[39m &amp#27;[90m1668 ms - 137&amp#27;[39m
&amp#27;[35m[HTTP]&amp#27;[39m &amp#27;[90m&amp#27;[39m
&amp#27;[35m[HTTP]&amp#27;[39m &amp#27;[37m-->&amp#27;[39m &amp#27;[37mGET&amp#27;[39m &amp#27;[37m/wd/hub/session/116c4772-8729-4f01-aed2-445c0b0efadd/element/f3fcef1a-3c80-4c5c-b900-bcc911c8d20b/displayed&amp#27;[39m
&amp#27;[35m[HTTP]&amp#27;[39m &amp#27;[90m{}&amp#27;[39m
[debug] &amp#27;[35m[W3C (116c4772)]&amp#27;[39m Calling AppiumDriver.elementDisplayed() with args: ["f3fcef1a-3c80-4c5c-b900-bcc911c8d20b","116c4772-8729-4f01-aed2-445c0b0efadd"]
[debug] &amp#27;[35m[WD Proxy]&amp#27;[39m Matched '/element/f3fcef1a-3c80-4c5c-b900-bcc911c8d20b/attribute/displayed' to command name 'getAttribute'
[debug] &amp#27;[35m[WD Proxy]&amp#27;[39m Proxying [GET /element/f3fcef1a-3c80-4c5c-b900-bcc911c8d20b/attribute/displayed] to [GET http://127.0.0.1:10000/wd/hub/session/8ac7f4d0-cf17-4d2a-bfad-27565f4687b8/element/f3fcef1a-3c80-4c5c-b900-bcc911c8d20b/attribute/displayed] with no body
[debug] &amp#27;[35m[WD Proxy]&amp#27;[39m Got response with status 200: {"sessionId":"8ac7f4d0-cf17-4d2a-bfad-27565f4687b8","value":"true"}
[debug] &amp#27;[35m[W3C (116c4772)]&amp#27;[39m Responding to client with driver.elementDisplayed() result: true
&amp#27;[35m[HTTP]&amp#27;[39m &amp#27;[37m<-- GET /wd/hub/session/116c4772-8729-4f01-aed2-445c0b0efadd/element/f3fcef1a-3c80-4c5c-b900-bcc911c8d20b/displayed &amp#27;[39m&amp#27;[32m200&amp#27;[39m &amp#27;[90m33 ms - 14&amp#27;[39m
&amp#27;[35m[HTTP]&amp#27;[39m &amp#27;[90m&amp#27;[39m
[INFO ] 2021-02-22 21:40:51.057 com.qa.pages.BasePage:71 - login with invalidUsername
&amp#27;[35m[HTTP]&amp#27;[39m &amp#27;[37m-->&amp#27;[39m &amp#27;[37mGET&amp#27;[39m &amp#27;[37m/wd/hub/session/116c4772-8729-4f01-aed2-445c0b0efadd/context&amp#27;[39m
&amp#27;[35m[HTTP]&amp#27;[39m &amp#27;[90m{}&amp#27;[39m
[debug] &amp#27;[35m[W3C (116c4772)]&amp#27;[39m Calling AppiumDriver.getCurrentContext() with args: ["116c4772-8729-4f01-aed2-445c0b0efadd"]
[debug] &amp#27;[35m[W3C (116c4772)]&amp#27;[39m Responding to client with driver.getCurrentContext() result: "NATIVE_APP"
&amp#27;[35m[HTTP]&amp#27;[39m &amp#27;[37m<-- GET /wd/hub/session/116c4772-8729-4f01-aed2-445c0b0efadd/context &amp#27;[39m&amp#27;[32m200&amp#27;[39m &amp#27;[90m4 ms - 22&amp#27;[39m
&amp#27;[35m[HTTP]&amp#27;[39m &amp#27;[90m&amp#27;[39m
&amp#27;[35m[HTTP]&amp#27;[39m &amp#27;[37m-->&amp#27;[39m &amp#27;[37mPOST&amp#27;[39m &amp#27;[37m/wd/hub/session/116c4772-8729-4f01-aed2-445c0b0efadd/element&amp#27;[39m
&amp#27;[35m[HTTP]&amp#27;[39m &amp#27;[90m{"using":"accessibility id","value":"test-Username"}&amp#27;[39m
[debug] &amp#27;[35m[W3C (116c4772)]&amp#27;[39m Calling AppiumDriver.findElement() with args: ["accessibility id","test-Username","116c4772-8729-4f01-aed2-445c0b0efadd"]
[debug] &amp#27;[35m[BaseDriver]&amp#27;[39m Valid locator strategies for this request: xpath, id, class name, accessibility id, css selector, -android uiautomator
[debug] &amp#27;[35m[BaseDriver]&amp#27;[39m Waiting up to 0 ms for condition
[debug] &amp#27;[35m[WD Proxy]&amp#27;[39m Matched '/element' to command name 'findElement'
[debug] &amp#27;[35m[WD Proxy]&amp#27;[39m Proxying [POST /element] to [POST http://127.0.0.1:10000/wd/hub/session/8ac7f4d0-cf17-4d2a-bfad-27565f4687b8/element] with body: {"strategy":"accessibility id","selector":"test-Username","context":"","multiple":false}
[debug] &amp#27;[35m[WD Proxy]&amp#27;[39m Got response with status 200: {"sessionId":"8ac7f4d0-cf17-4d2a-bfad-27565f4687b8","value":{"ELEMENT":"e2b24d1e-9148-4e34-b97e-b15d4f3df6fb","element-6066-11e4-a52e-4f735466cecf":"e2b24d1e-9148-4e34-b97e-b15d4f3df6fb"}}
[debug] &amp#27;[35m[W3C (116c4772)]&amp#27;[39m Responding to client with driver.findElement() result: {"element-6066-11e4-a52e-4f735466cecf":"e2b24d1e-9148-4e34-b97e-b15d4f3df6fb","ELEMENT":"e2b24d1e-9148-4e34-b97e-b15d4f3df6fb"}
&amp#27;[35m[HTTP]&amp#27;[39m &amp#27;[37m<-- POST /wd/hub/session/116c4772-8729-4f01-aed2-445c0b0efadd/element &amp#27;[39m&amp#27;[32m200&amp#27;[39m &amp#27;[90m69 ms - 137&amp#27;[39m
&amp#27;[35m[HTTP]&amp#27;[39m &amp#27;[90m&amp#27;[39m
&amp#27;[35m[HTTP]&amp#27;[39m &amp#27;[37m-->&amp#27;[39m &amp#27;[37mPOST&amp#27;[39m &amp#27;[37m/wd/hub/session/116c4772-8729-4f01-aed2-445c0b0efadd/element/e2b24d1e-9148-4e34-b97e-b15d4f3df6fb/value&amp#27;[39m
&amp#27;[35m[HTTP]&amp#27;[39m &amp#27;[90m{"id":"e2b24d1e-9148-4e34-b97e-b15d4f3df6fb","text":"invalidUsername","value":["i","n","v","a","l","i","d","U","s","e","r","n","a","m","e"]}&amp#27;[39m
[debug] &amp#27;[35m[W3C (116c4772)]&amp#27;[39m Calling AppiumDriver.setValue() with args: [["i","n","v","a","l","i","d","U","s","e","r","n","a","m","e"],"e2b24d1e-9148-4e34-b97e-b15d4f3df6fb","116c4772-8729-4f01-aed2-445c0b0efadd"]
[debug] &amp#27;[35m[WD Proxy]&amp#27;[39m Matched '/element/e2b24d1e-9148-4e34-b97e-b15d4f3df6fb/value' to command name 'setValue'
[debug] &amp#27;[35m[Protocol Converter]&amp#27;[39m Added 'value' property ["i","n","v","a","l","i","d","U","s","e","r","n","a","m","e"] to 'setValue' request body
[debug] &amp#27;[35m[WD Proxy]&amp#27;[39m Proxying [POST /element/e2b24d1e-9148-4e34-b97e-b15d4f3df6fb/value] to [POST http://127.0.0.1:10000/wd/hub/session/8ac7f4d0-cf17-4d2a-bfad-27565f4687b8/element/e2b24d1e-9148-4e34-b97e-b15d4f3df6fb/value] with body: {"elementId":"e2b24d1e-9148-4e34-b97e-b15d4f3df6fb","text":"invalidUsername","replace":false,"value":["i","n","v","a","l","i","d","U","s","e","r","n","a","m","e"]}
[debug] &amp#27;[35m[WD Proxy]&amp#27;[39m Got response with status 200: {"sessionId":"8ac7f4d0-cf17-4d2a-bfad-27565f4687b8","value":null}
[debug] &amp#27;[35m[W3C (116c4772)]&amp#27;[39m Responding to client with driver.setValue() result: null
&amp#27;[35m[HTTP]&amp#27;[39m &amp#27;[37m<-- POST /wd/hub/session/116c4772-8729-4f01-aed2-445c0b0efadd/element/e2b24d1e-9148-4e34-b97e-b15d4f3df6fb/value &amp#27;[39m&amp#27;[32m200&amp#27;[39m &amp#27;[90m114 ms - 14&amp#27;[39m
&amp#27;[35m[HTTP]&amp#27;[39m &amp#27;[90m&amp#27;[39m
  When I enter username as "invalidUsername"                                                          # com.qa.stepdef.LoginStepDef.iEnterUsernameAs(java.lang.String)
&amp#27;[35m[HTTP]&amp#27;[39m &amp#27;[37m-->&amp#27;[39m &amp#27;[37mGET&amp#27;[39m &amp#27;[37m/wd/hub/session/116c4772-8729-4f01-aed2-445c0b0efadd/context&amp#27;[39m
&amp#27;[35m[HTTP]&amp#27;[39m &amp#27;[90m{}&amp#27;[39m
[debug] &amp#27;[35m[W3C (116c4772)]&amp#27;[39m Calling AppiumDriver.getCurrentContext() with args: ["116c4772-8729-4f01-aed2-445c0b0efadd"]
[debug] &amp#27;[35m[W3C (116c4772)]&amp#27;[39m Responding to client with driver.getCurrentContext() result: "NATIVE_APP"
&amp#27;[35m[HTTP]&amp#27;[39m &amp#27;[37m<-- GET /wd/hub/session/116c4772-8729-4f01-aed2-445c0b0efadd/context &amp#27;[39m&amp#27;[32m200&amp#27;[39m &amp#27;[90m5 ms - 22&amp#27;[39m
&amp#27;[35m[HTTP]&amp#27;[39m &amp#27;[90m&amp#27;[39m
&amp#27;[35m[HTTP]&amp#27;[39m &amp#27;[37m-->&amp#27;[39m &amp#27;[37mPOST&amp#27;[39m &amp#27;[37m/wd/hub/session/116c4772-8729-4f01-aed2-445c0b0efadd/element&amp#27;[39m
&amp#27;[35m[HTTP]&amp#27;[39m &amp#27;[90m{"using":"accessibility id","value":"test-Password"}&amp#27;[39m
[debug] &amp#27;[35m[W3C (116c4772)]&amp#27;[39m Calling AppiumDriver.findElement() with args: ["accessibility id","test-Password","116c4772-8729-4f01-aed2-445c0b0efadd"]
[debug] &amp#27;[35m[BaseDriver]&amp#27;[39m Valid locator strategies for this request: xpath, id, class name, accessibility id, css selector, -android uiautomator
[debug] &amp#27;[35m[BaseDriver]&amp#27;[39m Waiting up to 0 ms for condition
[debug] &amp#27;[35m[WD Proxy]&amp#27;[39m Matched '/element' to command name 'findElement'
[debug] &amp#27;[35m[WD Proxy]&amp#27;[39m Proxying [POST /element] to [POST http://127.0.0.1:10000/wd/hub/session/8ac7f4d0-cf17-4d2a-bfad-27565f4687b8/element] with body: {"strategy":"accessibility id","selector":"test-Password","context":"","multiple":false}
[debug] &amp#27;[35m[WD Proxy]&amp#27;[39m Got response with status 200: {"sessionId":"8ac7f4d0-cf17-4d2a-bfad-27565f4687b8","value":{"ELEMENT":"af90ebe3-2095-4d03-a116-87b3fb7bdb67","element-6066-11e4-a52e-4f735466cecf":"af90ebe3-2095-4d03-a116-87b3fb7bdb67"}}
[debug] &amp#27;[35m[W3C (116c4772)]&amp#27;[39m Responding to client with driver.findElement() result: {"element-6066-11e4-a52e-4f735466cecf":"af90ebe3-2095-4d03-a116-87b3fb7bdb67","ELEMENT":"af90ebe3-2095-4d03-a116-87b3fb7bdb67"}
&amp#27;[35m[HTTP]&amp#27;[39m &amp#27;[37m<-- POST /wd/hub/session/116c4772-8729-4f01-aed2-445c0b0efadd/element &amp#27;[39m&amp#27;[32m200&amp#27;[39m &amp#27;[90m716 ms - 137&amp#27;[39m
&amp#27;[35m[HTTP]&amp#27;[39m &amp#27;[90m&amp#27;[39m
&amp#27;[35m[HTTP]&amp#27;[39m &amp#27;[37m-->&amp#27;[39m &amp#27;[37mGET&amp#27;[39m &amp#27;[37m/wd/hub/session/116c4772-8729-4f01-aed2-445c0b0efadd/element/af90ebe3-2095-4d03-a116-87b3fb7bdb67/displayed&amp#27;[39m
&amp#27;[35m[HTTP]&amp#27;[39m &amp#27;[90m{}&amp#27;[39m
[debug] &amp#27;[35m[W3C (116c4772)]&amp#27;[39m Calling AppiumDriver.elementDisplayed() with args: ["af90ebe3-2095-4d03-a116-87b3fb7bdb67","116c4772-8729-4f01-aed2-445c0b0efadd"]
[debug] &amp#27;[35m[WD Proxy]&amp#27;[39m Matched '/element/af90ebe3-2095-4d03-a116-87b3fb7bdb67/attribute/displayed' to command name 'getAttribute'
[debug] &amp#27;[35m[WD Proxy]&amp#27;[39m Proxying [GET /element/af90ebe3-2095-4d03-a116-87b3fb7bdb67/attribute/displayed] to [GET http://127.0.0.1:10000/wd/hub/session/8ac7f4d0-cf17-4d2a-bfad-27565f4687b8/element/af90ebe3-2095-4d03-a116-87b3fb7bdb67/attribute/displayed] with no body
[debug] &amp#27;[35m[WD Proxy]&amp#27;[39m Got response with status 200: {"sessionId":"8ac7f4d0-cf17-4d2a-bfad-27565f4687b8","value":"true"}
[debug] &amp#27;[35m[W3C (116c4772)]&amp#27;[39m Responding to client with driver.elementDisplayed() result: true
&amp#27;[35m[HTTP]&amp#27;[39m &amp#27;[37m<-- GET /wd/hub/session/116c4772-8729-4f01-aed2-445c0b0efadd/element/af90ebe3-2095-4d03-a116-87b3fb7bdb67/displayed &amp#27;[39m&amp#27;[32m200&amp#27;[39m &amp#27;[90m37 ms - 14&amp#27;[39m
&amp#27;[35m[HTTP]&amp#27;[39m &amp#27;[90m&amp#27;[39m
&amp#27;[35m[HTTP]&amp#27;[39m &amp#27;[37m-->&amp#27;[39m &amp#27;[37mGET&amp#27;[39m &amp#27;[37m/wd/hub/session/116c4772-8729-4f01-aed2-445c0b0efadd/context&amp#27;[39m
&amp#27;[35m[HTTP]&amp#27;[39m &amp#27;[90m{}&amp#27;[39m
[debug] &amp#27;[35m[W3C (116c4772)]&amp#27;[39m Calling AppiumDriver.getCurrentContext() with args: ["116c4772-8729-4f01-aed2-445c0b0efadd"]
[debug] &amp#27;[35m[W3C (116c4772)]&amp#27;[39m Responding to client with driver.getCurrentContext() result: "NATIVE_APP"
&amp#27;[35m[HTTP]&amp#27;[39m &amp#27;[37m<-- GET /wd/hub/session/116c4772-8729-4f01-aed2-445c0b0efadd/context &amp#27;[39m&amp#27;[32m200&amp#27;[39m &amp#27;[90m5 ms - 22&amp#27;[39m
&amp#27;[35m[HTTP]&amp#27;[39m &amp#27;[90m&amp#27;[39m
&amp#27;[35m[HTTP]&amp#27;[39m &amp#27;[37m-->&amp#27;[39m &amp#27;[37mPOST&amp#27;[39m &amp#27;[37m/wd/hub/session/116c4772-8729-4f01-aed2-445c0b0efadd/element&amp#27;[39m
&amp#27;[35m[HTTP]&amp#27;[39m &amp#27;[90m{"using":"accessibility id","value":"test-Password"}&amp#27;[39m
[debug] &amp#27;[35m[W3C (116c4772)]&amp#27;[39m Calling AppiumDriver.findElement() with args: ["accessibility id","test-Password","116c4772-8729-4f01-aed2-445c0b0efadd"]
[debug] &amp#27;[35m[BaseDriver]&amp#27;[39m Valid locator strategies for this request: xpath, id, class name, accessibility id, css selector, -android uiautomator
[debug] &amp#27;[35m[BaseDriver]&amp#27;[39m Waiting up to 0 ms for condition
[debug] &amp#27;[35m[WD Proxy]&amp#27;[39m Matched '/element' to command name 'findElement'
[debug] &amp#27;[35m[WD Proxy]&amp#27;[39m Proxying [POST /element] to [POST http://127.0.0.1:10000/wd/hub/session/8ac7f4d0-cf17-4d2a-bfad-27565f4687b8/element] with body: {"strategy":"accessibility id","selector":"test-Password","context":"","multiple":false}
[debug] &amp#27;[35m[WD Proxy]&amp#27;[39m Got response with status 200: {"sessionId":"8ac7f4d0-cf17-4d2a-bfad-27565f4687b8","value":{"ELEMENT":"a68c7aa9-b71f-4f91-942c-d5099db417ae","element-6066-11e4-a52e-4f735466cecf":"a68c7aa9-b71f-4f91-942c-d5099db417ae"}}
[debug] &amp#27;[35m[W3C (116c4772)]&amp#27;[39m Responding to client with driver.findElement() result: {"element-6066-11e4-a52e-4f735466cecf":"a68c7aa9-b71f-4f91-942c-d5099db417ae","ELEMENT":"a68c7aa9-b71f-4f91-942c-d5099db417ae"}
&amp#27;[35m[HTTP]&amp#27;[39m &amp#27;[37m<-- POST /wd/hub/session/116c4772-8729-4f01-aed2-445c0b0efadd/element &amp#27;[39m&amp#27;[32m200&amp#27;[39m &amp#27;[90m73 ms - 137&amp#27;[39m
&amp#27;[35m[HTTP]&amp#27;[39m &amp#27;[90m&amp#27;[39m
&amp#27;[35m[HTTP]&amp#27;[39m &amp#27;[37m-->&amp#27;[39m &amp#27;[37mPOST&amp#27;[39m &amp#27;[37m/wd/hub/session/116c4772-8729-4f01-aed2-445c0b0efadd/element/a68c7aa9-b71f-4f91-942c-d5099db417ae/clear&amp#27;[39m
&amp#27;[35m[HTTP]&amp#27;[39m &amp#27;[90m{"id":"a68c7aa9-b71f-4f91-942c-d5099db417ae"}&amp#27;[39m
[debug] &amp#27;[35m[W3C (116c4772)]&amp#27;[39m Calling AppiumDriver.clear() with args: ["a68c7aa9-b71f-4f91-942c-d5099db417ae","116c4772-8729-4f01-aed2-445c0b0efadd"]
[debug] &amp#27;[35m[WD Proxy]&amp#27;[39m Matched '/element/a68c7aa9-b71f-4f91-942c-d5099db417ae/clear' to command name 'clear'
[debug] &amp#27;[35m[WD Proxy]&amp#27;[39m Proxying [POST /element/a68c7aa9-b71f-4f91-942c-d5099db417ae/clear] to [POST http://127.0.0.1:10000/wd/hub/session/8ac7f4d0-cf17-4d2a-bfad-27565f4687b8/element/a68c7aa9-b71f-4f91-942c-d5099db417ae/clear] with body: {"elementId":"a68c7aa9-b71f-4f91-942c-d5099db417ae"}
[debug] &amp#27;[35m[WD Proxy]&amp#27;[39m Got response with status 200: {"sessionId":"8ac7f4d0-cf17-4d2a-bfad-27565f4687b8","value":null}
[debug] &amp#27;[35m[W3C (116c4772)]&amp#27;[39m Responding to client with driver.clear() result: null
&amp#27;[35m[HTTP]&amp#27;[39m &amp#27;[37m<-- POST /wd/hub/session/116c4772-8729-4f01-aed2-445c0b0efadd/element/a68c7aa9-b71f-4f91-942c-d5099db417ae/clear &amp#27;[39m&amp#27;[32m200&amp#27;[39m &amp#27;[90m57 ms - 14&amp#27;[39m
&amp#27;[35m[HTTP]&amp#27;[39m &amp#27;[90m&amp#27;[39m
&amp#27;[35m[HTTP]&amp#27;[39m &amp#27;[37m-->&amp#27;[39m &amp#27;[37mGET&amp#27;[39m &amp#27;[37m/wd/hub/session/116c4772-8729-4f01-aed2-445c0b0efadd/context&amp#27;[39m
&amp#27;[35m[HTTP]&amp#27;[39m &amp#27;[90m{}&amp#27;[39m
[debug] &amp#27;[35m[W3C (116c4772)]&amp#27;[39m Calling AppiumDriver.getCurrentContext() with args: ["116c4772-8729-4f01-aed2-445c0b0efadd"]
[debug] &amp#27;[35m[W3C (116c4772)]&amp#27;[39m Responding to client with driver.getCurrentContext() result: "NATIVE_APP"
&amp#27;[35m[HTTP]&amp#27;[39m &amp#27;[37m<-- GET /wd/hub/session/116c4772-8729-4f01-aed2-445c0b0efadd/context &amp#27;[39m&amp#27;[32m200&amp#27;[39m &amp#27;[90m5 ms - 22&amp#27;[39m
&amp#27;[35m[HTTP]&amp#27;[39m &amp#27;[90m&amp#27;[39m
&amp#27;[35m[HTTP]&amp#27;[39m &amp#27;[37m-->&amp#27;[39m &amp#27;[37mPOST&amp#27;[39m &amp#27;[37m/wd/hub/session/116c4772-8729-4f01-aed2-445c0b0efadd/element&amp#27;[39m
&amp#27;[35m[HTTP]&amp#27;[39m &amp#27;[90m{"using":"accessibility id","value":"test-Password"}&amp#27;[39m
[debug] &amp#27;[35m[W3C (116c4772)]&amp#27;[39m Calling AppiumDriver.findElement() with args: ["accessibility id","test-Password","116c4772-8729-4f01-aed2-445c0b0efadd"]
[debug] &amp#27;[35m[BaseDriver]&amp#27;[39m Valid locator strategies for this request: xpath, id, class name, accessibility id, css selector, -android uiautomator
[debug] &amp#27;[35m[BaseDriver]&amp#27;[39m Waiting up to 0 ms for condition
[debug] &amp#27;[35m[WD Proxy]&amp#27;[39m Matched '/element' to command name 'findElement'
[debug] &amp#27;[35m[WD Proxy]&amp#27;[39m Proxying [POST /element] to [POST http://127.0.0.1:10000/wd/hub/session/8ac7f4d0-cf17-4d2a-bfad-27565f4687b8/element] with body: {"strategy":"accessibility id","selector":"test-Password","context":"","multiple":false}
[debug] &amp#27;[35m[WD Proxy]&amp#27;[39m Got response with status 200: {"sessionId":"8ac7f4d0-cf17-4d2a-bfad-27565f4687b8","value":{"ELEMENT":"48894556-c231-49f9-9f77-826fd2d34b15","element-6066-11e4-a52e-4f735466cecf":"48894556-c231-49f9-9f77-826fd2d34b15"}}
[debug] &amp#27;[35m[W3C (116c4772)]&amp#27;[39m Responding to client with driver.findElement() result: {"element-6066-11e4-a52e-4f735466cecf":"48894556-c231-49f9-9f77-826fd2d34b15","ELEMENT":"48894556-c231-49f9-9f77-826fd2d34b15"}
&amp#27;[35m[HTTP]&amp#27;[39m &amp#27;[37m<-- POST /wd/hub/session/116c4772-8729-4f01-aed2-445c0b0efadd/element &amp#27;[39m&amp#27;[32m200&amp#27;[39m &amp#27;[90m1781 ms - 137&amp#27;[39m
&amp#27;[35m[HTTP]&amp#27;[39m &amp#27;[90m&amp#27;[39m
&amp#27;[35m[HTTP]&amp#27;[39m &amp#27;[37m-->&amp#27;[39m &amp#27;[37mGET&amp#27;[39m &amp#27;[37m/wd/hub/session/116c4772-8729-4f01-aed2-445c0b0efadd/element/48894556-c231-49f9-9f77-826fd2d34b15/displayed&amp#27;[39m
&amp#27;[35m[HTTP]&amp#27;[39m &amp#27;[90m{}&amp#27;[39m
[debug] &amp#27;[35m[W3C (116c4772)]&amp#27;[39m Calling AppiumDriver.elementDisplayed() with args: ["48894556-c231-49f9-9f77-826fd2d34b15","116c4772-8729-4f01-aed2-445c0b0efadd"]
[debug] &amp#27;[35m[WD Proxy]&amp#27;[39m Matched '/element/48894556-c231-49f9-9f77-826fd2d34b15/attribute/displayed' to command name 'getAttribute'
[debug] &amp#27;[35m[WD Proxy]&amp#27;[39m Proxying [GET /element/48894556-c231-49f9-9f77-826fd2d34b15/attribute/displayed] to [GET http://127.0.0.1:10000/wd/hub/session/8ac7f4d0-cf17-4d2a-bfad-27565f4687b8/element/48894556-c231-49f9-9f77-826fd2d34b15/attribute/displayed] with no body
[debug] &amp#27;[35m[WD Proxy]&amp#27;[39m Got response with status 200: {"sessionId":"8ac7f4d0-cf17-4d2a-bfad-27565f4687b8","value":"true"}
[debug] &amp#27;[35m[W3C (116c4772)]&amp#27;[39m Responding to client with driver.elementDisplayed() result: true
&amp#27;[35m[HTTP]&amp#27;[39m &amp#27;[37m<-- GET /wd/hub/session/116c4772-8729-4f01-aed2-445c0b0efadd/element/48894556-c231-49f9-9f77-826fd2d34b15/displayed &amp#27;[39m&amp#27;[32m200&amp#27;[39m &amp#27;[90m57 ms - 14&amp#27;[39m
[INFO ] 2021-02-22 21:40:54.093 com.qa.pages.BasePage:71 - password is secret_sauce
&amp#27;[35m[HTTP]&amp#27;[39m &amp#27;[90m&amp#27;[39m
&amp#27;[35m[HTTP]&amp#27;[39m &amp#27;[37m-->&amp#27;[39m &amp#27;[37mGET&amp#27;[39m &amp#27;[37m/wd/hub/session/116c4772-8729-4f01-aed2-445c0b0efadd/context&amp#27;[39m
&amp#27;[35m[HTTP]&amp#27;[39m &amp#27;[90m{}&amp#27;[39m
[debug] &amp#27;[35m[W3C (116c4772)]&amp#27;[39m Calling AppiumDriver.getCurrentContext() with args: ["116c4772-8729-4f01-aed2-445c0b0efadd"]
[debug] &amp#27;[35m[W3C (116c4772)]&amp#27;[39m Responding to client with driver.getCurrentContext() result: "NATIVE_APP"
&amp#27;[35m[HTTP]&amp#27;[39m &amp#27;[37m<-- GET /wd/hub/session/116c4772-8729-4f01-aed2-445c0b0efadd/context &amp#27;[39m&amp#27;[32m200&amp#27;[39m &amp#27;[90m5 ms - 22&amp#27;[39m
&amp#27;[35m[HTTP]&amp#27;[39m &amp#27;[90m&amp#27;[39m
&amp#27;[35m[HTTP]&amp#27;[39m &amp#27;[37m-->&amp#27;[39m &amp#27;[37mPOST&amp#27;[39m &amp#27;[37m/wd/hub/session/116c4772-8729-4f01-aed2-445c0b0efadd/element&amp#27;[39m
&amp#27;[35m[HTTP]&amp#27;[39m &amp#27;[90m{"using":"accessibility id","value":"test-Password"}&amp#27;[39m
[debug] &amp#27;[35m[W3C (116c4772)]&amp#27;[39m Calling AppiumDriver.findElement() with args: ["accessibility id","test-Password","116c4772-8729-4f01-aed2-445c0b0efadd"]
[debug] &amp#27;[35m[BaseDriver]&amp#27;[39m Valid locator strategies for this request: xpath, id, class name, accessibility id, css selector, -android uiautomator
[debug] &amp#27;[35m[BaseDriver]&amp#27;[39m Waiting up to 0 ms for condition
[debug] &amp#27;[35m[WD Proxy]&amp#27;[39m Matched '/element' to command name 'findElement'
[debug] &amp#27;[35m[WD Proxy]&amp#27;[39m Proxying [POST /element] to [POST http://127.0.0.1:10000/wd/hub/session/8ac7f4d0-cf17-4d2a-bfad-27565f4687b8/element] with body: {"strategy":"accessibility id","selector":"test-Password","context":"","multiple":false}
[debug] &amp#27;[35m[WD Proxy]&amp#27;[39m Got response with status 200: {"sessionId":"8ac7f4d0-cf17-4d2a-bfad-27565f4687b8","value":{"ELEMENT":"10117f0f-bfec-4e8f-966b-754984d38e62","element-6066-11e4-a52e-4f735466cecf":"10117f0f-bfec-4e8f-966b-754984d38e62"}}
[debug] &amp#27;[35m[W3C (116c4772)]&amp#27;[39m Responding to client with driver.findElement() result: {"element-6066-11e4-a52e-4f735466cecf":"10117f0f-bfec-4e8f-966b-754984d38e62","ELEMENT":"10117f0f-bfec-4e8f-966b-754984d38e62"}
&amp#27;[35m[HTTP]&amp#27;[39m &amp#27;[37m<-- POST /wd/hub/session/116c4772-8729-4f01-aed2-445c0b0efadd/element &amp#27;[39m&amp#27;[32m200&amp#27;[39m &amp#27;[90m64 ms - 137&amp#27;[39m
&amp#27;[35m[HTTP]&amp#27;[39m &amp#27;[90m&amp#27;[39m
&amp#27;[35m[HTTP]&amp#27;[39m &amp#27;[37m-->&amp#27;[39m &amp#27;[37mPOST&amp#27;[39m &amp#27;[37m/wd/hub/session/116c4772-8729-4f01-aed2-445c0b0efadd/element/10117f0f-bfec-4e8f-966b-754984d38e62/value&amp#27;[39m
&amp#27;[35m[HTTP]&amp#27;[39m &amp#27;[90m{"id":"10117f0f-bfec-4e8f-966b-754984d38e62","text":"secret_sauce","value":["s","e","c","r","e","t","_","s","a","u","c","e"]}&amp#27;[39m
[debug] &amp#27;[35m[W3C (116c4772)]&amp#27;[39m Calling AppiumDriver.setValue() with args: [["s","e","c","r","e","t","_","s","a","u","c","e"],"10117f0f-bfec-4e8f-966b-754984d38e62","116c4772-8729-4f01-aed2-445c0b0efadd"]
[debug] &amp#27;[35m[WD Proxy]&amp#27;[39m Matched '/element/10117f0f-bfec-4e8f-966b-754984d38e62/value' to command name 'setValue'
[debug] &amp#27;[35m[Protocol Converter]&amp#27;[39m Added 'value' property ["s","e","c","r","e","t","_","s","a","u","c","e"] to 'setValue' request body
[debug] &amp#27;[35m[WD Proxy]&amp#27;[39m Proxying [POST /element/10117f0f-bfec-4e8f-966b-754984d38e62/value] to [POST http://127.0.0.1:10000/wd/hub/session/8ac7f4d0-cf17-4d2a-bfad-27565f4687b8/element/10117f0f-bfec-4e8f-966b-754984d38e62/value] with body: {"elementId":"10117f0f-bfec-4e8f-966b-754984d38e62","text":"secret_sauce","replace":false,"value":["s","e","c","r","e","t","_","s","a","u","c","e"]}
[debug] &amp#27;[35m[WD Proxy]&amp#27;[39m Got response with status 200: {"sessionId":"8ac7f4d0-cf17-4d2a-bfad-27565f4687b8","value":null}
[debug] &amp#27;[35m[W3C (116c4772)]&amp#27;[39m Responding to client with driver.setValue() result: null
&amp#27;[35m[HTTP]&amp#27;[39m &amp#27;[37m<-- POST /wd/hub/session/116c4772-8729-4f01-aed2-445c0b0efadd/element/10117f0f-bfec-4e8f-966b-754984d38e62/value &amp#27;[39m&amp#27;[32m200&amp#27;[39m &amp#27;[90m793 ms - 14&amp#27;[39m
&amp#27;[35m[HTTP]&amp#27;[39m &amp#27;[90m&amp#27;[39m
  And I enter password as "secret_sauce"                                                              # com.qa.stepdef.LoginStepDef.iEnterPasswordAs(java.lang.String)
&amp#27;[35m[HTTP]&amp#27;[39m &amp#27;[37m-->&amp#27;[39m &amp#27;[37mGET&amp#27;[39m &amp#27;[37m/wd/hub/session/116c4772-8729-4f01-aed2-445c0b0efadd/context&amp#27;[39m
&amp#27;[35m[HTTP]&amp#27;[39m &amp#27;[90m{}&amp#27;[39m
[debug] &amp#27;[35m[W3C (116c4772)]&amp#27;[39m Calling AppiumDriver.getCurrentContext() with args: ["116c4772-8729-4f01-aed2-445c0b0efadd"]
[debug] &amp#27;[35m[W3C (116c4772)]&amp#27;[39m Responding to client with driver.getCurrentContext() result: "NATIVE_APP"
&amp#27;[35m[HTTP]&amp#27;[39m &amp#27;[37m<-- GET /wd/hub/session/116c4772-8729-4f01-aed2-445c0b0efadd/context &amp#27;[39m&amp#27;[32m200&amp#27;[39m &amp#27;[90m4 ms - 22&amp#27;[39m
&amp#27;[35m[HTTP]&amp#27;[39m &amp#27;[90m&amp#27;[39m
&amp#27;[35m[HTTP]&amp#27;[39m &amp#27;[37m-->&amp#27;[39m &amp#27;[37mPOST&amp#27;[39m &amp#27;[37m/wd/hub/session/116c4772-8729-4f01-aed2-445c0b0efadd/element&amp#27;[39m
&amp#27;[35m[HTTP]&amp#27;[39m &amp#27;[90m{"using":"accessibility id","value":"test-LOGIN"}&amp#27;[39m
[debug] &amp#27;[35m[W3C (116c4772)]&amp#27;[39m Calling AppiumDriver.findElement() with args: ["accessibility id","test-LOGIN","116c4772-8729-4f01-aed2-445c0b0efadd"]
[debug] &amp#27;[35m[BaseDriver]&amp#27;[39m Valid locator strategies for this request: xpath, id, class name, accessibility id, css selector, -android uiautomator
[debug] &amp#27;[35m[BaseDriver]&amp#27;[39m Waiting up to 0 ms for condition
[debug] &amp#27;[35m[WD Proxy]&amp#27;[39m Matched '/element' to command name 'findElement'
[debug] &amp#27;[35m[WD Proxy]&amp#27;[39m Proxying [POST /element] to [POST http://127.0.0.1:10000/wd/hub/session/8ac7f4d0-cf17-4d2a-bfad-27565f4687b8/element] with body: {"strategy":"accessibility id","selector":"test-LOGIN","context":"","multiple":false}
[debug] &amp#27;[35m[WD Proxy]&amp#27;[39m Got response with status 200: {"sessionId":"8ac7f4d0-cf17-4d2a-bfad-27565f4687b8","value":{"ELEMENT":"5960fe6a-e245-42e8-9f51-ea35728558ea","element-6066-11e4-a52e-4f735466cecf":"5960fe6a-e245-42e8-9f51-ea35728558ea"}}
[debug] &amp#27;[35m[W3C (116c4772)]&amp#27;[39m Responding to client with driver.findElement() result: {"element-6066-11e4-a52e-4f735466cecf":"5960fe6a-e245-42e8-9f51-ea35728558ea","ELEMENT":"5960fe6a-e245-42e8-9f51-ea35728558ea"}
&amp#27;[35m[HTTP]&amp#27;[39m &amp#27;[37m<-- POST /wd/hub/session/116c4772-8729-4f01-aed2-445c0b0efadd/element &amp#27;[39m&amp#27;[32m200&amp#27;[39m &amp#27;[90m2007 ms - 137&amp#27;[39m
&amp#27;[35m[HTTP]&amp#27;[39m &amp#27;[90m&amp#27;[39m
&amp#27;[35m[HTTP]&amp#27;[39m &amp#27;[37m-->&amp#27;[39m &amp#27;[37mGET&amp#27;[39m &amp#27;[37m/wd/hub/session/116c4772-8729-4f01-aed2-445c0b0efadd/element/5960fe6a-e245-42e8-9f51-ea35728558ea/displayed&amp#27;[39m
&amp#27;[35m[HTTP]&amp#27;[39m &amp#27;[90m{}&amp#27;[39m
[debug] &amp#27;[35m[W3C (116c4772)]&amp#27;[39m Calling AppiumDriver.elementDisplayed() with args: ["5960fe6a-e245-42e8-9f51-ea35728558ea","116c4772-8729-4f01-aed2-445c0b0efadd"]
[debug] &amp#27;[35m[WD Proxy]&amp#27;[39m Matched '/element/5960fe6a-e245-42e8-9f51-ea35728558ea/attribute/displayed' to command name 'getAttribute'
[debug] &amp#27;[35m[WD Proxy]&amp#27;[39m Proxying [GET /element/5960fe6a-e245-42e8-9f51-ea35728558ea/attribute/displayed] to [GET http://127.0.0.1:10000/wd/hub/session/8ac7f4d0-cf17-4d2a-bfad-27565f4687b8/element/5960fe6a-e245-42e8-9f51-ea35728558ea/attribute/displayed] with no body
[debug] &amp#27;[35m[WD Proxy]&amp#27;[39m Got response with status 200: {"sessionId":"8ac7f4d0-cf17-4d2a-bfad-27565f4687b8","value":"true"}
[debug] &amp#27;[35m[W3C (116c4772)]&amp#27;[39m Responding to client with driver.elementDisplayed() result: true
&amp#27;[35m[HTTP]&amp#27;[39m &amp#27;[37m<-- GET /wd/hub/session/116c4772-8729-4f01-aed2-445c0b0efadd/element/5960fe6a-e245-42e8-9f51-ea35728558ea/displayed &amp#27;[39m&amp#27;[32m200&amp#27;[39m &amp#27;[90m52 ms - 14&amp#27;[39m
&amp#27;[35m[HTTP]&amp#27;[39m &amp#27;[90m&amp#27;[39m
[INFO ] 2021-02-22 21:40:57.074 com.qa.pages.BasePage:54 - press login button
&amp#27;[35m[HTTP]&amp#27;[39m &amp#27;[37m-->&amp#27;[39m &amp#27;[37mGET&amp#27;[39m &amp#27;[37m/wd/hub/session/116c4772-8729-4f01-aed2-445c0b0efadd/context&amp#27;[39m
&amp#27;[35m[HTTP]&amp#27;[39m &amp#27;[90m{}&amp#27;[39m
[debug] &amp#27;[35m[W3C (116c4772)]&amp#27;[39m Calling AppiumDriver.getCurrentContext() with args: ["116c4772-8729-4f01-aed2-445c0b0efadd"]
[debug] &amp#27;[35m[W3C (116c4772)]&amp#27;[39m Responding to client with driver.getCurrentContext() result: "NATIVE_APP"
&amp#27;[35m[HTTP]&amp#27;[39m &amp#27;[37m<-- GET /wd/hub/session/116c4772-8729-4f01-aed2-445c0b0efadd/context &amp#27;[39m&amp#27;[32m200&amp#27;[39m &amp#27;[90m6 ms - 22&amp#27;[39m
&amp#27;[35m[HTTP]&amp#27;[39m &amp#27;[90m&amp#27;[39m
&amp#27;[35m[HTTP]&amp#27;[39m &amp#27;[37m-->&amp#27;[39m &amp#27;[37mPOST&amp#27;[39m &amp#27;[37m/wd/hub/session/116c4772-8729-4f01-aed2-445c0b0efadd/element&amp#27;[39m
&amp#27;[35m[HTTP]&amp#27;[39m &amp#27;[90m{"using":"accessibility id","value":"test-LOGIN"}&amp#27;[39m
[debug] &amp#27;[35m[W3C (116c4772)]&amp#27;[39m Calling AppiumDriver.findElement() with args: ["accessibility id","test-LOGIN","116c4772-8729-4f01-aed2-445c0b0efadd"]
[debug] &amp#27;[35m[BaseDriver]&amp#27;[39m Valid locator strategies for this request: xpath, id, class name, accessibility id, css selector, -android uiautomator
[debug] &amp#27;[35m[BaseDriver]&amp#27;[39m Waiting up to 0 ms for condition
[debug] &amp#27;[35m[WD Proxy]&amp#27;[39m Matched '/element' to command name 'findElement'
[debug] &amp#27;[35m[WD Proxy]&amp#27;[39m Proxying [POST /element] to [POST http://127.0.0.1:10000/wd/hub/session/8ac7f4d0-cf17-4d2a-bfad-27565f4687b8/element] with body: {"strategy":"accessibility id","selector":"test-LOGIN","context":"","multiple":false}
[debug] &amp#27;[35m[WD Proxy]&amp#27;[39m Got response with status 200: {"sessionId":"8ac7f4d0-cf17-4d2a-bfad-27565f4687b8","value":{"ELEMENT":"31d2ec2a-a869-44cc-80bb-3701bc6b279c","element-6066-11e4-a52e-4f735466cecf":"31d2ec2a-a869-44cc-80bb-3701bc6b279c"}}
[debug] &amp#27;[35m[W3C (116c4772)]&amp#27;[39m Responding to client with driver.findElement() result: {"element-6066-11e4-a52e-4f735466cecf":"31d2ec2a-a869-44cc-80bb-3701bc6b279c","ELEMENT":"31d2ec2a-a869-44cc-80bb-3701bc6b279c"}
&amp#27;[35m[HTTP]&amp#27;[39m &amp#27;[37m<-- POST /wd/hub/session/116c4772-8729-4f01-aed2-445c0b0efadd/element &amp#27;[39m&amp#27;[32m200&amp#27;[39m &amp#27;[90m84 ms - 137&amp#27;[39m
&amp#27;[35m[HTTP]&amp#27;[39m &amp#27;[90m&amp#27;[39m
&amp#27;[35m[HTTP]&amp#27;[39m &amp#27;[37m-->&amp#27;[39m &amp#27;[37mPOST&amp#27;[39m &amp#27;[37m/wd/hub/session/116c4772-8729-4f01-aed2-445c0b0efadd/element/31d2ec2a-a869-44cc-80bb-3701bc6b279c/click&amp#27;[39m
&amp#27;[35m[HTTP]&amp#27;[39m &amp#27;[90m{"id":"31d2ec2a-a869-44cc-80bb-3701bc6b279c"}&amp#27;[39m
[debug] &amp#27;[35m[W3C (116c4772)]&amp#27;[39m Calling AppiumDriver.click() with args: ["31d2ec2a-a869-44cc-80bb-3701bc6b279c","116c4772-8729-4f01-aed2-445c0b0efadd"]
[debug] &amp#27;[35m[WD Proxy]&amp#27;[39m Matched '/element/31d2ec2a-a869-44cc-80bb-3701bc6b279c/click' to command name 'click'
[debug] &amp#27;[35m[WD Proxy]&amp#27;[39m Proxying [POST /element/31d2ec2a-a869-44cc-80bb-3701bc6b279c/click] to [POST http://127.0.0.1:10000/wd/hub/session/8ac7f4d0-cf17-4d2a-bfad-27565f4687b8/element/31d2ec2a-a869-44cc-80bb-3701bc6b279c/click] with body: {"element":"31d2ec2a-a869-44cc-80bb-3701bc6b279c"}
[debug] &amp#27;[35m[WD Proxy]&amp#27;[39m Got response with status 200: {"sessionId":"8ac7f4d0-cf17-4d2a-bfad-27565f4687b8","value":null}
[debug] &amp#27;[35m[W3C (116c4772)]&amp#27;[39m Responding to client with driver.click() result: null
&amp#27;[35m[HTTP]&amp#27;[39m &amp#27;[37m<-- POST /wd/hub/session/116c4772-8729-4f01-aed2-445c0b0efadd/element/31d2ec2a-a869-44cc-80bb-3701bc6b279c/click &amp#27;[39m&amp#27;[32m200&amp#27;[39m &amp#27;[90m89 ms - 14&amp#27;[39m
&amp#27;[35m[HTTP]&amp#27;[39m &amp#27;[90m&amp#27;[39m
  And I login                                                                                         # com.qa.stepdef.LoginStepDef.iLogin()
&amp#27;[35m[HTTP]&amp#27;[39m &amp#27;[37m-->&amp#27;[39m &amp#27;[37mGET&amp#27;[39m &amp#27;[37m/wd/hub/session/116c4772-8729-4f01-aed2-445c0b0efadd/context&amp#27;[39m
&amp#27;[35m[HTTP]&amp#27;[39m &amp#27;[90m{}&amp#27;[39m
[debug] &amp#27;[35m[W3C (116c4772)]&amp#27;[39m Calling AppiumDriver.getCurrentContext() with args: ["116c4772-8729-4f01-aed2-445c0b0efadd"]
[debug] &amp#27;[35m[W3C (116c4772)]&amp#27;[39m Responding to client with driver.getCurrentContext() result: "NATIVE_APP"
&amp#27;[35m[HTTP]&amp#27;[39m &amp#27;[37m<-- GET /wd/hub/session/116c4772-8729-4f01-aed2-445c0b0efadd/context &amp#27;[39m&amp#27;[32m200&amp#27;[39m &amp#27;[90m6 ms - 22&amp#27;[39m
&amp#27;[35m[HTTP]&amp#27;[39m &amp#27;[90m&amp#27;[39m
&amp#27;[35m[HTTP]&amp#27;[39m &amp#27;[37m-->&amp#27;[39m &amp#27;[37mPOST&amp#27;[39m &amp#27;[37m/wd/hub/session/116c4772-8729-4f01-aed2-445c0b0efadd/element&amp#27;[39m
&amp#27;[35m[HTTP]&amp#27;[39m &amp#27;[90m{"using":"xpath","value":"//android.view.ViewGroup[@content-desc=\"test-Error message\"]/android.widget.TextView"}&amp#27;[39m
[debug] &amp#27;[35m[W3C (116c4772)]&amp#27;[39m Calling AppiumDriver.findElement() with args: ["xpath","//android.view.ViewGroup[@content-desc=\"test-Error message\"]/android.widget.TextView","116c4772-8729-4f01-aed2-445c0b0efadd"]
[debug] &amp#27;[35m[BaseDriver]&amp#27;[39m Valid locator strategies for this request: xpath, id, class name, accessibility id, css selector, -android uiautomator
[debug] &amp#27;[35m[BaseDriver]&amp#27;[39m Waiting up to 0 ms for condition
[debug] &amp#27;[35m[WD Proxy]&amp#27;[39m Matched '/element' to command name 'findElement'
[debug] &amp#27;[35m[WD Proxy]&amp#27;[39m Proxying [POST /element] to [POST http://127.0.0.1:10000/wd/hub/session/8ac7f4d0-cf17-4d2a-bfad-27565f4687b8/element] with body: {"strategy":"xpath","selector":"//android.view.ViewGroup[@content-desc=\"test-Error message\"]/android.widget.TextView","context":"","multiple":false}
[debug] &amp#27;[35m[WD Proxy]&amp#27;[39m Got response with status 200: {"sessionId":"8ac7f4d0-cf17-4d2a-bfad-27565f4687b8","value":{"ELEMENT":"b97aa77c-1d1a-4c49-84c0-cc0024421315","element-6066-11e4-a52e-4f735466cecf":"b97aa77c-1d1a-4c49-84c0-cc0024421315"}}
[debug] &amp#27;[35m[W3C (116c4772)]&amp#27;[39m Responding to client with driver.findElement() result: {"element-6066-11e4-a52e-4f735466cecf":"b97aa77c-1d1a-4c49-84c0-cc0024421315","ELEMENT":"b97aa77c-1d1a-4c49-84c0-cc0024421315"}
&amp#27;[35m[HTTP]&amp#27;[39m &amp#27;[37m<-- POST /wd/hub/session/116c4772-8729-4f01-aed2-445c0b0efadd/element &amp#27;[39m&amp#27;[32m200&amp#27;[39m &amp#27;[90m117 ms - 137&amp#27;[39m
&amp#27;[35m[HTTP]&amp#27;[39m &amp#27;[90m&amp#27;[39m
&amp#27;[35m[HTTP]&amp#27;[39m &amp#27;[37m-->&amp#27;[39m &amp#27;[37mGET&amp#27;[39m &amp#27;[37m/wd/hub/session/116c4772-8729-4f01-aed2-445c0b0efadd/element/b97aa77c-1d1a-4c49-84c0-cc0024421315/displayed&amp#27;[39m
&amp#27;[35m[HTTP]&amp#27;[39m &amp#27;[90m{}&amp#27;[39m
[debug] &amp#27;[35m[W3C (116c4772)]&amp#27;[39m Calling AppiumDriver.elementDisplayed() with args: ["b97aa77c-1d1a-4c49-84c0-cc0024421315","116c4772-8729-4f01-aed2-445c0b0efadd"]
[debug] &amp#27;[35m[WD Proxy]&amp#27;[39m Matched '/element/b97aa77c-1d1a-4c49-84c0-cc0024421315/attribute/displayed' to command name 'getAttribute'
[debug] &amp#27;[35m[WD Proxy]&amp#27;[39m Proxying [GET /element/b97aa77c-1d1a-4c49-84c0-cc0024421315/attribute/displayed] to [GET http://127.0.0.1:10000/wd/hub/session/8ac7f4d0-cf17-4d2a-bfad-27565f4687b8/element/b97aa77c-1d1a-4c49-84c0-cc0024421315/attribute/displayed] with no body
[debug] &amp#27;[35m[WD Proxy]&amp#27;[39m Got response with status 200: {"sessionId":"8ac7f4d0-cf17-4d2a-bfad-27565f4687b8","value":"true"}
[debug] &amp#27;[35m[W3C (116c4772)]&amp#27;[39m Responding to client with driver.elementDisplayed() result: true
&amp#27;[35m[HTTP]&amp#27;[39m &amp#27;[37m<-- GET /wd/hub/session/116c4772-8729-4f01-aed2-445c0b0efadd/element/b97aa77c-1d1a-4c49-84c0-cc0024421315/displayed &amp#27;[39m&amp#27;[32m200&amp#27;[39m &amp#27;[90m545 ms - 14&amp#27;[39m
&amp#27;[35m[HTTP]&amp#27;[39m &amp#27;[90m&amp#27;[39m
&amp#27;[35m[HTTP]&amp#27;[39m &amp#27;[37m-->&amp#27;[39m &amp#27;[37mGET&amp#27;[39m &amp#27;[37m/wd/hub/session/116c4772-8729-4f01-aed2-445c0b0efadd/context&amp#27;[39m
&amp#27;[35m[HTTP]&amp#27;[39m &amp#27;[90m{}&amp#27;[39m
[debug] &amp#27;[35m[W3C (116c4772)]&amp#27;[39m Calling AppiumDriver.getCurrentContext() with args: ["116c4772-8729-4f01-aed2-445c0b0efadd"]
[debug] &amp#27;[35m[W3C (116c4772)]&amp#27;[39m Responding to client with driver.getCurrentContext() result: "NATIVE_APP"
&amp#27;[35m[HTTP]&amp#27;[39m &amp#27;[37m<-- GET /wd/hub/session/116c4772-8729-4f01-aed2-445c0b0efadd/context &amp#27;[39m&amp#27;[32m200&amp#27;[39m &amp#27;[90m6 ms - 22&amp#27;[39m
&amp#27;[35m[HTTP]&amp#27;[39m &amp#27;[90m&amp#27;[39m
&amp#27;[35m[HTTP]&amp#27;[39m &amp#27;[37m-->&amp#27;[39m &amp#27;[37mPOST&amp#27;[39m &amp#27;[37m/wd/hub/session/116c4772-8729-4f01-aed2-445c0b0efadd/element&amp#27;[39m
&amp#27;[35m[HTTP]&amp#27;[39m &amp#27;[90m{"using":"xpath","value":"//android.view.ViewGroup[@content-desc=\"test-Error message\"]/android.widget.TextView"}&amp#27;[39m
[debug] &amp#27;[35m[W3C (116c4772)]&amp#27;[39m Calling AppiumDriver.findElement() with args: ["xpath","//android.view.ViewGroup[@content-desc=\"test-Error message\"]/android.widget.TextView","116c4772-8729-4f01-aed2-445c0b0efadd"]
[debug] &amp#27;[35m[BaseDriver]&amp#27;[39m Valid locator strategies for this request: xpath, id, class name, accessibility id, css selector, -android uiautomator
[debug] &amp#27;[35m[BaseDriver]&amp#27;[39m Waiting up to 0 ms for condition
[debug] &amp#27;[35m[WD Proxy]&amp#27;[39m Matched '/element' to command name 'findElement'
[debug] &amp#27;[35m[WD Proxy]&amp#27;[39m Proxying [POST /element] to [POST http://127.0.0.1:10000/wd/hub/session/8ac7f4d0-cf17-4d2a-bfad-27565f4687b8/element] with body: {"strategy":"xpath","selector":"//android.view.ViewGroup[@content-desc=\"test-Error message\"]/android.widget.TextView","context":"","multiple":false}
[debug] &amp#27;[35m[WD Proxy]&amp#27;[39m Got response with status 200: {"sessionId":"8ac7f4d0-cf17-4d2a-bfad-27565f4687b8","value":{"ELEMENT":"5f020ad1-9417-4025-add4-4b2be8047282","element-6066-11e4-a52e-4f735466cecf":"5f020ad1-9417-4025-add4-4b2be8047282"}}
[debug] &amp#27;[35m[W3C (116c4772)]&amp#27;[39m Responding to client with driver.findElement() result: {"element-6066-11e4-a52e-4f735466cecf":"5f020ad1-9417-4025-add4-4b2be8047282","ELEMENT":"5f020ad1-9417-4025-add4-4b2be8047282"}
&amp#27;[35m[HTTP]&amp#27;[39m &amp#27;[37m<-- POST /wd/hub/session/116c4772-8729-4f01-aed2-445c0b0efadd/element &amp#27;[39m&amp#27;[32m200&amp#27;[39m &amp#27;[90m130 ms - 137&amp#27;[39m
&amp#27;[35m[HTTP]&amp#27;[39m &amp#27;[90m&amp#27;[39m
&amp#27;[35m[HTTP]&amp#27;[39m &amp#27;[37m-->&amp#27;[39m &amp#27;[37mGET&amp#27;[39m &amp#27;[37m/wd/hub/session/116c4772-8729-4f01-aed2-445c0b0efadd/element/5f020ad1-9417-4025-add4-4b2be8047282/attribute/text&amp#27;[39m
&amp#27;[35m[HTTP]&amp#27;[39m &amp#27;[90m{}&amp#27;[39m
[debug] &amp#27;[35m[W3C (116c4772)]&amp#27;[39m Calling AppiumDriver.getAttribute() with args: ["text","5f020ad1-9417-4025-add4-4b2be8047282","116c4772-8729-4f01-aed2-445c0b0efadd"]
[debug] &amp#27;[35m[WD Proxy]&amp#27;[39m Matched '/element/5f020ad1-9417-4025-add4-4b2be8047282/attribute/text' to command name 'getAttribute'
[debug] &amp#27;[35m[WD Proxy]&amp#27;[39m Proxying [GET /element/5f020ad1-9417-4025-add4-4b2be8047282/attribute/text] to [GET http://127.0.0.1:10000/wd/hub/session/8ac7f4d0-cf17-4d2a-bfad-27565f4687b8/element/5f020ad1-9417-4025-add4-4b2be8047282/attribute/text] with no body
[debug] &amp#27;[35m[WD Proxy]&amp#27;[39m Got response with status 200: {"sessionId":"8ac7f4d0-cf17-4d2a-bfad-27565f4687b8","value":"Username and password do not match any user in this service."}
[debug] &amp#27;[35m[W3C (116c4772)]&amp#27;[39m Responding to client with driver.getAttribute() result: "Username and password do not match any user in this service."
&amp#27;[35m[HTTP]&amp#27;[39m &amp#27;[37m<-- GET /wd/hub/session/116c4772-8729-4f01-aed2-445c0b0efadd/element/5f020ad1-9417-4025-add4-4b2be8047282/attribute/text &amp#27;[39m&amp#27;[32m200&amp#27;[39m &amp#27;[90m39 ms - 72&amp#27;[39m
&amp#27;[35m[HTTP]&amp#27;[39m &amp#27;[90m&amp#27;[39m
[INFO ] 2021-02-22 21:40:58.208 com.qa.pages.BasePage:97 - error text is - Username and password do not match any user in this service.
  Then login should fail with an error "Username and password do not match any user in this service." # com.qa.stepdef.LoginStepDef.loginShouldFailWithAnError(java.lang.String)
]]></system-out>
    <system-err><![CDATA[Feb 22, 2021 9:40:45 PM io.appium.java_client.remote.AppiumCommandExecutor$1 lambda$0
INFO: Detected dialect: W3C
]]></system-err>
  </testcase>
  <testcase name="scenario[&quot;Login With invalid Password&quot;, &quot;Optional[Login scenario]&quot;](2)" classname="com.qa.runner.MyonePlusTestNGRunnerTest" time="12.009">
    <system-out><![CDATA[
@test
Scenario Outline: Login With invalid Password                                                         # src/test/resources/Login.feature:23
&amp#27;[35m[HTTP]&amp#27;[39m &amp#27;[37m-->&amp#27;[39m &amp#27;[37mGET&amp#27;[39m &amp#27;[37m/wd/hub/session/116c4772-8729-4f01-aed2-445c0b0efadd/context&amp#27;[39m
&amp#27;[35m[HTTP]&amp#27;[39m &amp#27;[90m{}&amp#27;[39m
[debug] &amp#27;[35m[W3C (116c4772)]&amp#27;[39m Calling AppiumDriver.getCurrentContext() with args: ["116c4772-8729-4f01-aed2-445c0b0efadd"]
[debug] &amp#27;[35m[W3C (116c4772)]&amp#27;[39m Responding to client with driver.getCurrentContext() result: "NATIVE_APP"
&amp#27;[35m[HTTP]&amp#27;[39m &amp#27;[37m<-- GET /wd/hub/session/116c4772-8729-4f01-aed2-445c0b0efadd/context &amp#27;[39m&amp#27;[32m200&amp#27;[39m &amp#27;[90m5 ms - 22&amp#27;[39m
&amp#27;[35m[HTTP]&amp#27;[39m &amp#27;[90m&amp#27;[39m
&amp#27;[35m[HTTP]&amp#27;[39m &amp#27;[37m-->&amp#27;[39m &amp#27;[37mPOST&amp#27;[39m &amp#27;[37m/wd/hub/session/116c4772-8729-4f01-aed2-445c0b0efadd/element&amp#27;[39m
&amp#27;[35m[HTTP]&amp#27;[39m &amp#27;[90m{"using":"accessibility id","value":"test-Username"}&amp#27;[39m
[debug] &amp#27;[35m[W3C (116c4772)]&amp#27;[39m Calling AppiumDriver.findElement() with args: ["accessibility id","test-Username","116c4772-8729-4f01-aed2-445c0b0efadd"]
[debug] &amp#27;[35m[BaseDriver]&amp#27;[39m Valid locator strategies for this request: xpath, id, class name, accessibility id, css selector, -android uiautomator
[debug] &amp#27;[35m[BaseDriver]&amp#27;[39m Waiting up to 0 ms for condition
[debug] &amp#27;[35m[WD Proxy]&amp#27;[39m Matched '/element' to command name 'findElement'
[debug] &amp#27;[35m[WD Proxy]&amp#27;[39m Proxying [POST /element] to [POST http://127.0.0.1:10000/wd/hub/session/8ac7f4d0-cf17-4d2a-bfad-27565f4687b8/element] with body: {"strategy":"accessibility id","selector":"test-Username","context":"","multiple":false}
[debug] &amp#27;[35m[WD Proxy]&amp#27;[39m Got response with status 200: {"sessionId":"8ac7f4d0-cf17-4d2a-bfad-27565f4687b8","value":{"ELEMENT":"a5dc6d40-4bb0-4bb5-969a-45e5ff1ac732","element-6066-11e4-a52e-4f735466cecf":"a5dc6d40-4bb0-4bb5-969a-45e5ff1ac732"}}
[debug] &amp#27;[35m[W3C (116c4772)]&amp#27;[39m Responding to client with driver.findElement() result: {"element-6066-11e4-a52e-4f735466cecf":"a5dc6d40-4bb0-4bb5-969a-45e5ff1ac732","ELEMENT":"a5dc6d40-4bb0-4bb5-969a-45e5ff1ac732"}
&amp#27;[35m[HTTP]&amp#27;[39m &amp#27;[37m<-- POST /wd/hub/session/116c4772-8729-4f01-aed2-445c0b0efadd/element &amp#27;[39m&amp#27;[32m200&amp#27;[39m &amp#27;[90m81 ms - 137&amp#27;[39m
&amp#27;[35m[HTTP]&amp#27;[39m &amp#27;[90m&amp#27;[39m
&amp#27;[35m[HTTP]&amp#27;[39m &amp#27;[37m-->&amp#27;[39m &amp#27;[37mGET&amp#27;[39m &amp#27;[37m/wd/hub/session/116c4772-8729-4f01-aed2-445c0b0efadd/element/a5dc6d40-4bb0-4bb5-969a-45e5ff1ac732/displayed&amp#27;[39m
&amp#27;[35m[HTTP]&amp#27;[39m &amp#27;[90m{}&amp#27;[39m
[debug] &amp#27;[35m[W3C (116c4772)]&amp#27;[39m Calling AppiumDriver.elementDisplayed() with args: ["a5dc6d40-4bb0-4bb5-969a-45e5ff1ac732","116c4772-8729-4f01-aed2-445c0b0efadd"]
[debug] &amp#27;[35m[WD Proxy]&amp#27;[39m Matched '/element/a5dc6d40-4bb0-4bb5-969a-45e5ff1ac732/attribute/displayed' to command name 'getAttribute'
[debug] &amp#27;[35m[WD Proxy]&amp#27;[39m Proxying [GET /element/a5dc6d40-4bb0-4bb5-969a-45e5ff1ac732/attribute/displayed] to [GET http://127.0.0.1:10000/wd/hub/session/8ac7f4d0-cf17-4d2a-bfad-27565f4687b8/element/a5dc6d40-4bb0-4bb5-969a-45e5ff1ac732/attribute/displayed] with no body
[debug] &amp#27;[35m[WD Proxy]&amp#27;[39m Got response with status 200: {"sessionId":"8ac7f4d0-cf17-4d2a-bfad-27565f4687b8","value":"true"}
[debug] &amp#27;[35m[W3C (116c4772)]&amp#27;[39m Responding to client with driver.elementDisplayed() result: true
&amp#27;[35m[HTTP]&amp#27;[39m &amp#27;[37m<-- GET /wd/hub/session/116c4772-8729-4f01-aed2-445c0b0efadd/element/a5dc6d40-4bb0-4bb5-969a-45e5ff1ac732/displayed &amp#27;[39m&amp#27;[32m200&amp#27;[39m &amp#27;[90m595 ms - 14&amp#27;[39m
&amp#27;[35m[HTTP]&amp#27;[39m &amp#27;[90m&amp#27;[39m
&amp#27;[35m[HTTP]&amp#27;[39m &amp#27;[37m-->&amp#27;[39m &amp#27;[37mGET&amp#27;[39m &amp#27;[37m/wd/hub/session/116c4772-8729-4f01-aed2-445c0b0efadd/context&amp#27;[39m
&amp#27;[35m[HTTP]&amp#27;[39m &amp#27;[90m{}&amp#27;[39m
[debug] &amp#27;[35m[W3C (116c4772)]&amp#27;[39m Calling AppiumDriver.getCurrentContext() with args: ["116c4772-8729-4f01-aed2-445c0b0efadd"]
[debug] &amp#27;[35m[W3C (116c4772)]&amp#27;[39m Responding to client with driver.getCurrentContext() result: "NATIVE_APP"
&amp#27;[35m[HTTP]&amp#27;[39m &amp#27;[37m<-- GET /wd/hub/session/116c4772-8729-4f01-aed2-445c0b0efadd/context &amp#27;[39m&amp#27;[32m200&amp#27;[39m &amp#27;[90m5 ms - 22&amp#27;[39m
&amp#27;[35m[HTTP]&amp#27;[39m &amp#27;[90m&amp#27;[39m
&amp#27;[35m[HTTP]&amp#27;[39m &amp#27;[37m-->&amp#27;[39m &amp#27;[37mPOST&amp#27;[39m &amp#27;[37m/wd/hub/session/116c4772-8729-4f01-aed2-445c0b0efadd/element&amp#27;[39m
&amp#27;[35m[HTTP]&amp#27;[39m &amp#27;[90m{"using":"accessibility id","value":"test-Username"}&amp#27;[39m
[debug] &amp#27;[35m[W3C (116c4772)]&amp#27;[39m Calling AppiumDriver.findElement() with args: ["accessibility id","test-Username","116c4772-8729-4f01-aed2-445c0b0efadd"]
[debug] &amp#27;[35m[BaseDriver]&amp#27;[39m Valid locator strategies for this request: xpath, id, class name, accessibility id, css selector, -android uiautomator
[debug] &amp#27;[35m[BaseDriver]&amp#27;[39m Waiting up to 0 ms for condition
[debug] &amp#27;[35m[WD Proxy]&amp#27;[39m Matched '/element' to command name 'findElement'
[debug] &amp#27;[35m[WD Proxy]&amp#27;[39m Proxying [POST /element] to [POST http://127.0.0.1:10000/wd/hub/session/8ac7f4d0-cf17-4d2a-bfad-27565f4687b8/element] with body: {"strategy":"accessibility id","selector":"test-Username","context":"","multiple":false}
[debug] &amp#27;[35m[WD Proxy]&amp#27;[39m Got response with status 200: {"sessionId":"8ac7f4d0-cf17-4d2a-bfad-27565f4687b8","value":{"ELEMENT":"c8210bbf-6812-43a7-9f08-17822c4074ba","element-6066-11e4-a52e-4f735466cecf":"c8210bbf-6812-43a7-9f08-17822c4074ba"}}
[debug] &amp#27;[35m[W3C (116c4772)]&amp#27;[39m Responding to client with driver.findElement() result: {"element-6066-11e4-a52e-4f735466cecf":"c8210bbf-6812-43a7-9f08-17822c4074ba","ELEMENT":"c8210bbf-6812-43a7-9f08-17822c4074ba"}
&amp#27;[35m[HTTP]&amp#27;[39m &amp#27;[37m<-- POST /wd/hub/session/116c4772-8729-4f01-aed2-445c0b0efadd/element &amp#27;[39m&amp#27;[32m200&amp#27;[39m &amp#27;[90m1008 ms - 137&amp#27;[39m
&amp#27;[35m[HTTP]&amp#27;[39m &amp#27;[90m&amp#27;[39m
&amp#27;[35m[HTTP]&amp#27;[39m &amp#27;[37m-->&amp#27;[39m &amp#27;[37mPOST&amp#27;[39m &amp#27;[37m/wd/hub/session/116c4772-8729-4f01-aed2-445c0b0efadd/element/c8210bbf-6812-43a7-9f08-17822c4074ba/clear&amp#27;[39m
&amp#27;[35m[HTTP]&amp#27;[39m &amp#27;[90m{"id":"c8210bbf-6812-43a7-9f08-17822c4074ba"}&amp#27;[39m
[debug] &amp#27;[35m[W3C (116c4772)]&amp#27;[39m Calling AppiumDriver.clear() with args: ["c8210bbf-6812-43a7-9f08-17822c4074ba","116c4772-8729-4f01-aed2-445c0b0efadd"]
[debug] &amp#27;[35m[WD Proxy]&amp#27;[39m Matched '/element/c8210bbf-6812-43a7-9f08-17822c4074ba/clear' to command name 'clear'
[debug] &amp#27;[35m[WD Proxy]&amp#27;[39m Proxying [POST /element/c8210bbf-6812-43a7-9f08-17822c4074ba/clear] to [POST http://127.0.0.1:10000/wd/hub/session/8ac7f4d0-cf17-4d2a-bfad-27565f4687b8/element/c8210bbf-6812-43a7-9f08-17822c4074ba/clear] with body: {"elementId":"c8210bbf-6812-43a7-9f08-17822c4074ba"}
[debug] &amp#27;[35m[WD Proxy]&amp#27;[39m Got response with status 200: {"sessionId":"8ac7f4d0-cf17-4d2a-bfad-27565f4687b8","value":null}
[debug] &amp#27;[35m[W3C (116c4772)]&amp#27;[39m Responding to client with driver.clear() result: null
&amp#27;[35m[HTTP]&amp#27;[39m &amp#27;[37m<-- POST /wd/hub/session/116c4772-8729-4f01-aed2-445c0b0efadd/element/c8210bbf-6812-43a7-9f08-17822c4074ba/clear &amp#27;[39m&amp#27;[32m200&amp#27;[39m &amp#27;[90m59 ms - 14&amp#27;[39m
&amp#27;[35m[HTTP]&amp#27;[39m &amp#27;[90m&amp#27;[39m
&amp#27;[35m[HTTP]&amp#27;[39m &amp#27;[37m-->&amp#27;[39m &amp#27;[37mGET&amp#27;[39m &amp#27;[37m/wd/hub/session/116c4772-8729-4f01-aed2-445c0b0efadd/context&amp#27;[39m
&amp#27;[35m[HTTP]&amp#27;[39m &amp#27;[90m{}&amp#27;[39m
[debug] &amp#27;[35m[W3C (116c4772)]&amp#27;[39m Calling AppiumDriver.getCurrentContext() with args: ["116c4772-8729-4f01-aed2-445c0b0efadd"]
[debug] &amp#27;[35m[W3C (116c4772)]&amp#27;[39m Responding to client with driver.getCurrentContext() result: "NATIVE_APP"
&amp#27;[35m[HTTP]&amp#27;[39m &amp#27;[37m<-- GET /wd/hub/session/116c4772-8729-4f01-aed2-445c0b0efadd/context &amp#27;[39m&amp#27;[32m200&amp#27;[39m &amp#27;[90m5 ms - 22&amp#27;[39m
&amp#27;[35m[HTTP]&amp#27;[39m &amp#27;[90m&amp#27;[39m
&amp#27;[35m[HTTP]&amp#27;[39m &amp#27;[37m-->&amp#27;[39m &amp#27;[37mPOST&amp#27;[39m &amp#27;[37m/wd/hub/session/116c4772-8729-4f01-aed2-445c0b0efadd/element&amp#27;[39m
&amp#27;[35m[HTTP]&amp#27;[39m &amp#27;[90m{"using":"accessibility id","value":"test-Username"}&amp#27;[39m
[debug] &amp#27;[35m[W3C (116c4772)]&amp#27;[39m Calling AppiumDriver.findElement() with args: ["accessibility id","test-Username","116c4772-8729-4f01-aed2-445c0b0efadd"]
[debug] &amp#27;[35m[BaseDriver]&amp#27;[39m Valid locator strategies for this request: xpath, id, class name, accessibility id, css selector, -android uiautomator
[debug] &amp#27;[35m[BaseDriver]&amp#27;[39m Waiting up to 0 ms for condition
[debug] &amp#27;[35m[WD Proxy]&amp#27;[39m Matched '/element' to command name 'findElement'
[debug] &amp#27;[35m[WD Proxy]&amp#27;[39m Proxying [POST /element] to [POST http://127.0.0.1:10000/wd/hub/session/8ac7f4d0-cf17-4d2a-bfad-27565f4687b8/element] with body: {"strategy":"accessibility id","selector":"test-Username","context":"","multiple":false}
[debug] &amp#27;[35m[WD Proxy]&amp#27;[39m Got response with status 200: {"sessionId":"8ac7f4d0-cf17-4d2a-bfad-27565f4687b8","value":{"ELEMENT":"c4e1f09c-13ef-4986-ac22-c419a081a19e","element-6066-11e4-a52e-4f735466cecf":"c4e1f09c-13ef-4986-ac22-c419a081a19e"}}
[debug] &amp#27;[35m[W3C (116c4772)]&amp#27;[39m Responding to client with driver.findElement() result: {"element-6066-11e4-a52e-4f735466cecf":"c4e1f09c-13ef-4986-ac22-c419a081a19e","ELEMENT":"c4e1f09c-13ef-4986-ac22-c419a081a19e"}
&amp#27;[35m[HTTP]&amp#27;[39m &amp#27;[37m<-- POST /wd/hub/session/116c4772-8729-4f01-aed2-445c0b0efadd/element &amp#27;[39m&amp#27;[32m200&amp#27;[39m &amp#27;[90m898 ms - 137&amp#27;[39m
&amp#27;[35m[HTTP]&amp#27;[39m &amp#27;[90m&amp#27;[39m
&amp#27;[35m[HTTP]&amp#27;[39m &amp#27;[37m-->&amp#27;[39m &amp#27;[37mGET&amp#27;[39m &amp#27;[37m/wd/hub/session/116c4772-8729-4f01-aed2-445c0b0efadd/element/c4e1f09c-13ef-4986-ac22-c419a081a19e/displayed&amp#27;[39m
&amp#27;[35m[HTTP]&amp#27;[39m &amp#27;[90m{}&amp#27;[39m
[debug] &amp#27;[35m[W3C (116c4772)]&amp#27;[39m Calling AppiumDriver.elementDisplayed() with args: ["c4e1f09c-13ef-4986-ac22-c419a081a19e","116c4772-8729-4f01-aed2-445c0b0efadd"]
[debug] &amp#27;[35m[WD Proxy]&amp#27;[39m Matched '/element/c4e1f09c-13ef-4986-ac22-c419a081a19e/attribute/displayed' to command name 'getAttribute'
[debug] &amp#27;[35m[WD Proxy]&amp#27;[39m Proxying [GET /element/c4e1f09c-13ef-4986-ac22-c419a081a19e/attribute/displayed] to [GET http://127.0.0.1:10000/wd/hub/session/8ac7f4d0-cf17-4d2a-bfad-27565f4687b8/element/c4e1f09c-13ef-4986-ac22-c419a081a19e/attribute/displayed] with no body
[debug] &amp#27;[35m[WD Proxy]&amp#27;[39m Got response with status 200: {"sessionId":"8ac7f4d0-cf17-4d2a-bfad-27565f4687b8","value":"true"}
[debug] &amp#27;[35m[W3C (116c4772)]&amp#27;[39m Responding to client with driver.elementDisplayed() result: true
&amp#27;[35m[HTTP]&amp#27;[39m &amp#27;[37m<-- GET /wd/hub/session/116c4772-8729-4f01-aed2-445c0b0efadd/element/c4e1f09c-13ef-4986-ac22-c419a081a19e/displayed &amp#27;[39m&amp#27;[32m200&amp#27;[39m &amp#27;[90m41 ms - 14&amp#27;[39m
&amp#27;[35m[HTTP]&amp#27;[39m &amp#27;[90m&amp#27;[39m
[INFO ] 2021-02-22 21:41:01.053 com.qa.pages.BasePage:71 - login with standard_user
&amp#27;[35m[HTTP]&amp#27;[39m &amp#27;[37m-->&amp#27;[39m &amp#27;[37mGET&amp#27;[39m &amp#27;[37m/wd/hub/session/116c4772-8729-4f01-aed2-445c0b0efadd/context&amp#27;[39m
&amp#27;[35m[HTTP]&amp#27;[39m &amp#27;[90m{}&amp#27;[39m
[debug] &amp#27;[35m[W3C (116c4772)]&amp#27;[39m Calling AppiumDriver.getCurrentContext() with args: ["116c4772-8729-4f01-aed2-445c0b0efadd"]
[debug] &amp#27;[35m[W3C (116c4772)]&amp#27;[39m Responding to client with driver.getCurrentContext() result: "NATIVE_APP"
&amp#27;[35m[HTTP]&amp#27;[39m &amp#27;[37m<-- GET /wd/hub/session/116c4772-8729-4f01-aed2-445c0b0efadd/context &amp#27;[39m&amp#27;[32m200&amp#27;[39m &amp#27;[90m4 ms - 22&amp#27;[39m
&amp#27;[35m[HTTP]&amp#27;[39m &amp#27;[90m&amp#27;[39m
&amp#27;[35m[HTTP]&amp#27;[39m &amp#27;[37m-->&amp#27;[39m &amp#27;[37mPOST&amp#27;[39m &amp#27;[37m/wd/hub/session/116c4772-8729-4f01-aed2-445c0b0efadd/element&amp#27;[39m
&amp#27;[35m[HTTP]&amp#27;[39m &amp#27;[90m{"using":"accessibility id","value":"test-Username"}&amp#27;[39m
[debug] &amp#27;[35m[W3C (116c4772)]&amp#27;[39m Calling AppiumDriver.findElement() with args: ["accessibility id","test-Username","116c4772-8729-4f01-aed2-445c0b0efadd"]
[debug] &amp#27;[35m[BaseDriver]&amp#27;[39m Valid locator strategies for this request: xpath, id, class name, accessibility id, css selector, -android uiautomator
[debug] &amp#27;[35m[BaseDriver]&amp#27;[39m Waiting up to 0 ms for condition
[debug] &amp#27;[35m[WD Proxy]&amp#27;[39m Matched '/element' to command name 'findElement'
[debug] &amp#27;[35m[WD Proxy]&amp#27;[39m Proxying [POST /element] to [POST http://127.0.0.1:10000/wd/hub/session/8ac7f4d0-cf17-4d2a-bfad-27565f4687b8/element] with body: {"strategy":"accessibility id","selector":"test-Username","context":"","multiple":false}
[debug] &amp#27;[35m[WD Proxy]&amp#27;[39m Got response with status 200: {"sessionId":"8ac7f4d0-cf17-4d2a-bfad-27565f4687b8","value":{"ELEMENT":"8a092470-b2ca-4d06-bd50-7501416f10ed","element-6066-11e4-a52e-4f735466cecf":"8a092470-b2ca-4d06-bd50-7501416f10ed"}}
[debug] &amp#27;[35m[W3C (116c4772)]&amp#27;[39m Responding to client with driver.findElement() result: {"element-6066-11e4-a52e-4f735466cecf":"8a092470-b2ca-4d06-bd50-7501416f10ed","ELEMENT":"8a092470-b2ca-4d06-bd50-7501416f10ed"}
&amp#27;[35m[HTTP]&amp#27;[39m &amp#27;[37m<-- POST /wd/hub/session/116c4772-8729-4f01-aed2-445c0b0efadd/element &amp#27;[39m&amp#27;[32m200&amp#27;[39m &amp#27;[90m81 ms - 137&amp#27;[39m
&amp#27;[35m[HTTP]&amp#27;[39m &amp#27;[90m&amp#27;[39m
&amp#27;[35m[HTTP]&amp#27;[39m &amp#27;[37m-->&amp#27;[39m &amp#27;[37mPOST&amp#27;[39m &amp#27;[37m/wd/hub/session/116c4772-8729-4f01-aed2-445c0b0efadd/element/8a092470-b2ca-4d06-bd50-7501416f10ed/value&amp#27;[39m
&amp#27;[35m[HTTP]&amp#27;[39m &amp#27;[90m{"id":"8a092470-b2ca-4d06-bd50-7501416f10ed","text":"standard_user","value":["s","t","a","n","d","a","r","d","_","u","s","e","r"]}&amp#27;[39m
[debug] &amp#27;[35m[W3C (116c4772)]&amp#27;[39m Calling AppiumDriver.setValue() with args: [["s","t","a","n","d","a","r","d","_","u","s","e","r"],"8a092470-b2ca-4d06-bd50-7501416f10ed","116c4772-8729-4f01-aed2-445c0b0efadd"]
[debug] &amp#27;[35m[WD Proxy]&amp#27;[39m Matched '/element/8a092470-b2ca-4d06-bd50-7501416f10ed/value' to command name 'setValue'
[debug] &amp#27;[35m[Protocol Converter]&amp#27;[39m Added 'value' property ["s","t","a","n","d","a","r","d","_","u","s","e","r"] to 'setValue' request body
[debug] &amp#27;[35m[WD Proxy]&amp#27;[39m Proxying [POST /element/8a092470-b2ca-4d06-bd50-7501416f10ed/value] to [POST http://127.0.0.1:10000/wd/hub/session/8ac7f4d0-cf17-4d2a-bfad-27565f4687b8/element/8a092470-b2ca-4d06-bd50-7501416f10ed/value] with body: {"elementId":"8a092470-b2ca-4d06-bd50-7501416f10ed","text":"standard_user","replace":false,"value":["s","t","a","n","d","a","r","d","_","u","s","e","r"]}
[debug] &amp#27;[35m[WD Proxy]&amp#27;[39m Got response with status 200: {"sessionId":"8ac7f4d0-cf17-4d2a-bfad-27565f4687b8","value":null}
[debug] &amp#27;[35m[W3C (116c4772)]&amp#27;[39m Responding to client with driver.setValue() result: null
&amp#27;[35m[HTTP]&amp#27;[39m &amp#27;[37m<-- POST /wd/hub/session/116c4772-8729-4f01-aed2-445c0b0efadd/element/8a092470-b2ca-4d06-bd50-7501416f10ed/value &amp#27;[39m&amp#27;[32m200&amp#27;[39m &amp#27;[90m83 ms - 14&amp#27;[39m
  When I enter username as "standard_user"                                                            # com.qa.stepdef.LoginStepDef.iEnterUsernameAs(java.lang.String)
&amp#27;[35m[HTTP]&amp#27;[39m &amp#27;[90m&amp#27;[39m
&amp#27;[35m[HTTP]&amp#27;[39m &amp#27;[37m-->&amp#27;[39m &amp#27;[37mGET&amp#27;[39m &amp#27;[37m/wd/hub/session/116c4772-8729-4f01-aed2-445c0b0efadd/context&amp#27;[39m
&amp#27;[35m[HTTP]&amp#27;[39m &amp#27;[90m{}&amp#27;[39m
[debug] &amp#27;[35m[W3C (116c4772)]&amp#27;[39m Calling AppiumDriver.getCurrentContext() with args: ["116c4772-8729-4f01-aed2-445c0b0efadd"]
[debug] &amp#27;[35m[W3C (116c4772)]&amp#27;[39m Responding to client with driver.getCurrentContext() result: "NATIVE_APP"
&amp#27;[35m[HTTP]&amp#27;[39m &amp#27;[37m<-- GET /wd/hub/session/116c4772-8729-4f01-aed2-445c0b0efadd/context &amp#27;[39m&amp#27;[32m200&amp#27;[39m &amp#27;[90m4 ms - 22&amp#27;[39m
&amp#27;[35m[HTTP]&amp#27;[39m &amp#27;[90m&amp#27;[39m
&amp#27;[35m[HTTP]&amp#27;[39m &amp#27;[37m-->&amp#27;[39m &amp#27;[37mPOST&amp#27;[39m &amp#27;[37m/wd/hub/session/116c4772-8729-4f01-aed2-445c0b0efadd/element&amp#27;[39m
&amp#27;[35m[HTTP]&amp#27;[39m &amp#27;[90m{"using":"accessibility id","value":"test-Password"}&amp#27;[39m
[debug] &amp#27;[35m[W3C (116c4772)]&amp#27;[39m Calling AppiumDriver.findElement() with args: ["accessibility id","test-Password","116c4772-8729-4f01-aed2-445c0b0efadd"]
[debug] &amp#27;[35m[BaseDriver]&amp#27;[39m Valid locator strategies for this request: xpath, id, class name, accessibility id, css selector, -android uiautomator
[debug] &amp#27;[35m[BaseDriver]&amp#27;[39m Waiting up to 0 ms for condition
[debug] &amp#27;[35m[WD Proxy]&amp#27;[39m Matched '/element' to command name 'findElement'
[debug] &amp#27;[35m[WD Proxy]&amp#27;[39m Proxying [POST /element] to [POST http://127.0.0.1:10000/wd/hub/session/8ac7f4d0-cf17-4d2a-bfad-27565f4687b8/element] with body: {"strategy":"accessibility id","selector":"test-Password","context":"","multiple":false}
[debug] &amp#27;[35m[WD Proxy]&amp#27;[39m Got response with status 200: {"sessionId":"8ac7f4d0-cf17-4d2a-bfad-27565f4687b8","value":{"ELEMENT":"de234d26-c9f3-4432-934d-d3b688e81e32","element-6066-11e4-a52e-4f735466cecf":"de234d26-c9f3-4432-934d-d3b688e81e32"}}
[debug] &amp#27;[35m[W3C (116c4772)]&amp#27;[39m Responding to client with driver.findElement() result: {"element-6066-11e4-a52e-4f735466cecf":"de234d26-c9f3-4432-934d-d3b688e81e32","ELEMENT":"de234d26-c9f3-4432-934d-d3b688e81e32"}
&amp#27;[35m[HTTP]&amp#27;[39m &amp#27;[37m<-- POST /wd/hub/session/116c4772-8729-4f01-aed2-445c0b0efadd/element &amp#27;[39m&amp#27;[32m200&amp#27;[39m &amp#27;[90m1741 ms - 137&amp#27;[39m
&amp#27;[35m[HTTP]&amp#27;[39m &amp#27;[90m&amp#27;[39m
&amp#27;[35m[HTTP]&amp#27;[39m &amp#27;[37m-->&amp#27;[39m &amp#27;[37mGET&amp#27;[39m &amp#27;[37m/wd/hub/session/116c4772-8729-4f01-aed2-445c0b0efadd/element/de234d26-c9f3-4432-934d-d3b688e81e32/displayed&amp#27;[39m
&amp#27;[35m[HTTP]&amp#27;[39m &amp#27;[90m{}&amp#27;[39m
[debug] &amp#27;[35m[W3C (116c4772)]&amp#27;[39m Calling AppiumDriver.elementDisplayed() with args: ["de234d26-c9f3-4432-934d-d3b688e81e32","116c4772-8729-4f01-aed2-445c0b0efadd"]
[debug] &amp#27;[35m[WD Proxy]&amp#27;[39m Matched '/element/de234d26-c9f3-4432-934d-d3b688e81e32/attribute/displayed' to command name 'getAttribute'
[debug] &amp#27;[35m[WD Proxy]&amp#27;[39m Proxying [GET /element/de234d26-c9f3-4432-934d-d3b688e81e32/attribute/displayed] to [GET http://127.0.0.1:10000/wd/hub/session/8ac7f4d0-cf17-4d2a-bfad-27565f4687b8/element/de234d26-c9f3-4432-934d-d3b688e81e32/attribute/displayed] with no body
[debug] &amp#27;[35m[WD Proxy]&amp#27;[39m Got response with status 200: {"sessionId":"8ac7f4d0-cf17-4d2a-bfad-27565f4687b8","value":"true"}
[debug] &amp#27;[35m[W3C (116c4772)]&amp#27;[39m Responding to client with driver.elementDisplayed() result: true
&amp#27;[35m[HTTP]&amp#27;[39m &amp#27;[37m<-- GET /wd/hub/session/116c4772-8729-4f01-aed2-445c0b0efadd/element/de234d26-c9f3-4432-934d-d3b688e81e32/displayed &amp#27;[39m&amp#27;[32m200&amp#27;[39m &amp#27;[90m55 ms - 14&amp#27;[39m
&amp#27;[35m[HTTP]&amp#27;[39m &amp#27;[90m&amp#27;[39m
&amp#27;[35m[HTTP]&amp#27;[39m &amp#27;[37m-->&amp#27;[39m &amp#27;[37mGET&amp#27;[39m &amp#27;[37m/wd/hub/session/116c4772-8729-4f01-aed2-445c0b0efadd/context&amp#27;[39m
&amp#27;[35m[HTTP]&amp#27;[39m &amp#27;[90m{}&amp#27;[39m
[debug] &amp#27;[35m[W3C (116c4772)]&amp#27;[39m Calling AppiumDriver.getCurrentContext() with args: ["116c4772-8729-4f01-aed2-445c0b0efadd"]
[debug] &amp#27;[35m[W3C (116c4772)]&amp#27;[39m Responding to client with driver.getCurrentContext() result: "NATIVE_APP"
&amp#27;[35m[HTTP]&amp#27;[39m &amp#27;[37m<-- GET /wd/hub/session/116c4772-8729-4f01-aed2-445c0b0efadd/context &amp#27;[39m&amp#27;[32m200&amp#27;[39m &amp#27;[90m5 ms - 22&amp#27;[39m
&amp#27;[35m[HTTP]&amp#27;[39m &amp#27;[90m&amp#27;[39m
&amp#27;[35m[HTTP]&amp#27;[39m &amp#27;[37m-->&amp#27;[39m &amp#27;[37mPOST&amp#27;[39m &amp#27;[37m/wd/hub/session/116c4772-8729-4f01-aed2-445c0b0efadd/element&amp#27;[39m
&amp#27;[35m[HTTP]&amp#27;[39m &amp#27;[90m{"using":"accessibility id","value":"test-Password"}&amp#27;[39m
[debug] &amp#27;[35m[W3C (116c4772)]&amp#27;[39m Calling AppiumDriver.findElement() with args: ["accessibility id","test-Password","116c4772-8729-4f01-aed2-445c0b0efadd"]
[debug] &amp#27;[35m[BaseDriver]&amp#27;[39m Valid locator strategies for this request: xpath, id, class name, accessibility id, css selector, -android uiautomator
[debug] &amp#27;[35m[BaseDriver]&amp#27;[39m Waiting up to 0 ms for condition
[debug] &amp#27;[35m[WD Proxy]&amp#27;[39m Matched '/element' to command name 'findElement'
[debug] &amp#27;[35m[WD Proxy]&amp#27;[39m Proxying [POST /element] to [POST http://127.0.0.1:10000/wd/hub/session/8ac7f4d0-cf17-4d2a-bfad-27565f4687b8/element] with body: {"strategy":"accessibility id","selector":"test-Password","context":"","multiple":false}
[debug] &amp#27;[35m[WD Proxy]&amp#27;[39m Got response with status 200: {"sessionId":"8ac7f4d0-cf17-4d2a-bfad-27565f4687b8","value":{"ELEMENT":"a190f5cd-e3a2-430c-975e-3c069ed70b43","element-6066-11e4-a52e-4f735466cecf":"a190f5cd-e3a2-430c-975e-3c069ed70b43"}}
[debug] &amp#27;[35m[W3C (116c4772)]&amp#27;[39m Responding to client with driver.findElement() result: {"element-6066-11e4-a52e-4f735466cecf":"a190f5cd-e3a2-430c-975e-3c069ed70b43","ELEMENT":"a190f5cd-e3a2-430c-975e-3c069ed70b43"}
&amp#27;[35m[HTTP]&amp#27;[39m &amp#27;[37m<-- POST /wd/hub/session/116c4772-8729-4f01-aed2-445c0b0efadd/element &amp#27;[39m&amp#27;[32m200&amp#27;[39m &amp#27;[90m67 ms - 137&amp#27;[39m
&amp#27;[35m[HTTP]&amp#27;[39m &amp#27;[90m&amp#27;[39m
&amp#27;[35m[HTTP]&amp#27;[39m &amp#27;[37m-->&amp#27;[39m &amp#27;[37mPOST&amp#27;[39m &amp#27;[37m/wd/hub/session/116c4772-8729-4f01-aed2-445c0b0efadd/element/a190f5cd-e3a2-430c-975e-3c069ed70b43/clear&amp#27;[39m
&amp#27;[35m[HTTP]&amp#27;[39m &amp#27;[90m{"id":"a190f5cd-e3a2-430c-975e-3c069ed70b43"}&amp#27;[39m
[debug] &amp#27;[35m[W3C (116c4772)]&amp#27;[39m Calling AppiumDriver.clear() with args: ["a190f5cd-e3a2-430c-975e-3c069ed70b43","116c4772-8729-4f01-aed2-445c0b0efadd"]
[debug] &amp#27;[35m[WD Proxy]&amp#27;[39m Matched '/element/a190f5cd-e3a2-430c-975e-3c069ed70b43/clear' to command name 'clear'
[debug] &amp#27;[35m[WD Proxy]&amp#27;[39m Proxying [POST /element/a190f5cd-e3a2-430c-975e-3c069ed70b43/clear] to [POST http://127.0.0.1:10000/wd/hub/session/8ac7f4d0-cf17-4d2a-bfad-27565f4687b8/element/a190f5cd-e3a2-430c-975e-3c069ed70b43/clear] with body: {"elementId":"a190f5cd-e3a2-430c-975e-3c069ed70b43"}
[debug] &amp#27;[35m[WD Proxy]&amp#27;[39m Got response with status 200: {"sessionId":"8ac7f4d0-cf17-4d2a-bfad-27565f4687b8","value":null}
[debug] &amp#27;[35m[W3C (116c4772)]&amp#27;[39m Responding to client with driver.clear() result: null
&amp#27;[35m[HTTP]&amp#27;[39m &amp#27;[37m<-- POST /wd/hub/session/116c4772-8729-4f01-aed2-445c0b0efadd/element/a190f5cd-e3a2-430c-975e-3c069ed70b43/clear &amp#27;[39m&amp#27;[32m200&amp#27;[39m &amp#27;[90m744 ms - 14&amp#27;[39m
&amp#27;[35m[HTTP]&amp#27;[39m &amp#27;[90m&amp#27;[39m
&amp#27;[35m[HTTP]&amp#27;[39m &amp#27;[37m-->&amp#27;[39m &amp#27;[37mGET&amp#27;[39m &amp#27;[37m/wd/hub/session/116c4772-8729-4f01-aed2-445c0b0efadd/context&amp#27;[39m
&amp#27;[35m[HTTP]&amp#27;[39m &amp#27;[90m{}&amp#27;[39m
[debug] &amp#27;[35m[W3C (116c4772)]&amp#27;[39m Calling AppiumDriver.getCurrentContext() with args: ["116c4772-8729-4f01-aed2-445c0b0efadd"]
[debug] &amp#27;[35m[W3C (116c4772)]&amp#27;[39m Responding to client with driver.getCurrentContext() result: "NATIVE_APP"
&amp#27;[35m[HTTP]&amp#27;[39m &amp#27;[37m<-- GET /wd/hub/session/116c4772-8729-4f01-aed2-445c0b0efadd/context &amp#27;[39m&amp#27;[32m200&amp#27;[39m &amp#27;[90m3 ms - 22&amp#27;[39m
&amp#27;[35m[HTTP]&amp#27;[39m &amp#27;[90m&amp#27;[39m
&amp#27;[35m[HTTP]&amp#27;[39m &amp#27;[37m-->&amp#27;[39m &amp#27;[37mPOST&amp#27;[39m &amp#27;[37m/wd/hub/session/116c4772-8729-4f01-aed2-445c0b0efadd/element&amp#27;[39m
&amp#27;[35m[HTTP]&amp#27;[39m &amp#27;[90m{"using":"accessibility id","value":"test-Password"}&amp#27;[39m
[debug] &amp#27;[35m[W3C (116c4772)]&amp#27;[39m Calling AppiumDriver.findElement() with args: ["accessibility id","test-Password","116c4772-8729-4f01-aed2-445c0b0efadd"]
[debug] &amp#27;[35m[BaseDriver]&amp#27;[39m Valid locator strategies for this request: xpath, id, class name, accessibility id, css selector, -android uiautomator
[debug] &amp#27;[35m[BaseDriver]&amp#27;[39m Waiting up to 0 ms for condition
[debug] &amp#27;[35m[WD Proxy]&amp#27;[39m Matched '/element' to command name 'findElement'
[debug] &amp#27;[35m[WD Proxy]&amp#27;[39m Proxying [POST /element] to [POST http://127.0.0.1:10000/wd/hub/session/8ac7f4d0-cf17-4d2a-bfad-27565f4687b8/element] with body: {"strategy":"accessibility id","selector":"test-Password","context":"","multiple":false}
[debug] &amp#27;[35m[WD Proxy]&amp#27;[39m Got response with status 200: {"sessionId":"8ac7f4d0-cf17-4d2a-bfad-27565f4687b8","value":{"ELEMENT":"6068e36f-710e-41c8-b5d4-00b236af524b","element-6066-11e4-a52e-4f735466cecf":"6068e36f-710e-41c8-b5d4-00b236af524b"}}
[debug] &amp#27;[35m[W3C (116c4772)]&amp#27;[39m Responding to client with driver.findElement() result: {"element-6066-11e4-a52e-4f735466cecf":"6068e36f-710e-41c8-b5d4-00b236af524b","ELEMENT":"6068e36f-710e-41c8-b5d4-00b236af524b"}
&amp#27;[35m[HTTP]&amp#27;[39m &amp#27;[37m<-- POST /wd/hub/session/116c4772-8729-4f01-aed2-445c0b0efadd/element &amp#27;[39m&amp#27;[32m200&amp#27;[39m &amp#27;[90m1083 ms - 137&amp#27;[39m
&amp#27;[35m[HTTP]&amp#27;[39m &amp#27;[90m&amp#27;[39m
&amp#27;[35m[HTTP]&amp#27;[39m &amp#27;[37m-->&amp#27;[39m &amp#27;[37mGET&amp#27;[39m &amp#27;[37m/wd/hub/session/116c4772-8729-4f01-aed2-445c0b0efadd/element/6068e36f-710e-41c8-b5d4-00b236af524b/displayed&amp#27;[39m
&amp#27;[35m[HTTP]&amp#27;[39m &amp#27;[90m{}&amp#27;[39m
[debug] &amp#27;[35m[W3C (116c4772)]&amp#27;[39m Calling AppiumDriver.elementDisplayed() with args: ["6068e36f-710e-41c8-b5d4-00b236af524b","116c4772-8729-4f01-aed2-445c0b0efadd"]
[debug] &amp#27;[35m[WD Proxy]&amp#27;[39m Matched '/element/6068e36f-710e-41c8-b5d4-00b236af524b/attribute/displayed' to command name 'getAttribute'
[debug] &amp#27;[35m[WD Proxy]&amp#27;[39m Proxying [GET /element/6068e36f-710e-41c8-b5d4-00b236af524b/attribute/displayed] to [GET http://127.0.0.1:10000/wd/hub/session/8ac7f4d0-cf17-4d2a-bfad-27565f4687b8/element/6068e36f-710e-41c8-b5d4-00b236af524b/attribute/displayed] with no body
[debug] &amp#27;[35m[WD Proxy]&amp#27;[39m Got response with status 200: {"sessionId":"8ac7f4d0-cf17-4d2a-bfad-27565f4687b8","value":"true"}
[debug] &amp#27;[35m[W3C (116c4772)]&amp#27;[39m Responding to client with driver.elementDisplayed() result: true
&amp#27;[35m[HTTP]&amp#27;[39m &amp#27;[37m<-- GET /wd/hub/session/116c4772-8729-4f01-aed2-445c0b0efadd/element/6068e36f-710e-41c8-b5d4-00b236af524b/displayed &amp#27;[39m&amp#27;[32m200&amp#27;[39m &amp#27;[90m29 ms - 14&amp#27;[39m
&amp#27;[35m[HTTP]&amp#27;[39m &amp#27;[90m&amp#27;[39m
[INFO ] 2021-02-22 21:41:05.037 com.qa.pages.BasePage:71 - password is InvalidPaassword
&amp#27;[35m[HTTP]&amp#27;[39m &amp#27;[37m-->&amp#27;[39m &amp#27;[37mGET&amp#27;[39m &amp#27;[37m/wd/hub/session/116c4772-8729-4f01-aed2-445c0b0efadd/context&amp#27;[39m
&amp#27;[35m[HTTP]&amp#27;[39m &amp#27;[90m{}&amp#27;[39m
[debug] &amp#27;[35m[W3C (116c4772)]&amp#27;[39m Calling AppiumDriver.getCurrentContext() with args: ["116c4772-8729-4f01-aed2-445c0b0efadd"]
[debug] &amp#27;[35m[W3C (116c4772)]&amp#27;[39m Responding to client with driver.getCurrentContext() result: "NATIVE_APP"
&amp#27;[35m[HTTP]&amp#27;[39m &amp#27;[37m<-- GET /wd/hub/session/116c4772-8729-4f01-aed2-445c0b0efadd/context &amp#27;[39m&amp#27;[32m200&amp#27;[39m &amp#27;[90m3 ms - 22&amp#27;[39m
&amp#27;[35m[HTTP]&amp#27;[39m &amp#27;[90m&amp#27;[39m
&amp#27;[35m[HTTP]&amp#27;[39m &amp#27;[37m-->&amp#27;[39m &amp#27;[37mPOST&amp#27;[39m &amp#27;[37m/wd/hub/session/116c4772-8729-4f01-aed2-445c0b0efadd/element&amp#27;[39m
&amp#27;[35m[HTTP]&amp#27;[39m &amp#27;[90m{"using":"accessibility id","value":"test-Password"}&amp#27;[39m
[debug] &amp#27;[35m[W3C (116c4772)]&amp#27;[39m Calling AppiumDriver.findElement() with args: ["accessibility id","test-Password","116c4772-8729-4f01-aed2-445c0b0efadd"]
[debug] &amp#27;[35m[BaseDriver]&amp#27;[39m Valid locator strategies for this request: xpath, id, class name, accessibility id, css selector, -android uiautomator
[debug] &amp#27;[35m[BaseDriver]&amp#27;[39m Waiting up to 0 ms for condition
[debug] &amp#27;[35m[WD Proxy]&amp#27;[39m Matched '/element' to command name 'findElement'
[debug] &amp#27;[35m[WD Proxy]&amp#27;[39m Proxying [POST /element] to [POST http://127.0.0.1:10000/wd/hub/session/8ac7f4d0-cf17-4d2a-bfad-27565f4687b8/element] with body: {"strategy":"accessibility id","selector":"test-Password","context":"","multiple":false}
[debug] &amp#27;[35m[WD Proxy]&amp#27;[39m Got response with status 200: {"sessionId":"8ac7f4d0-cf17-4d2a-bfad-27565f4687b8","value":{"ELEMENT":"40c2c14d-1cec-4064-b3f0-3f9338f8b8cd","element-6066-11e4-a52e-4f735466cecf":"40c2c14d-1cec-4064-b3f0-3f9338f8b8cd"}}
[debug] &amp#27;[35m[W3C (116c4772)]&amp#27;[39m Responding to client with driver.findElement() result: {"element-6066-11e4-a52e-4f735466cecf":"40c2c14d-1cec-4064-b3f0-3f9338f8b8cd","ELEMENT":"40c2c14d-1cec-4064-b3f0-3f9338f8b8cd"}
&amp#27;[35m[HTTP]&amp#27;[39m &amp#27;[37m<-- POST /wd/hub/session/116c4772-8729-4f01-aed2-445c0b0efadd/element &amp#27;[39m&amp#27;[32m200&amp#27;[39m &amp#27;[90m957 ms - 137&amp#27;[39m
&amp#27;[35m[HTTP]&amp#27;[39m &amp#27;[90m&amp#27;[39m
&amp#27;[35m[HTTP]&amp#27;[39m &amp#27;[37m-->&amp#27;[39m &amp#27;[37mPOST&amp#27;[39m &amp#27;[37m/wd/hub/session/116c4772-8729-4f01-aed2-445c0b0efadd/element/40c2c14d-1cec-4064-b3f0-3f9338f8b8cd/value&amp#27;[39m
&amp#27;[35m[HTTP]&amp#27;[39m &amp#27;[90m{"id":"40c2c14d-1cec-4064-b3f0-3f9338f8b8cd","text":"InvalidPaassword","value":["I","n","v","a","l","i","d","P","a","a","s","s","w","o","r","d"]}&amp#27;[39m
[debug] &amp#27;[35m[W3C (116c4772)]&amp#27;[39m Calling AppiumDriver.setValue() with args: [["I","n","v","a","l","i","d","P","a","a","s","s","w","o","r","d"],"40c2c14d-1cec-4064-b3f0-3f9338f8b8cd","116c4772-8729-4f01-aed2-445c0b0efadd"]
[debug] &amp#27;[35m[WD Proxy]&amp#27;[39m Matched '/element/40c2c14d-1cec-4064-b3f0-3f9338f8b8cd/value' to command name 'setValue'
[debug] &amp#27;[35m[Protocol Converter]&amp#27;[39m Added 'value' property ["I","n","v","a","l","i","d","P","a","a","s","s","w","o","r","d"] to 'setValue' request body
[debug] &amp#27;[35m[WD Proxy]&amp#27;[39m Proxying [POST /element/40c2c14d-1cec-4064-b3f0-3f9338f8b8cd/value] to [POST http://127.0.0.1:10000/wd/hub/session/8ac7f4d0-cf17-4d2a-bfad-27565f4687b8/element/40c2c14d-1cec-4064-b3f0-3f9338f8b8cd/value] with body: {"elementId":"40c2c14d-1cec-4064-b3f0-3f9338f8b8cd","text":"InvalidPaassword","replace":false,"value":["I","n","v","a","l","i","d","P","a","a","s","s","w","o","r","d"]}
[debug] &amp#27;[35m[WD Proxy]&amp#27;[39m Got response with status 200: {"sessionId":"8ac7f4d0-cf17-4d2a-bfad-27565f4687b8","value":null}
[debug] &amp#27;[35m[W3C (116c4772)]&amp#27;[39m Responding to client with driver.setValue() result: null
&amp#27;[35m[HTTP]&amp#27;[39m &amp#27;[37m<-- POST /wd/hub/session/116c4772-8729-4f01-aed2-445c0b0efadd/element/40c2c14d-1cec-4064-b3f0-3f9338f8b8cd/value &amp#27;[39m&amp#27;[32m200&amp#27;[39m &amp#27;[90m973 ms - 14&amp#27;[39m
  And I enter password as "InvalidPaassword"                                                          # com.qa.stepdef.LoginStepDef.iEnterPasswordAs(java.lang.String)
&amp#27;[35m[HTTP]&amp#27;[39m &amp#27;[90m&amp#27;[39m
&amp#27;[35m[HTTP]&amp#27;[39m &amp#27;[37m-->&amp#27;[39m &amp#27;[37mGET&amp#27;[39m &amp#27;[37m/wd/hub/session/116c4772-8729-4f01-aed2-445c0b0efadd/context&amp#27;[39m
&amp#27;[35m[HTTP]&amp#27;[39m &amp#27;[90m{}&amp#27;[39m
[debug] &amp#27;[35m[W3C (116c4772)]&amp#27;[39m Calling AppiumDriver.getCurrentContext() with args: ["116c4772-8729-4f01-aed2-445c0b0efadd"]
[debug] &amp#27;[35m[W3C (116c4772)]&amp#27;[39m Responding to client with driver.getCurrentContext() result: "NATIVE_APP"
&amp#27;[35m[HTTP]&amp#27;[39m &amp#27;[37m<-- GET /wd/hub/session/116c4772-8729-4f01-aed2-445c0b0efadd/context &amp#27;[39m&amp#27;[32m200&amp#27;[39m &amp#27;[90m4 ms - 22&amp#27;[39m
&amp#27;[35m[HTTP]&amp#27;[39m &amp#27;[90m&amp#27;[39m
&amp#27;[35m[HTTP]&amp#27;[39m &amp#27;[37m-->&amp#27;[39m &amp#27;[37mPOST&amp#27;[39m &amp#27;[37m/wd/hub/session/116c4772-8729-4f01-aed2-445c0b0efadd/element&amp#27;[39m
&amp#27;[35m[HTTP]&amp#27;[39m &amp#27;[90m{"using":"accessibility id","value":"test-LOGIN"}&amp#27;[39m
[debug] &amp#27;[35m[W3C (116c4772)]&amp#27;[39m Calling AppiumDriver.findElement() with args: ["accessibility id","test-LOGIN","116c4772-8729-4f01-aed2-445c0b0efadd"]
[debug] &amp#27;[35m[BaseDriver]&amp#27;[39m Valid locator strategies for this request: xpath, id, class name, accessibility id, css selector, -android uiautomator
[debug] &amp#27;[35m[BaseDriver]&amp#27;[39m Waiting up to 0 ms for condition
[debug] &amp#27;[35m[WD Proxy]&amp#27;[39m Matched '/element' to command name 'findElement'
[debug] &amp#27;[35m[WD Proxy]&amp#27;[39m Proxying [POST /element] to [POST http://127.0.0.1:10000/wd/hub/session/8ac7f4d0-cf17-4d2a-bfad-27565f4687b8/element] with body: {"strategy":"accessibility id","selector":"test-LOGIN","context":"","multiple":false}
[debug] &amp#27;[35m[WD Proxy]&amp#27;[39m Got response with status 200: {"sessionId":"8ac7f4d0-cf17-4d2a-bfad-27565f4687b8","value":{"ELEMENT":"b7ed5ac2-0b28-43f9-b726-2b1dfabb22f2","element-6066-11e4-a52e-4f735466cecf":"b7ed5ac2-0b28-43f9-b726-2b1dfabb22f2"}}
[debug] &amp#27;[35m[W3C (116c4772)]&amp#27;[39m Responding to client with driver.findElement() result: {"element-6066-11e4-a52e-4f735466cecf":"b7ed5ac2-0b28-43f9-b726-2b1dfabb22f2","ELEMENT":"b7ed5ac2-0b28-43f9-b726-2b1dfabb22f2"}
&amp#27;[35m[HTTP]&amp#27;[39m &amp#27;[37m<-- POST /wd/hub/session/116c4772-8729-4f01-aed2-445c0b0efadd/element &amp#27;[39m&amp#27;[32m200&amp#27;[39m &amp#27;[90m2022 ms - 137&amp#27;[39m
&amp#27;[35m[HTTP]&amp#27;[39m &amp#27;[90m&amp#27;[39m
&amp#27;[35m[HTTP]&amp#27;[39m &amp#27;[37m-->&amp#27;[39m &amp#27;[37mGET&amp#27;[39m &amp#27;[37m/wd/hub/session/116c4772-8729-4f01-aed2-445c0b0efadd/element/b7ed5ac2-0b28-43f9-b726-2b1dfabb22f2/displayed&amp#27;[39m
&amp#27;[35m[HTTP]&amp#27;[39m &amp#27;[90m{}&amp#27;[39m
[debug] &amp#27;[35m[W3C (116c4772)]&amp#27;[39m Calling AppiumDriver.elementDisplayed() with args: ["b7ed5ac2-0b28-43f9-b726-2b1dfabb22f2","116c4772-8729-4f01-aed2-445c0b0efadd"]
[debug] &amp#27;[35m[WD Proxy]&amp#27;[39m Matched '/element/b7ed5ac2-0b28-43f9-b726-2b1dfabb22f2/attribute/displayed' to command name 'getAttribute'
[debug] &amp#27;[35m[WD Proxy]&amp#27;[39m Proxying [GET /element/b7ed5ac2-0b28-43f9-b726-2b1dfabb22f2/attribute/displayed] to [GET http://127.0.0.1:10000/wd/hub/session/8ac7f4d0-cf17-4d2a-bfad-27565f4687b8/element/b7ed5ac2-0b28-43f9-b726-2b1dfabb22f2/attribute/displayed] with no body
[debug] &amp#27;[35m[WD Proxy]&amp#27;[39m Got response with status 200: {"sessionId":"8ac7f4d0-cf17-4d2a-bfad-27565f4687b8","value":"true"}
[debug] &amp#27;[35m[W3C (116c4772)]&amp#27;[39m Responding to client with driver.elementDisplayed() result: true
&amp#27;[35m[HTTP]&amp#27;[39m &amp#27;[37m<-- GET /wd/hub/session/116c4772-8729-4f01-aed2-445c0b0efadd/element/b7ed5ac2-0b28-43f9-b726-2b1dfabb22f2/displayed &amp#27;[39m&amp#27;[32m200&amp#27;[39m &amp#27;[90m43 ms - 14&amp#27;[39m
&amp#27;[35m[HTTP]&amp#27;[39m &amp#27;[90m&amp#27;[39m
[INFO ] 2021-02-22 21:41:09.078 com.qa.pages.BasePage:54 - press login button
&amp#27;[35m[HTTP]&amp#27;[39m &amp#27;[37m-->&amp#27;[39m &amp#27;[37mGET&amp#27;[39m &amp#27;[37m/wd/hub/session/116c4772-8729-4f01-aed2-445c0b0efadd/context&amp#27;[39m
&amp#27;[35m[HTTP]&amp#27;[39m &amp#27;[90m{}&amp#27;[39m
[debug] &amp#27;[35m[W3C (116c4772)]&amp#27;[39m Calling AppiumDriver.getCurrentContext() with args: ["116c4772-8729-4f01-aed2-445c0b0efadd"]
[debug] &amp#27;[35m[W3C (116c4772)]&amp#27;[39m Responding to client with driver.getCurrentContext() result: "NATIVE_APP"
&amp#27;[35m[HTTP]&amp#27;[39m &amp#27;[37m<-- GET /wd/hub/session/116c4772-8729-4f01-aed2-445c0b0efadd/context &amp#27;[39m&amp#27;[32m200&amp#27;[39m &amp#27;[90m4 ms - 22&amp#27;[39m
&amp#27;[35m[HTTP]&amp#27;[39m &amp#27;[90m&amp#27;[39m
&amp#27;[35m[HTTP]&amp#27;[39m &amp#27;[37m-->&amp#27;[39m &amp#27;[37mPOST&amp#27;[39m &amp#27;[37m/wd/hub/session/116c4772-8729-4f01-aed2-445c0b0efadd/element&amp#27;[39m
&amp#27;[35m[HTTP]&amp#27;[39m &amp#27;[90m{"using":"accessibility id","value":"test-LOGIN"}&amp#27;[39m
[debug] &amp#27;[35m[W3C (116c4772)]&amp#27;[39m Calling AppiumDriver.findElement() with args: ["accessibility id","test-LOGIN","116c4772-8729-4f01-aed2-445c0b0efadd"]
[debug] &amp#27;[35m[BaseDriver]&amp#27;[39m Valid locator strategies for this request: xpath, id, class name, accessibility id, css selector, -android uiautomator
[debug] &amp#27;[35m[BaseDriver]&amp#27;[39m Waiting up to 0 ms for condition
[debug] &amp#27;[35m[WD Proxy]&amp#27;[39m Matched '/element' to command name 'findElement'
[debug] &amp#27;[35m[WD Proxy]&amp#27;[39m Proxying [POST /element] to [POST http://127.0.0.1:10000/wd/hub/session/8ac7f4d0-cf17-4d2a-bfad-27565f4687b8/element] with body: {"strategy":"accessibility id","selector":"test-LOGIN","context":"","multiple":false}
[debug] &amp#27;[35m[WD Proxy]&amp#27;[39m Got response with status 200: {"sessionId":"8ac7f4d0-cf17-4d2a-bfad-27565f4687b8","value":{"ELEMENT":"946f505d-276c-4de3-9bf0-0506c5408edb","element-6066-11e4-a52e-4f735466cecf":"946f505d-276c-4de3-9bf0-0506c5408edb"}}
[debug] &amp#27;[35m[W3C (116c4772)]&amp#27;[39m Responding to client with driver.findElement() result: {"element-6066-11e4-a52e-4f735466cecf":"946f505d-276c-4de3-9bf0-0506c5408edb","ELEMENT":"946f505d-276c-4de3-9bf0-0506c5408edb"}
&amp#27;[35m[HTTP]&amp#27;[39m &amp#27;[37m<-- POST /wd/hub/session/116c4772-8729-4f01-aed2-445c0b0efadd/element &amp#27;[39m&amp#27;[32m200&amp#27;[39m &amp#27;[90m98 ms - 137&amp#27;[39m
&amp#27;[35m[HTTP]&amp#27;[39m &amp#27;[90m&amp#27;[39m
&amp#27;[35m[HTTP]&amp#27;[39m &amp#27;[37m-->&amp#27;[39m &amp#27;[37mPOST&amp#27;[39m &amp#27;[37m/wd/hub/session/116c4772-8729-4f01-aed2-445c0b0efadd/element/946f505d-276c-4de3-9bf0-0506c5408edb/click&amp#27;[39m
&amp#27;[35m[HTTP]&amp#27;[39m &amp#27;[90m{"id":"946f505d-276c-4de3-9bf0-0506c5408edb"}&amp#27;[39m
[debug] &amp#27;[35m[W3C (116c4772)]&amp#27;[39m Calling AppiumDriver.click() with args: ["946f505d-276c-4de3-9bf0-0506c5408edb","116c4772-8729-4f01-aed2-445c0b0efadd"]
[debug] &amp#27;[35m[WD Proxy]&amp#27;[39m Matched '/element/946f505d-276c-4de3-9bf0-0506c5408edb/click' to command name 'click'
[debug] &amp#27;[35m[WD Proxy]&amp#27;[39m Proxying [POST /element/946f505d-276c-4de3-9bf0-0506c5408edb/click] to [POST http://127.0.0.1:10000/wd/hub/session/8ac7f4d0-cf17-4d2a-bfad-27565f4687b8/element/946f505d-276c-4de3-9bf0-0506c5408edb/click] with body: {"element":"946f505d-276c-4de3-9bf0-0506c5408edb"}
[debug] &amp#27;[35m[WD Proxy]&amp#27;[39m Got response with status 200: {"sessionId":"8ac7f4d0-cf17-4d2a-bfad-27565f4687b8","value":null}
[debug] &amp#27;[35m[W3C (116c4772)]&amp#27;[39m Responding to client with driver.click() result: null
&amp#27;[35m[HTTP]&amp#27;[39m &amp#27;[37m<-- POST /wd/hub/session/116c4772-8729-4f01-aed2-445c0b0efadd/element/946f505d-276c-4de3-9bf0-0506c5408edb/click &amp#27;[39m&amp#27;[32m200&amp#27;[39m &amp#27;[90m103 ms - 14&amp#27;[39m
&amp#27;[35m[HTTP]&amp#27;[39m &amp#27;[90m&amp#27;[39m
  And I login                                                                                         # com.qa.stepdef.LoginStepDef.iLogin()
&amp#27;[35m[HTTP]&amp#27;[39m &amp#27;[37m-->&amp#27;[39m &amp#27;[37mGET&amp#27;[39m &amp#27;[37m/wd/hub/session/116c4772-8729-4f01-aed2-445c0b0efadd/context&amp#27;[39m
&amp#27;[35m[HTTP]&amp#27;[39m &amp#27;[90m{}&amp#27;[39m
[debug] &amp#27;[35m[W3C (116c4772)]&amp#27;[39m Calling AppiumDriver.getCurrentContext() with args: ["116c4772-8729-4f01-aed2-445c0b0efadd"]
[debug] &amp#27;[35m[W3C (116c4772)]&amp#27;[39m Responding to client with driver.getCurrentContext() result: "NATIVE_APP"
&amp#27;[35m[HTTP]&amp#27;[39m &amp#27;[37m<-- GET /wd/hub/session/116c4772-8729-4f01-aed2-445c0b0efadd/context &amp#27;[39m&amp#27;[32m200&amp#27;[39m &amp#27;[90m6 ms - 22&amp#27;[39m
&amp#27;[35m[HTTP]&amp#27;[39m &amp#27;[90m&amp#27;[39m
&amp#27;[35m[HTTP]&amp#27;[39m &amp#27;[37m-->&amp#27;[39m &amp#27;[37mPOST&amp#27;[39m &amp#27;[37m/wd/hub/session/116c4772-8729-4f01-aed2-445c0b0efadd/element&amp#27;[39m
&amp#27;[35m[HTTP]&amp#27;[39m &amp#27;[90m{"using":"xpath","value":"//android.view.ViewGroup[@content-desc=\"test-Error message\"]/android.widget.TextView"}&amp#27;[39m
[debug] &amp#27;[35m[W3C (116c4772)]&amp#27;[39m Calling AppiumDriver.findElement() with args: ["xpath","//android.view.ViewGroup[@content-desc=\"test-Error message\"]/android.widget.TextView","116c4772-8729-4f01-aed2-445c0b0efadd"]
[debug] &amp#27;[35m[BaseDriver]&amp#27;[39m Valid locator strategies for this request: xpath, id, class name, accessibility id, css selector, -android uiautomator
[debug] &amp#27;[35m[BaseDriver]&amp#27;[39m Waiting up to 0 ms for condition
[debug] &amp#27;[35m[WD Proxy]&amp#27;[39m Matched '/element' to command name 'findElement'
[debug] &amp#27;[35m[WD Proxy]&amp#27;[39m Proxying [POST /element] to [POST http://127.0.0.1:10000/wd/hub/session/8ac7f4d0-cf17-4d2a-bfad-27565f4687b8/element] with body: {"strategy":"xpath","selector":"//android.view.ViewGroup[@content-desc=\"test-Error message\"]/android.widget.TextView","context":"","multiple":false}
[debug] &amp#27;[35m[WD Proxy]&amp#27;[39m Got response with status 200: {"sessionId":"8ac7f4d0-cf17-4d2a-bfad-27565f4687b8","value":{"ELEMENT":"e1ae0046-b236-47c9-8759-840368903b74","element-6066-11e4-a52e-4f735466cecf":"e1ae0046-b236-47c9-8759-840368903b74"}}
[debug] &amp#27;[35m[W3C (116c4772)]&amp#27;[39m Responding to client with driver.findElement() result: {"element-6066-11e4-a52e-4f735466cecf":"e1ae0046-b236-47c9-8759-840368903b74","ELEMENT":"e1ae0046-b236-47c9-8759-840368903b74"}
&amp#27;[35m[HTTP]&amp#27;[39m &amp#27;[37m<-- POST /wd/hub/session/116c4772-8729-4f01-aed2-445c0b0efadd/element &amp#27;[39m&amp#27;[32m200&amp#27;[39m &amp#27;[90m195 ms - 137&amp#27;[39m
&amp#27;[35m[HTTP]&amp#27;[39m &amp#27;[90m&amp#27;[39m
&amp#27;[35m[HTTP]&amp#27;[39m &amp#27;[37m-->&amp#27;[39m &amp#27;[37mGET&amp#27;[39m &amp#27;[37m/wd/hub/session/116c4772-8729-4f01-aed2-445c0b0efadd/element/e1ae0046-b236-47c9-8759-840368903b74/displayed&amp#27;[39m
&amp#27;[35m[HTTP]&amp#27;[39m &amp#27;[90m{}&amp#27;[39m
[debug] &amp#27;[35m[W3C (116c4772)]&amp#27;[39m Calling AppiumDriver.elementDisplayed() with args: ["e1ae0046-b236-47c9-8759-840368903b74","116c4772-8729-4f01-aed2-445c0b0efadd"]
[debug] &amp#27;[35m[WD Proxy]&amp#27;[39m Matched '/element/e1ae0046-b236-47c9-8759-840368903b74/attribute/displayed' to command name 'getAttribute'
[debug] &amp#27;[35m[WD Proxy]&amp#27;[39m Proxying [GET /element/e1ae0046-b236-47c9-8759-840368903b74/attribute/displayed] to [GET http://127.0.0.1:10000/wd/hub/session/8ac7f4d0-cf17-4d2a-bfad-27565f4687b8/element/e1ae0046-b236-47c9-8759-840368903b74/attribute/displayed] with no body
[debug] &amp#27;[35m[WD Proxy]&amp#27;[39m Got response with status 200: {"sessionId":"8ac7f4d0-cf17-4d2a-bfad-27565f4687b8","value":"true"}
[debug] &amp#27;[35m[W3C (116c4772)]&amp#27;[39m Responding to client with driver.elementDisplayed() result: true
&amp#27;[35m[HTTP]&amp#27;[39m &amp#27;[37m<-- GET /wd/hub/session/116c4772-8729-4f01-aed2-445c0b0efadd/element/e1ae0046-b236-47c9-8759-840368903b74/displayed &amp#27;[39m&amp#27;[32m200&amp#27;[39m &amp#27;[90m463 ms - 14&amp#27;[39m
&amp#27;[35m[HTTP]&amp#27;[39m &amp#27;[90m&amp#27;[39m
&amp#27;[35m[HTTP]&amp#27;[39m &amp#27;[37m-->&amp#27;[39m &amp#27;[37mGET&amp#27;[39m &amp#27;[37m/wd/hub/session/116c4772-8729-4f01-aed2-445c0b0efadd/context&amp#27;[39m
&amp#27;[35m[HTTP]&amp#27;[39m &amp#27;[90m{}&amp#27;[39m
[debug] &amp#27;[35m[W3C (116c4772)]&amp#27;[39m Calling AppiumDriver.getCurrentContext() with args: ["116c4772-8729-4f01-aed2-445c0b0efadd"]
[debug] &amp#27;[35m[W3C (116c4772)]&amp#27;[39m Responding to client with driver.getCurrentContext() result: "NATIVE_APP"
&amp#27;[35m[HTTP]&amp#27;[39m &amp#27;[37m<-- GET /wd/hub/session/116c4772-8729-4f01-aed2-445c0b0efadd/context &amp#27;[39m&amp#27;[32m200&amp#27;[39m &amp#27;[90m5 ms - 22&amp#27;[39m
&amp#27;[35m[HTTP]&amp#27;[39m &amp#27;[90m&amp#27;[39m
&amp#27;[35m[HTTP]&amp#27;[39m &amp#27;[37m-->&amp#27;[39m &amp#27;[37mPOST&amp#27;[39m &amp#27;[37m/wd/hub/session/116c4772-8729-4f01-aed2-445c0b0efadd/element&amp#27;[39m
&amp#27;[35m[HTTP]&amp#27;[39m &amp#27;[90m{"using":"xpath","value":"//android.view.ViewGroup[@content-desc=\"test-Error message\"]/android.widget.TextView"}&amp#27;[39m
[debug] &amp#27;[35m[W3C (116c4772)]&amp#27;[39m Calling AppiumDriver.findElement() with args: ["xpath","//android.view.ViewGroup[@content-desc=\"test-Error message\"]/android.widget.TextView","116c4772-8729-4f01-aed2-445c0b0efadd"]
[debug] &amp#27;[35m[BaseDriver]&amp#27;[39m Valid locator strategies for this request: xpath, id, class name, accessibility id, css selector, -android uiautomator
[debug] &amp#27;[35m[BaseDriver]&amp#27;[39m Waiting up to 0 ms for condition
[debug] &amp#27;[35m[WD Proxy]&amp#27;[39m Matched '/element' to command name 'findElement'
[debug] &amp#27;[35m[WD Proxy]&amp#27;[39m Proxying [POST /element] to [POST http://127.0.0.1:10000/wd/hub/session/8ac7f4d0-cf17-4d2a-bfad-27565f4687b8/element] with body: {"strategy":"xpath","selector":"//android.view.ViewGroup[@content-desc=\"test-Error message\"]/android.widget.TextView","context":"","multiple":false}
[debug] &amp#27;[35m[WD Proxy]&amp#27;[39m Got response with status 200: {"sessionId":"8ac7f4d0-cf17-4d2a-bfad-27565f4687b8","value":{"ELEMENT":"1fb1b1ad-33c2-4336-9af8-20b7cee9922e","element-6066-11e4-a52e-4f735466cecf":"1fb1b1ad-33c2-4336-9af8-20b7cee9922e"}}
[debug] &amp#27;[35m[W3C (116c4772)]&amp#27;[39m Responding to client with driver.findElement() result: {"element-6066-11e4-a52e-4f735466cecf":"1fb1b1ad-33c2-4336-9af8-20b7cee9922e","ELEMENT":"1fb1b1ad-33c2-4336-9af8-20b7cee9922e"}
&amp#27;[35m[HTTP]&amp#27;[39m &amp#27;[37m<-- POST /wd/hub/session/116c4772-8729-4f01-aed2-445c0b0efadd/element &amp#27;[39m&amp#27;[32m200&amp#27;[39m &amp#27;[90m139 ms - 137&amp#27;[39m
&amp#27;[35m[HTTP]&amp#27;[39m &amp#27;[90m&amp#27;[39m
&amp#27;[35m[HTTP]&amp#27;[39m &amp#27;[37m-->&amp#27;[39m &amp#27;[37mGET&amp#27;[39m &amp#27;[37m/wd/hub/session/116c4772-8729-4f01-aed2-445c0b0efadd/element/1fb1b1ad-33c2-4336-9af8-20b7cee9922e/attribute/text&amp#27;[39m
&amp#27;[35m[HTTP]&amp#27;[39m &amp#27;[90m{}&amp#27;[39m
[debug] &amp#27;[35m[W3C (116c4772)]&amp#27;[39m Calling AppiumDriver.getAttribute() with args: ["text","1fb1b1ad-33c2-4336-9af8-20b7cee9922e","116c4772-8729-4f01-aed2-445c0b0efadd"]
[debug] &amp#27;[35m[WD Proxy]&amp#27;[39m Matched '/element/1fb1b1ad-33c2-4336-9af8-20b7cee9922e/attribute/text' to command name 'getAttribute'
[debug] &amp#27;[35m[WD Proxy]&amp#27;[39m Proxying [GET /element/1fb1b1ad-33c2-4336-9af8-20b7cee9922e/attribute/text] to [GET http://127.0.0.1:10000/wd/hub/session/8ac7f4d0-cf17-4d2a-bfad-27565f4687b8/element/1fb1b1ad-33c2-4336-9af8-20b7cee9922e/attribute/text] with no body
[debug] &amp#27;[35m[WD Proxy]&amp#27;[39m Got response with status 200: {"sessionId":"8ac7f4d0-cf17-4d2a-bfad-27565f4687b8","value":"Username and password do not match any user in this service."}
[debug] &amp#27;[35m[W3C (116c4772)]&amp#27;[39m Responding to client with driver.getAttribute() result: "Username and password do not match any user in this service."
&amp#27;[35m[HTTP]&amp#27;[39m &amp#27;[37m<-- GET /wd/hub/session/116c4772-8729-4f01-aed2-445c0b0efadd/element/1fb1b1ad-33c2-4336-9af8-20b7cee9922e/attribute/text &amp#27;[39m&amp#27;[32m200&amp#27;[39m &amp#27;[90m40 ms - 72&amp#27;[39m
&amp#27;[35m[HTTP]&amp#27;[39m &amp#27;[90m&amp#27;[39m
[INFO ] 2021-02-22 21:41:10.193 com.qa.pages.BasePage:97 - error text is - Username and password do not match any user in this service.
  Then login should fail with an error "Username and password do not match any user in this service." # com.qa.stepdef.LoginStepDef.loginShouldFailWithAnError(java.lang.String)
]]></system-out>
  </testcase>
  <testcase name="scenario[&quot;Login With valid username and Password&quot;, &quot;Optional[Login scenario]&quot;](3)" classname="com.qa.runner.MyonePlusTestNGRunnerTest" time="11.748">
    <system-out><![CDATA[
@test
Scenario Outline: Login With valid username and Password # src/test/resources/Login.feature:32
&amp#27;[35m[HTTP]&amp#27;[39m &amp#27;[37m-->&amp#27;[39m &amp#27;[37mGET&amp#27;[39m &amp#27;[37m/wd/hub/session/116c4772-8729-4f01-aed2-445c0b0efadd/context&amp#27;[39m
&amp#27;[35m[HTTP]&amp#27;[39m &amp#27;[90m{}&amp#27;[39m
[debug] &amp#27;[35m[W3C (116c4772)]&amp#27;[39m Calling AppiumDriver.getCurrentContext() with args: ["116c4772-8729-4f01-aed2-445c0b0efadd"]
[debug] &amp#27;[35m[W3C (116c4772)]&amp#27;[39m Responding to client with driver.getCurrentContext() result: "NATIVE_APP"
&amp#27;[35m[HTTP]&amp#27;[39m &amp#27;[37m<-- GET /wd/hub/session/116c4772-8729-4f01-aed2-445c0b0efadd/context &amp#27;[39m&amp#27;[32m200&amp#27;[39m &amp#27;[90m6 ms - 22&amp#27;[39m
&amp#27;[35m[HTTP]&amp#27;[39m &amp#27;[90m&amp#27;[39m
&amp#27;[35m[HTTP]&amp#27;[39m &amp#27;[37m-->&amp#27;[39m &amp#27;[37mPOST&amp#27;[39m &amp#27;[37m/wd/hub/session/116c4772-8729-4f01-aed2-445c0b0efadd/element&amp#27;[39m
&amp#27;[35m[HTTP]&amp#27;[39m &amp#27;[90m{"using":"accessibility id","value":"test-Username"}&amp#27;[39m
[debug] &amp#27;[35m[W3C (116c4772)]&amp#27;[39m Calling AppiumDriver.findElement() with args: ["accessibility id","test-Username","116c4772-8729-4f01-aed2-445c0b0efadd"]
[debug] &amp#27;[35m[BaseDriver]&amp#27;[39m Valid locator strategies for this request: xpath, id, class name, accessibility id, css selector, -android uiautomator
[debug] &amp#27;[35m[BaseDriver]&amp#27;[39m Waiting up to 0 ms for condition
[debug] &amp#27;[35m[WD Proxy]&amp#27;[39m Matched '/element' to command name 'findElement'
[debug] &amp#27;[35m[WD Proxy]&amp#27;[39m Proxying [POST /element] to [POST http://127.0.0.1:10000/wd/hub/session/8ac7f4d0-cf17-4d2a-bfad-27565f4687b8/element] with body: {"strategy":"accessibility id","selector":"test-Username","context":"","multiple":false}
[debug] &amp#27;[35m[WD Proxy]&amp#27;[39m Got response with status 200: {"sessionId":"8ac7f4d0-cf17-4d2a-bfad-27565f4687b8","value":{"ELEMENT":"72a8981c-d0f0-4b3b-b7d2-55908c69c207","element-6066-11e4-a52e-4f735466cecf":"72a8981c-d0f0-4b3b-b7d2-55908c69c207"}}
[debug] &amp#27;[35m[W3C (116c4772)]&amp#27;[39m Responding to client with driver.findElement() result: {"element-6066-11e4-a52e-4f735466cecf":"72a8981c-d0f0-4b3b-b7d2-55908c69c207","ELEMENT":"72a8981c-d0f0-4b3b-b7d2-55908c69c207"}
&amp#27;[35m[HTTP]&amp#27;[39m &amp#27;[37m<-- POST /wd/hub/session/116c4772-8729-4f01-aed2-445c0b0efadd/element &amp#27;[39m&amp#27;[32m200&amp#27;[39m &amp#27;[90m65 ms - 137&amp#27;[39m
&amp#27;[35m[HTTP]&amp#27;[39m &amp#27;[90m&amp#27;[39m
&amp#27;[35m[HTTP]&amp#27;[39m &amp#27;[37m-->&amp#27;[39m &amp#27;[37mGET&amp#27;[39m &amp#27;[37m/wd/hub/session/116c4772-8729-4f01-aed2-445c0b0efadd/element/72a8981c-d0f0-4b3b-b7d2-55908c69c207/displayed&amp#27;[39m
&amp#27;[35m[HTTP]&amp#27;[39m &amp#27;[90m{}&amp#27;[39m
[debug] &amp#27;[35m[W3C (116c4772)]&amp#27;[39m Calling AppiumDriver.elementDisplayed() with args: ["72a8981c-d0f0-4b3b-b7d2-55908c69c207","116c4772-8729-4f01-aed2-445c0b0efadd"]
[debug] &amp#27;[35m[WD Proxy]&amp#27;[39m Matched '/element/72a8981c-d0f0-4b3b-b7d2-55908c69c207/attribute/displayed' to command name 'getAttribute'
[debug] &amp#27;[35m[WD Proxy]&amp#27;[39m Proxying [GET /element/72a8981c-d0f0-4b3b-b7d2-55908c69c207/attribute/displayed] to [GET http://127.0.0.1:10000/wd/hub/session/8ac7f4d0-cf17-4d2a-bfad-27565f4687b8/element/72a8981c-d0f0-4b3b-b7d2-55908c69c207/attribute/displayed] with no body
[debug] &amp#27;[35m[WD Proxy]&amp#27;[39m Got response with status 200: {"sessionId":"8ac7f4d0-cf17-4d2a-bfad-27565f4687b8","value":"true"}
[debug] &amp#27;[35m[W3C (116c4772)]&amp#27;[39m Responding to client with driver.elementDisplayed() result: true
&amp#27;[35m[HTTP]&amp#27;[39m &amp#27;[37m<-- GET /wd/hub/session/116c4772-8729-4f01-aed2-445c0b0efadd/element/72a8981c-d0f0-4b3b-b7d2-55908c69c207/displayed &amp#27;[39m&amp#27;[32m200&amp#27;[39m &amp#27;[90m49 ms - 14&amp#27;[39m
&amp#27;[35m[HTTP]&amp#27;[39m &amp#27;[90m&amp#27;[39m
&amp#27;[35m[HTTP]&amp#27;[39m &amp#27;[37m-->&amp#27;[39m &amp#27;[37mGET&amp#27;[39m &amp#27;[37m/wd/hub/session/116c4772-8729-4f01-aed2-445c0b0efadd/context&amp#27;[39m
&amp#27;[35m[HTTP]&amp#27;[39m &amp#27;[90m{}&amp#27;[39m
[debug] &amp#27;[35m[W3C (116c4772)]&amp#27;[39m Calling AppiumDriver.getCurrentContext() with args: ["116c4772-8729-4f01-aed2-445c0b0efadd"]
[debug] &amp#27;[35m[W3C (116c4772)]&amp#27;[39m Responding to client with driver.getCurrentContext() result: "NATIVE_APP"
&amp#27;[35m[HTTP]&amp#27;[39m &amp#27;[37m<-- GET /wd/hub/session/116c4772-8729-4f01-aed2-445c0b0efadd/context &amp#27;[39m&amp#27;[32m200&amp#27;[39m &amp#27;[90m5 ms - 22&amp#27;[39m
&amp#27;[35m[HTTP]&amp#27;[39m &amp#27;[90m&amp#27;[39m
&amp#27;[35m[HTTP]&amp#27;[39m &amp#27;[37m-->&amp#27;[39m &amp#27;[37mPOST&amp#27;[39m &amp#27;[37m/wd/hub/session/116c4772-8729-4f01-aed2-445c0b0efadd/element&amp#27;[39m
&amp#27;[35m[HTTP]&amp#27;[39m &amp#27;[90m{"using":"accessibility id","value":"test-Username"}&amp#27;[39m
[debug] &amp#27;[35m[W3C (116c4772)]&amp#27;[39m Calling AppiumDriver.findElement() with args: ["accessibility id","test-Username","116c4772-8729-4f01-aed2-445c0b0efadd"]
[debug] &amp#27;[35m[BaseDriver]&amp#27;[39m Valid locator strategies for this request: xpath, id, class name, accessibility id, css selector, -android uiautomator
[debug] &amp#27;[35m[BaseDriver]&amp#27;[39m Waiting up to 0 ms for condition
[debug] &amp#27;[35m[WD Proxy]&amp#27;[39m Matched '/element' to command name 'findElement'
[debug] &amp#27;[35m[WD Proxy]&amp#27;[39m Proxying [POST /element] to [POST http://127.0.0.1:10000/wd/hub/session/8ac7f4d0-cf17-4d2a-bfad-27565f4687b8/element] with body: {"strategy":"accessibility id","selector":"test-Username","context":"","multiple":false}
[debug] &amp#27;[35m[WD Proxy]&amp#27;[39m Got response with status 200: {"sessionId":"8ac7f4d0-cf17-4d2a-bfad-27565f4687b8","value":{"ELEMENT":"7741f3a4-0b08-407e-b446-9951d6900bf6","element-6066-11e4-a52e-4f735466cecf":"7741f3a4-0b08-407e-b446-9951d6900bf6"}}
[debug] &amp#27;[35m[W3C (116c4772)]&amp#27;[39m Responding to client with driver.findElement() result: {"element-6066-11e4-a52e-4f735466cecf":"7741f3a4-0b08-407e-b446-9951d6900bf6","ELEMENT":"7741f3a4-0b08-407e-b446-9951d6900bf6"}
&amp#27;[35m[HTTP]&amp#27;[39m &amp#27;[37m<-- POST /wd/hub/session/116c4772-8729-4f01-aed2-445c0b0efadd/element &amp#27;[39m&amp#27;[32m200&amp#27;[39m &amp#27;[90m638 ms - 137&amp#27;[39m
&amp#27;[35m[HTTP]&amp#27;[39m &amp#27;[90m&amp#27;[39m
&amp#27;[35m[HTTP]&amp#27;[39m &amp#27;[37m-->&amp#27;[39m &amp#27;[37mPOST&amp#27;[39m &amp#27;[37m/wd/hub/session/116c4772-8729-4f01-aed2-445c0b0efadd/element/7741f3a4-0b08-407e-b446-9951d6900bf6/clear&amp#27;[39m
&amp#27;[35m[HTTP]&amp#27;[39m &amp#27;[90m{"id":"7741f3a4-0b08-407e-b446-9951d6900bf6"}&amp#27;[39m
[debug] &amp#27;[35m[W3C (116c4772)]&amp#27;[39m Calling AppiumDriver.clear() with args: ["7741f3a4-0b08-407e-b446-9951d6900bf6","116c4772-8729-4f01-aed2-445c0b0efadd"]
[debug] &amp#27;[35m[WD Proxy]&amp#27;[39m Matched '/element/7741f3a4-0b08-407e-b446-9951d6900bf6/clear' to command name 'clear'
[debug] &amp#27;[35m[WD Proxy]&amp#27;[39m Proxying [POST /element/7741f3a4-0b08-407e-b446-9951d6900bf6/clear] to [POST http://127.0.0.1:10000/wd/hub/session/8ac7f4d0-cf17-4d2a-bfad-27565f4687b8/element/7741f3a4-0b08-407e-b446-9951d6900bf6/clear] with body: {"elementId":"7741f3a4-0b08-407e-b446-9951d6900bf6"}
[debug] &amp#27;[35m[WD Proxy]&amp#27;[39m Got response with status 200: {"sessionId":"8ac7f4d0-cf17-4d2a-bfad-27565f4687b8","value":null}
[debug] &amp#27;[35m[W3C (116c4772)]&amp#27;[39m Responding to client with driver.clear() result: null
&amp#27;[35m[HTTP]&amp#27;[39m &amp#27;[37m<-- POST /wd/hub/session/116c4772-8729-4f01-aed2-445c0b0efadd/element/7741f3a4-0b08-407e-b446-9951d6900bf6/clear &amp#27;[39m&amp#27;[32m200&amp#27;[39m &amp#27;[90m41 ms - 14&amp#27;[39m
&amp#27;[35m[HTTP]&amp#27;[39m &amp#27;[90m&amp#27;[39m
&amp#27;[35m[HTTP]&amp#27;[39m &amp#27;[37m-->&amp#27;[39m &amp#27;[37mGET&amp#27;[39m &amp#27;[37m/wd/hub/session/116c4772-8729-4f01-aed2-445c0b0efadd/context&amp#27;[39m
&amp#27;[35m[HTTP]&amp#27;[39m &amp#27;[90m{}&amp#27;[39m
[debug] &amp#27;[35m[W3C (116c4772)]&amp#27;[39m Calling AppiumDriver.getCurrentContext() with args: ["116c4772-8729-4f01-aed2-445c0b0efadd"]
[debug] &amp#27;[35m[W3C (116c4772)]&amp#27;[39m Responding to client with driver.getCurrentContext() result: "NATIVE_APP"
&amp#27;[35m[HTTP]&amp#27;[39m &amp#27;[37m<-- GET /wd/hub/session/116c4772-8729-4f01-aed2-445c0b0efadd/context &amp#27;[39m&amp#27;[32m200&amp#27;[39m &amp#27;[90m5 ms - 22&amp#27;[39m
&amp#27;[35m[HTTP]&amp#27;[39m &amp#27;[90m&amp#27;[39m
&amp#27;[35m[HTTP]&amp#27;[39m &amp#27;[37m-->&amp#27;[39m &amp#27;[37mPOST&amp#27;[39m &amp#27;[37m/wd/hub/session/116c4772-8729-4f01-aed2-445c0b0efadd/element&amp#27;[39m
&amp#27;[35m[HTTP]&amp#27;[39m &amp#27;[90m{"using":"accessibility id","value":"test-Username"}&amp#27;[39m
[debug] &amp#27;[35m[W3C (116c4772)]&amp#27;[39m Calling AppiumDriver.findElement() with args: ["accessibility id","test-Username","116c4772-8729-4f01-aed2-445c0b0efadd"]
[debug] &amp#27;[35m[BaseDriver]&amp#27;[39m Valid locator strategies for this request: xpath, id, class name, accessibility id, css selector, -android uiautomator
[debug] &amp#27;[35m[BaseDriver]&amp#27;[39m Waiting up to 0 ms for condition
[debug] &amp#27;[35m[WD Proxy]&amp#27;[39m Matched '/element' to command name 'findElement'
[debug] &amp#27;[35m[WD Proxy]&amp#27;[39m Proxying [POST /element] to [POST http://127.0.0.1:10000/wd/hub/session/8ac7f4d0-cf17-4d2a-bfad-27565f4687b8/element] with body: {"strategy":"accessibility id","selector":"test-Username","context":"","multiple":false}
[debug] &amp#27;[35m[WD Proxy]&amp#27;[39m Got response with status 200: {"sessionId":"8ac7f4d0-cf17-4d2a-bfad-27565f4687b8","value":{"ELEMENT":"6fc1b1db-2829-448a-9dec-d3ffe4ff11ca","element-6066-11e4-a52e-4f735466cecf":"6fc1b1db-2829-448a-9dec-d3ffe4ff11ca"}}
[debug] &amp#27;[35m[W3C (116c4772)]&amp#27;[39m Responding to client with driver.findElement() result: {"element-6066-11e4-a52e-4f735466cecf":"6fc1b1db-2829-448a-9dec-d3ffe4ff11ca","ELEMENT":"6fc1b1db-2829-448a-9dec-d3ffe4ff11ca"}
&amp#27;[35m[HTTP]&amp#27;[39m &amp#27;[37m<-- POST /wd/hub/session/116c4772-8729-4f01-aed2-445c0b0efadd/element &amp#27;[39m&amp#27;[32m200&amp#27;[39m &amp#27;[90m930 ms - 137&amp#27;[39m
&amp#27;[35m[HTTP]&amp#27;[39m &amp#27;[90m&amp#27;[39m
&amp#27;[35m[HTTP]&amp#27;[39m &amp#27;[37m-->&amp#27;[39m &amp#27;[37mGET&amp#27;[39m &amp#27;[37m/wd/hub/session/116c4772-8729-4f01-aed2-445c0b0efadd/element/6fc1b1db-2829-448a-9dec-d3ffe4ff11ca/displayed&amp#27;[39m
&amp#27;[35m[HTTP]&amp#27;[39m &amp#27;[90m{}&amp#27;[39m
[debug] &amp#27;[35m[W3C (116c4772)]&amp#27;[39m Calling AppiumDriver.elementDisplayed() with args: ["6fc1b1db-2829-448a-9dec-d3ffe4ff11ca","116c4772-8729-4f01-aed2-445c0b0efadd"]
[debug] &amp#27;[35m[WD Proxy]&amp#27;[39m Matched '/element/6fc1b1db-2829-448a-9dec-d3ffe4ff11ca/attribute/displayed' to command name 'getAttribute'
[debug] &amp#27;[35m[WD Proxy]&amp#27;[39m Proxying [GET /element/6fc1b1db-2829-448a-9dec-d3ffe4ff11ca/attribute/displayed] to [GET http://127.0.0.1:10000/wd/hub/session/8ac7f4d0-cf17-4d2a-bfad-27565f4687b8/element/6fc1b1db-2829-448a-9dec-d3ffe4ff11ca/attribute/displayed] with no body
[debug] &amp#27;[35m[WD Proxy]&amp#27;[39m Got response with status 200: {"sessionId":"8ac7f4d0-cf17-4d2a-bfad-27565f4687b8","value":"true"}
[debug] &amp#27;[35m[W3C (116c4772)]&amp#27;[39m Responding to client with driver.elementDisplayed() result: true
&amp#27;[35m[HTTP]&amp#27;[39m &amp#27;[37m<-- GET /wd/hub/session/116c4772-8729-4f01-aed2-445c0b0efadd/element/6fc1b1db-2829-448a-9dec-d3ffe4ff11ca/displayed &amp#27;[39m&amp#27;[32m200&amp#27;[39m &amp#27;[90m48 ms - 14&amp#27;[39m
&amp#27;[35m[HTTP]&amp#27;[39m &amp#27;[90m&amp#27;[39m
[INFO ] 2021-02-22 21:41:12.059 com.qa.pages.BasePage:71 - login with standard_user
&amp#27;[35m[HTTP]&amp#27;[39m &amp#27;[37m-->&amp#27;[39m &amp#27;[37mGET&amp#27;[39m &amp#27;[37m/wd/hub/session/116c4772-8729-4f01-aed2-445c0b0efadd/context&amp#27;[39m
&amp#27;[35m[HTTP]&amp#27;[39m &amp#27;[90m{}&amp#27;[39m
[debug] &amp#27;[35m[W3C (116c4772)]&amp#27;[39m Calling AppiumDriver.getCurrentContext() with args: ["116c4772-8729-4f01-aed2-445c0b0efadd"]
[debug] &amp#27;[35m[W3C (116c4772)]&amp#27;[39m Responding to client with driver.getCurrentContext() result: "NATIVE_APP"
&amp#27;[35m[HTTP]&amp#27;[39m &amp#27;[37m<-- GET /wd/hub/session/116c4772-8729-4f01-aed2-445c0b0efadd/context &amp#27;[39m&amp#27;[32m200&amp#27;[39m &amp#27;[90m5 ms - 22&amp#27;[39m
&amp#27;[35m[HTTP]&amp#27;[39m &amp#27;[90m&amp#27;[39m
&amp#27;[35m[HTTP]&amp#27;[39m &amp#27;[37m-->&amp#27;[39m &amp#27;[37mPOST&amp#27;[39m &amp#27;[37m/wd/hub/session/116c4772-8729-4f01-aed2-445c0b0efadd/element&amp#27;[39m
&amp#27;[35m[HTTP]&amp#27;[39m &amp#27;[90m{"using":"accessibility id","value":"test-Username"}&amp#27;[39m
[debug] &amp#27;[35m[W3C (116c4772)]&amp#27;[39m Calling AppiumDriver.findElement() with args: ["accessibility id","test-Username","116c4772-8729-4f01-aed2-445c0b0efadd"]
[debug] &amp#27;[35m[BaseDriver]&amp#27;[39m Valid locator strategies for this request: xpath, id, class name, accessibility id, css selector, -android uiautomator
[debug] &amp#27;[35m[BaseDriver]&amp#27;[39m Waiting up to 0 ms for condition
[debug] &amp#27;[35m[WD Proxy]&amp#27;[39m Matched '/element' to command name 'findElement'
[debug] &amp#27;[35m[WD Proxy]&amp#27;[39m Proxying [POST /element] to [POST http://127.0.0.1:10000/wd/hub/session/8ac7f4d0-cf17-4d2a-bfad-27565f4687b8/element] with body: {"strategy":"accessibility id","selector":"test-Username","context":"","multiple":false}
[debug] &amp#27;[35m[WD Proxy]&amp#27;[39m Got response with status 200: {"sessionId":"8ac7f4d0-cf17-4d2a-bfad-27565f4687b8","value":{"ELEMENT":"5f2e2717-934a-42b7-b6fe-24f876b6c2a0","element-6066-11e4-a52e-4f735466cecf":"5f2e2717-934a-42b7-b6fe-24f876b6c2a0"}}
[debug] &amp#27;[35m[W3C (116c4772)]&amp#27;[39m Responding to client with driver.findElement() result: {"element-6066-11e4-a52e-4f735466cecf":"5f2e2717-934a-42b7-b6fe-24f876b6c2a0","ELEMENT":"5f2e2717-934a-42b7-b6fe-24f876b6c2a0"}
&amp#27;[35m[HTTP]&amp#27;[39m &amp#27;[37m<-- POST /wd/hub/session/116c4772-8729-4f01-aed2-445c0b0efadd/element &amp#27;[39m&amp#27;[32m200&amp#27;[39m &amp#27;[90m64 ms - 137&amp#27;[39m
&amp#27;[35m[HTTP]&amp#27;[39m &amp#27;[90m&amp#27;[39m
&amp#27;[35m[HTTP]&amp#27;[39m &amp#27;[37m-->&amp#27;[39m &amp#27;[37mPOST&amp#27;[39m &amp#27;[37m/wd/hub/session/116c4772-8729-4f01-aed2-445c0b0efadd/element/5f2e2717-934a-42b7-b6fe-24f876b6c2a0/value&amp#27;[39m
&amp#27;[35m[HTTP]&amp#27;[39m &amp#27;[90m{"id":"5f2e2717-934a-42b7-b6fe-24f876b6c2a0","text":"standard_user","value":["s","t","a","n","d","a","r","d","_","u","s","e","r"]}&amp#27;[39m
[debug] &amp#27;[35m[W3C (116c4772)]&amp#27;[39m Calling AppiumDriver.setValue() with args: [["s","t","a","n","d","a","r","d","_","u","s","e","r"],"5f2e2717-934a-42b7-b6fe-24f876b6c2a0","116c4772-8729-4f01-aed2-445c0b0efadd"]
[debug] &amp#27;[35m[WD Proxy]&amp#27;[39m Matched '/element/5f2e2717-934a-42b7-b6fe-24f876b6c2a0/value' to command name 'setValue'
[debug] &amp#27;[35m[Protocol Converter]&amp#27;[39m Added 'value' property ["s","t","a","n","d","a","r","d","_","u","s","e","r"] to 'setValue' request body
[debug] &amp#27;[35m[WD Proxy]&amp#27;[39m Proxying [POST /element/5f2e2717-934a-42b7-b6fe-24f876b6c2a0/value] to [POST http://127.0.0.1:10000/wd/hub/session/8ac7f4d0-cf17-4d2a-bfad-27565f4687b8/element/5f2e2717-934a-42b7-b6fe-24f876b6c2a0/value] with body: {"elementId":"5f2e2717-934a-42b7-b6fe-24f876b6c2a0","text":"standard_user","replace":false,"value":["s","t","a","n","d","a","r","d","_","u","s","e","r"]}
[debug] &amp#27;[35m[WD Proxy]&amp#27;[39m Got response with status 200: {"sessionId":"8ac7f4d0-cf17-4d2a-bfad-27565f4687b8","value":null}
[debug] &amp#27;[35m[W3C (116c4772)]&amp#27;[39m Responding to client with driver.setValue() result: null
&amp#27;[35m[HTTP]&amp#27;[39m &amp#27;[37m<-- POST /wd/hub/session/116c4772-8729-4f01-aed2-445c0b0efadd/element/5f2e2717-934a-42b7-b6fe-24f876b6c2a0/value &amp#27;[39m&amp#27;[32m200&amp#27;[39m &amp#27;[90m854 ms - 14&amp#27;[39m
&amp#27;[35m[HTTP]&amp#27;[39m &amp#27;[90m&amp#27;[39m
  When I enter username as "standard_user"               # com.qa.stepdef.LoginStepDef.iEnterUsernameAs(java.lang.String)
&amp#27;[35m[HTTP]&amp#27;[39m &amp#27;[37m-->&amp#27;[39m &amp#27;[37mGET&amp#27;[39m &amp#27;[37m/wd/hub/session/116c4772-8729-4f01-aed2-445c0b0efadd/context&amp#27;[39m
&amp#27;[35m[HTTP]&amp#27;[39m &amp#27;[90m{}&amp#27;[39m
[debug] &amp#27;[35m[W3C (116c4772)]&amp#27;[39m Calling AppiumDriver.getCurrentContext() with args: ["116c4772-8729-4f01-aed2-445c0b0efadd"]
[debug] &amp#27;[35m[W3C (116c4772)]&amp#27;[39m Responding to client with driver.getCurrentContext() result: "NATIVE_APP"
&amp#27;[35m[HTTP]&amp#27;[39m &amp#27;[37m<-- GET /wd/hub/session/116c4772-8729-4f01-aed2-445c0b0efadd/context &amp#27;[39m&amp#27;[32m200&amp#27;[39m &amp#27;[90m4 ms - 22&amp#27;[39m
&amp#27;[35m[HTTP]&amp#27;[39m &amp#27;[90m&amp#27;[39m
&amp#27;[35m[HTTP]&amp#27;[39m &amp#27;[37m-->&amp#27;[39m &amp#27;[37mPOST&amp#27;[39m &amp#27;[37m/wd/hub/session/116c4772-8729-4f01-aed2-445c0b0efadd/element&amp#27;[39m
&amp#27;[35m[HTTP]&amp#27;[39m &amp#27;[90m{"using":"accessibility id","value":"test-Password"}&amp#27;[39m
[debug] &amp#27;[35m[W3C (116c4772)]&amp#27;[39m Calling AppiumDriver.findElement() with args: ["accessibility id","test-Password","116c4772-8729-4f01-aed2-445c0b0efadd"]
[debug] &amp#27;[35m[BaseDriver]&amp#27;[39m Valid locator strategies for this request: xpath, id, class name, accessibility id, css selector, -android uiautomator
[debug] &amp#27;[35m[BaseDriver]&amp#27;[39m Waiting up to 0 ms for condition
[debug] &amp#27;[35m[WD Proxy]&amp#27;[39m Matched '/element' to command name 'findElement'
[debug] &amp#27;[35m[WD Proxy]&amp#27;[39m Proxying [POST /element] to [POST http://127.0.0.1:10000/wd/hub/session/8ac7f4d0-cf17-4d2a-bfad-27565f4687b8/element] with body: {"strategy":"accessibility id","selector":"test-Password","context":"","multiple":false}
[debug] &amp#27;[35m[WD Proxy]&amp#27;[39m Got response with status 200: {"sessionId":"8ac7f4d0-cf17-4d2a-bfad-27565f4687b8","value":{"ELEMENT":"ac36556b-e93a-4daf-9a21-a7a49af4d3a3","element-6066-11e4-a52e-4f735466cecf":"ac36556b-e93a-4daf-9a21-a7a49af4d3a3"}}
[debug] &amp#27;[35m[W3C (116c4772)]&amp#27;[39m Responding to client with driver.findElement() result: {"element-6066-11e4-a52e-4f735466cecf":"ac36556b-e93a-4daf-9a21-a7a49af4d3a3","ELEMENT":"ac36556b-e93a-4daf-9a21-a7a49af4d3a3"}
&amp#27;[35m[HTTP]&amp#27;[39m &amp#27;[37m<-- POST /wd/hub/session/116c4772-8729-4f01-aed2-445c0b0efadd/element &amp#27;[39m&amp#27;[32m200&amp#27;[39m &amp#27;[90m2003 ms - 137&amp#27;[39m
&amp#27;[35m[HTTP]&amp#27;[39m &amp#27;[90m&amp#27;[39m
&amp#27;[35m[HTTP]&amp#27;[39m &amp#27;[37m-->&amp#27;[39m &amp#27;[37mGET&amp#27;[39m &amp#27;[37m/wd/hub/session/116c4772-8729-4f01-aed2-445c0b0efadd/element/ac36556b-e93a-4daf-9a21-a7a49af4d3a3/displayed&amp#27;[39m
&amp#27;[35m[HTTP]&amp#27;[39m &amp#27;[90m{}&amp#27;[39m
[debug] &amp#27;[35m[W3C (116c4772)]&amp#27;[39m Calling AppiumDriver.elementDisplayed() with args: ["ac36556b-e93a-4daf-9a21-a7a49af4d3a3","116c4772-8729-4f01-aed2-445c0b0efadd"]
[debug] &amp#27;[35m[WD Proxy]&amp#27;[39m Matched '/element/ac36556b-e93a-4daf-9a21-a7a49af4d3a3/attribute/displayed' to command name 'getAttribute'
[debug] &amp#27;[35m[WD Proxy]&amp#27;[39m Proxying [GET /element/ac36556b-e93a-4daf-9a21-a7a49af4d3a3/attribute/displayed] to [GET http://127.0.0.1:10000/wd/hub/session/8ac7f4d0-cf17-4d2a-bfad-27565f4687b8/element/ac36556b-e93a-4daf-9a21-a7a49af4d3a3/attribute/displayed] with no body
[debug] &amp#27;[35m[WD Proxy]&amp#27;[39m Got response with status 200: {"sessionId":"8ac7f4d0-cf17-4d2a-bfad-27565f4687b8","value":"true"}
[debug] &amp#27;[35m[W3C (116c4772)]&amp#27;[39m Responding to client with driver.elementDisplayed() result: true
&amp#27;[35m[HTTP]&amp#27;[39m &amp#27;[37m<-- GET /wd/hub/session/116c4772-8729-4f01-aed2-445c0b0efadd/element/ac36556b-e93a-4daf-9a21-a7a49af4d3a3/displayed &amp#27;[39m&amp#27;[32m200&amp#27;[39m &amp#27;[90m44 ms - 14&amp#27;[39m
&amp#27;[35m[HTTP]&amp#27;[39m &amp#27;[90m&amp#27;[39m
&amp#27;[35m[HTTP]&amp#27;[39m &amp#27;[37m-->&amp#27;[39m &amp#27;[37mGET&amp#27;[39m &amp#27;[37m/wd/hub/session/116c4772-8729-4f01-aed2-445c0b0efadd/context&amp#27;[39m
&amp#27;[35m[HTTP]&amp#27;[39m &amp#27;[90m{}&amp#27;[39m
[debug] &amp#27;[35m[W3C (116c4772)]&amp#27;[39m Calling AppiumDriver.getCurrentContext() with args: ["116c4772-8729-4f01-aed2-445c0b0efadd"]
[debug] &amp#27;[35m[W3C (116c4772)]&amp#27;[39m Responding to client with driver.getCurrentContext() result: "NATIVE_APP"
&amp#27;[35m[HTTP]&amp#27;[39m &amp#27;[37m<-- GET /wd/hub/session/116c4772-8729-4f01-aed2-445c0b0efadd/context &amp#27;[39m&amp#27;[32m200&amp#27;[39m &amp#27;[90m3 ms - 22&amp#27;[39m
&amp#27;[35m[HTTP]&amp#27;[39m &amp#27;[90m&amp#27;[39m
&amp#27;[35m[HTTP]&amp#27;[39m &amp#27;[37m-->&amp#27;[39m &amp#27;[37mPOST&amp#27;[39m &amp#27;[37m/wd/hub/session/116c4772-8729-4f01-aed2-445c0b0efadd/element&amp#27;[39m
&amp#27;[35m[HTTP]&amp#27;[39m &amp#27;[90m{"using":"accessibility id","value":"test-Password"}&amp#27;[39m
[debug] &amp#27;[35m[W3C (116c4772)]&amp#27;[39m Calling AppiumDriver.findElement() with args: ["accessibility id","test-Password","116c4772-8729-4f01-aed2-445c0b0efadd"]
[debug] &amp#27;[35m[BaseDriver]&amp#27;[39m Valid locator strategies for this request: xpath, id, class name, accessibility id, css selector, -android uiautomator
[debug] &amp#27;[35m[BaseDriver]&amp#27;[39m Waiting up to 0 ms for condition
[debug] &amp#27;[35m[WD Proxy]&amp#27;[39m Matched '/element' to command name 'findElement'
[debug] &amp#27;[35m[WD Proxy]&amp#27;[39m Proxying [POST /element] to [POST http://127.0.0.1:10000/wd/hub/session/8ac7f4d0-cf17-4d2a-bfad-27565f4687b8/element] with body: {"strategy":"accessibility id","selector":"test-Password","context":"","multiple":false}
[debug] &amp#27;[35m[WD Proxy]&amp#27;[39m Got response with status 200: {"sessionId":"8ac7f4d0-cf17-4d2a-bfad-27565f4687b8","value":{"ELEMENT":"7e45dec1-f192-477d-a192-058f31bee0e6","element-6066-11e4-a52e-4f735466cecf":"7e45dec1-f192-477d-a192-058f31bee0e6"}}
[debug] &amp#27;[35m[W3C (116c4772)]&amp#27;[39m Responding to client with driver.findElement() result: {"element-6066-11e4-a52e-4f735466cecf":"7e45dec1-f192-477d-a192-058f31bee0e6","ELEMENT":"7e45dec1-f192-477d-a192-058f31bee0e6"}
&amp#27;[35m[HTTP]&amp#27;[39m &amp#27;[37m<-- POST /wd/hub/session/116c4772-8729-4f01-aed2-445c0b0efadd/element &amp#27;[39m&amp#27;[32m200&amp#27;[39m &amp#27;[90m70 ms - 137&amp#27;[39m
&amp#27;[35m[HTTP]&amp#27;[39m &amp#27;[90m&amp#27;[39m
&amp#27;[35m[HTTP]&amp#27;[39m &amp#27;[37m-->&amp#27;[39m &amp#27;[37mPOST&amp#27;[39m &amp#27;[37m/wd/hub/session/116c4772-8729-4f01-aed2-445c0b0efadd/element/7e45dec1-f192-477d-a192-058f31bee0e6/clear&amp#27;[39m
&amp#27;[35m[HTTP]&amp#27;[39m &amp#27;[90m{"id":"7e45dec1-f192-477d-a192-058f31bee0e6"}&amp#27;[39m
[debug] &amp#27;[35m[W3C (116c4772)]&amp#27;[39m Calling AppiumDriver.clear() with args: ["7e45dec1-f192-477d-a192-058f31bee0e6","116c4772-8729-4f01-aed2-445c0b0efadd"]
[debug] &amp#27;[35m[WD Proxy]&amp#27;[39m Matched '/element/7e45dec1-f192-477d-a192-058f31bee0e6/clear' to command name 'clear'
[debug] &amp#27;[35m[WD Proxy]&amp#27;[39m Proxying [POST /element/7e45dec1-f192-477d-a192-058f31bee0e6/clear] to [POST http://127.0.0.1:10000/wd/hub/session/8ac7f4d0-cf17-4d2a-bfad-27565f4687b8/element/7e45dec1-f192-477d-a192-058f31bee0e6/clear] with body: {"elementId":"7e45dec1-f192-477d-a192-058f31bee0e6"}
[debug] &amp#27;[35m[WD Proxy]&amp#27;[39m Got response with status 200: {"sessionId":"8ac7f4d0-cf17-4d2a-bfad-27565f4687b8","value":null}
[debug] &amp#27;[35m[W3C (116c4772)]&amp#27;[39m Responding to client with driver.clear() result: null
&amp#27;[35m[HTTP]&amp#27;[39m &amp#27;[37m<-- POST /wd/hub/session/116c4772-8729-4f01-aed2-445c0b0efadd/element/7e45dec1-f192-477d-a192-058f31bee0e6/clear &amp#27;[39m&amp#27;[32m200&amp#27;[39m &amp#27;[90m58 ms - 14&amp#27;[39m
&amp#27;[35m[HTTP]&amp#27;[39m &amp#27;[90m&amp#27;[39m
&amp#27;[35m[HTTP]&amp#27;[39m &amp#27;[37m-->&amp#27;[39m &amp#27;[37mGET&amp#27;[39m &amp#27;[37m/wd/hub/session/116c4772-8729-4f01-aed2-445c0b0efadd/context&amp#27;[39m
&amp#27;[35m[HTTP]&amp#27;[39m &amp#27;[90m{}&amp#27;[39m
[debug] &amp#27;[35m[W3C (116c4772)]&amp#27;[39m Calling AppiumDriver.getCurrentContext() with args: ["116c4772-8729-4f01-aed2-445c0b0efadd"]
[debug] &amp#27;[35m[W3C (116c4772)]&amp#27;[39m Responding to client with driver.getCurrentContext() result: "NATIVE_APP"
&amp#27;[35m[HTTP]&amp#27;[39m &amp#27;[37m<-- GET /wd/hub/session/116c4772-8729-4f01-aed2-445c0b0efadd/context &amp#27;[39m&amp#27;[32m200&amp#27;[39m &amp#27;[90m4 ms - 22&amp#27;[39m
&amp#27;[35m[HTTP]&amp#27;[39m &amp#27;[90m&amp#27;[39m
&amp#27;[35m[HTTP]&amp#27;[39m &amp#27;[37m-->&amp#27;[39m &amp#27;[37mPOST&amp#27;[39m &amp#27;[37m/wd/hub/session/116c4772-8729-4f01-aed2-445c0b0efadd/element&amp#27;[39m
&amp#27;[35m[HTTP]&amp#27;[39m &amp#27;[90m{"using":"accessibility id","value":"test-Password"}&amp#27;[39m
[debug] &amp#27;[35m[W3C (116c4772)]&amp#27;[39m Calling AppiumDriver.findElement() with args: ["accessibility id","test-Password","116c4772-8729-4f01-aed2-445c0b0efadd"]
[debug] &amp#27;[35m[BaseDriver]&amp#27;[39m Valid locator strategies for this request: xpath, id, class name, accessibility id, css selector, -android uiautomator
[debug] &amp#27;[35m[BaseDriver]&amp#27;[39m Waiting up to 0 ms for condition
[debug] &amp#27;[35m[WD Proxy]&amp#27;[39m Matched '/element' to command name 'findElement'
[debug] &amp#27;[35m[WD Proxy]&amp#27;[39m Proxying [POST /element] to [POST http://127.0.0.1:10000/wd/hub/session/8ac7f4d0-cf17-4d2a-bfad-27565f4687b8/element] with body: {"strategy":"accessibility id","selector":"test-Password","context":"","multiple":false}
[debug] &amp#27;[35m[WD Proxy]&amp#27;[39m Got response with status 200: {"sessionId":"8ac7f4d0-cf17-4d2a-bfad-27565f4687b8","value":{"ELEMENT":"9ae821c5-c195-4634-b479-082565d91f58","element-6066-11e4-a52e-4f735466cecf":"9ae821c5-c195-4634-b479-082565d91f58"}}
[debug] &amp#27;[35m[W3C (116c4772)]&amp#27;[39m Responding to client with driver.findElement() result: {"element-6066-11e4-a52e-4f735466cecf":"9ae821c5-c195-4634-b479-082565d91f58","ELEMENT":"9ae821c5-c195-4634-b479-082565d91f58"}
&amp#27;[35m[HTTP]&amp#27;[39m &amp#27;[37m<-- POST /wd/hub/session/116c4772-8729-4f01-aed2-445c0b0efadd/element &amp#27;[39m&amp#27;[32m200&amp#27;[39m &amp#27;[90m784 ms - 137&amp#27;[39m
&amp#27;[35m[HTTP]&amp#27;[39m &amp#27;[90m&amp#27;[39m
&amp#27;[35m[HTTP]&amp#27;[39m &amp#27;[37m-->&amp#27;[39m &amp#27;[37mGET&amp#27;[39m &amp#27;[37m/wd/hub/session/116c4772-8729-4f01-aed2-445c0b0efadd/element/9ae821c5-c195-4634-b479-082565d91f58/displayed&amp#27;[39m
&amp#27;[35m[HTTP]&amp#27;[39m &amp#27;[90m{}&amp#27;[39m
[debug] &amp#27;[35m[W3C (116c4772)]&amp#27;[39m Calling AppiumDriver.elementDisplayed() with args: ["9ae821c5-c195-4634-b479-082565d91f58","116c4772-8729-4f01-aed2-445c0b0efadd"]
[debug] &amp#27;[35m[WD Proxy]&amp#27;[39m Matched '/element/9ae821c5-c195-4634-b479-082565d91f58/attribute/displayed' to command name 'getAttribute'
[debug] &amp#27;[35m[WD Proxy]&amp#27;[39m Proxying [GET /element/9ae821c5-c195-4634-b479-082565d91f58/attribute/displayed] to [GET http://127.0.0.1:10000/wd/hub/session/8ac7f4d0-cf17-4d2a-bfad-27565f4687b8/element/9ae821c5-c195-4634-b479-082565d91f58/attribute/displayed] with no body
[debug] &amp#27;[35m[WD Proxy]&amp#27;[39m Got response with status 200: {"sessionId":"8ac7f4d0-cf17-4d2a-bfad-27565f4687b8","value":"true"}
[debug] &amp#27;[35m[W3C (116c4772)]&amp#27;[39m Responding to client with driver.elementDisplayed() result: true
&amp#27;[35m[HTTP]&amp#27;[39m &amp#27;[37m<-- GET /wd/hub/session/116c4772-8729-4f01-aed2-445c0b0efadd/element/9ae821c5-c195-4634-b479-082565d91f58/displayed &amp#27;[39m&amp#27;[32m200&amp#27;[39m &amp#27;[90m43 ms - 14&amp#27;[39m
&amp#27;[35m[HTTP]&amp#27;[39m &amp#27;[90m&amp#27;[39m
[INFO ] 2021-02-22 21:41:16.067 com.qa.pages.BasePage:71 - password is secret_sauce
&amp#27;[35m[HTTP]&amp#27;[39m &amp#27;[37m-->&amp#27;[39m &amp#27;[37mGET&amp#27;[39m &amp#27;[37m/wd/hub/session/116c4772-8729-4f01-aed2-445c0b0efadd/context&amp#27;[39m
&amp#27;[35m[HTTP]&amp#27;[39m &amp#27;[90m{}&amp#27;[39m
[debug] &amp#27;[35m[W3C (116c4772)]&amp#27;[39m Calling AppiumDriver.getCurrentContext() with args: ["116c4772-8729-4f01-aed2-445c0b0efadd"]
[debug] &amp#27;[35m[W3C (116c4772)]&amp#27;[39m Responding to client with driver.getCurrentContext() result: "NATIVE_APP"
&amp#27;[35m[HTTP]&amp#27;[39m &amp#27;[37m<-- GET /wd/hub/session/116c4772-8729-4f01-aed2-445c0b0efadd/context &amp#27;[39m&amp#27;[32m200&amp#27;[39m &amp#27;[90m4 ms - 22&amp#27;[39m
&amp#27;[35m[HTTP]&amp#27;[39m &amp#27;[90m&amp#27;[39m
&amp#27;[35m[HTTP]&amp#27;[39m &amp#27;[37m-->&amp#27;[39m &amp#27;[37mPOST&amp#27;[39m &amp#27;[37m/wd/hub/session/116c4772-8729-4f01-aed2-445c0b0efadd/element&amp#27;[39m
&amp#27;[35m[HTTP]&amp#27;[39m &amp#27;[90m{"using":"accessibility id","value":"test-Password"}&amp#27;[39m
[debug] &amp#27;[35m[W3C (116c4772)]&amp#27;[39m Calling AppiumDriver.findElement() with args: ["accessibility id","test-Password","116c4772-8729-4f01-aed2-445c0b0efadd"]
[debug] &amp#27;[35m[BaseDriver]&amp#27;[39m Valid locator strategies for this request: xpath, id, class name, accessibility id, css selector, -android uiautomator
[debug] &amp#27;[35m[BaseDriver]&amp#27;[39m Waiting up to 0 ms for condition
[debug] &amp#27;[35m[WD Proxy]&amp#27;[39m Matched '/element' to command name 'findElement'
[debug] &amp#27;[35m[WD Proxy]&amp#27;[39m Proxying [POST /element] to [POST http://127.0.0.1:10000/wd/hub/session/8ac7f4d0-cf17-4d2a-bfad-27565f4687b8/element] with body: {"strategy":"accessibility id","selector":"test-Password","context":"","multiple":false}
[debug] &amp#27;[35m[WD Proxy]&amp#27;[39m Got response with status 200: {"sessionId":"8ac7f4d0-cf17-4d2a-bfad-27565f4687b8","value":{"ELEMENT":"e57c1267-68be-4584-bef5-00bff137ca86","element-6066-11e4-a52e-4f735466cecf":"e57c1267-68be-4584-bef5-00bff137ca86"}}
[debug] &amp#27;[35m[W3C (116c4772)]&amp#27;[39m Responding to client with driver.findElement() result: {"element-6066-11e4-a52e-4f735466cecf":"e57c1267-68be-4584-bef5-00bff137ca86","ELEMENT":"e57c1267-68be-4584-bef5-00bff137ca86"}
&amp#27;[35m[HTTP]&amp#27;[39m &amp#27;[37m<-- POST /wd/hub/session/116c4772-8729-4f01-aed2-445c0b0efadd/element &amp#27;[39m&amp#27;[32m200&amp#27;[39m &amp#27;[90m72 ms - 137&amp#27;[39m
&amp#27;[35m[HTTP]&amp#27;[39m &amp#27;[90m&amp#27;[39m
&amp#27;[35m[HTTP]&amp#27;[39m &amp#27;[37m-->&amp#27;[39m &amp#27;[37mPOST&amp#27;[39m &amp#27;[37m/wd/hub/session/116c4772-8729-4f01-aed2-445c0b0efadd/element/e57c1267-68be-4584-bef5-00bff137ca86/value&amp#27;[39m
&amp#27;[35m[HTTP]&amp#27;[39m &amp#27;[90m{"id":"e57c1267-68be-4584-bef5-00bff137ca86","text":"secret_sauce","value":["s","e","c","r","e","t","_","s","a","u","c","e"]}&amp#27;[39m
[debug] &amp#27;[35m[W3C (116c4772)]&amp#27;[39m Calling AppiumDriver.setValue() with args: [["s","e","c","r","e","t","_","s","a","u","c","e"],"e57c1267-68be-4584-bef5-00bff137ca86","116c4772-8729-4f01-aed2-445c0b0efadd"]
[debug] &amp#27;[35m[WD Proxy]&amp#27;[39m Matched '/element/e57c1267-68be-4584-bef5-00bff137ca86/value' to command name 'setValue'
[debug] &amp#27;[35m[Protocol Converter]&amp#27;[39m Added 'value' property ["s","e","c","r","e","t","_","s","a","u","c","e"] to 'setValue' request body
[debug] &amp#27;[35m[WD Proxy]&amp#27;[39m Proxying [POST /element/e57c1267-68be-4584-bef5-00bff137ca86/value] to [POST http://127.0.0.1:10000/wd/hub/session/8ac7f4d0-cf17-4d2a-bfad-27565f4687b8/element/e57c1267-68be-4584-bef5-00bff137ca86/value] with body: {"elementId":"e57c1267-68be-4584-bef5-00bff137ca86","text":"secret_sauce","replace":false,"value":["s","e","c","r","e","t","_","s","a","u","c","e"]}
[debug] &amp#27;[35m[WD Proxy]&amp#27;[39m Got response with status 200: {"sessionId":"8ac7f4d0-cf17-4d2a-bfad-27565f4687b8","value":null}
[debug] &amp#27;[35m[W3C (116c4772)]&amp#27;[39m Responding to client with driver.setValue() result: null
&amp#27;[35m[HTTP]&amp#27;[39m &amp#27;[37m<-- POST /wd/hub/session/116c4772-8729-4f01-aed2-445c0b0efadd/element/e57c1267-68be-4584-bef5-00bff137ca86/value &amp#27;[39m&amp#27;[32m200&amp#27;[39m &amp#27;[90m824 ms - 14&amp#27;[39m
&amp#27;[35m[HTTP]&amp#27;[39m &amp#27;[90m&amp#27;[39m
  And I enter password as "secret_sauce"                 # com.qa.stepdef.LoginStepDef.iEnterPasswordAs(java.lang.String)
&amp#27;[35m[HTTP]&amp#27;[39m &amp#27;[37m-->&amp#27;[39m &amp#27;[37mGET&amp#27;[39m &amp#27;[37m/wd/hub/session/116c4772-8729-4f01-aed2-445c0b0efadd/context&amp#27;[39m
&amp#27;[35m[HTTP]&amp#27;[39m &amp#27;[90m{}&amp#27;[39m
[debug] &amp#27;[35m[W3C (116c4772)]&amp#27;[39m Calling AppiumDriver.getCurrentContext() with args: ["116c4772-8729-4f01-aed2-445c0b0efadd"]
[debug] &amp#27;[35m[W3C (116c4772)]&amp#27;[39m Responding to client with driver.getCurrentContext() result: "NATIVE_APP"
&amp#27;[35m[HTTP]&amp#27;[39m &amp#27;[37m<-- GET /wd/hub/session/116c4772-8729-4f01-aed2-445c0b0efadd/context &amp#27;[39m&amp#27;[32m200&amp#27;[39m &amp#27;[90m4 ms - 22&amp#27;[39m
&amp#27;[35m[HTTP]&amp#27;[39m &amp#27;[90m&amp#27;[39m
&amp#27;[35m[HTTP]&amp#27;[39m &amp#27;[37m-->&amp#27;[39m &amp#27;[37mPOST&amp#27;[39m &amp#27;[37m/wd/hub/session/116c4772-8729-4f01-aed2-445c0b0efadd/element&amp#27;[39m
&amp#27;[35m[HTTP]&amp#27;[39m &amp#27;[90m{"using":"accessibility id","value":"test-LOGIN"}&amp#27;[39m
[debug] &amp#27;[35m[W3C (116c4772)]&amp#27;[39m Calling AppiumDriver.findElement() with args: ["accessibility id","test-LOGIN","116c4772-8729-4f01-aed2-445c0b0efadd"]
[debug] &amp#27;[35m[BaseDriver]&amp#27;[39m Valid locator strategies for this request: xpath, id, class name, accessibility id, css selector, -android uiautomator
[debug] &amp#27;[35m[BaseDriver]&amp#27;[39m Waiting up to 0 ms for condition
[debug] &amp#27;[35m[WD Proxy]&amp#27;[39m Matched '/element' to command name 'findElement'
[debug] &amp#27;[35m[WD Proxy]&amp#27;[39m Proxying [POST /element] to [POST http://127.0.0.1:10000/wd/hub/session/8ac7f4d0-cf17-4d2a-bfad-27565f4687b8/element] with body: {"strategy":"accessibility id","selector":"test-LOGIN","context":"","multiple":false}
[debug] &amp#27;[35m[WD Proxy]&amp#27;[39m Got response with status 200: {"sessionId":"8ac7f4d0-cf17-4d2a-bfad-27565f4687b8","value":{"ELEMENT":"71366432-4a6d-4c27-991e-1babcd2213d5","element-6066-11e4-a52e-4f735466cecf":"71366432-4a6d-4c27-991e-1babcd2213d5"}}
[debug] &amp#27;[35m[W3C (116c4772)]&amp#27;[39m Responding to client with driver.findElement() result: {"element-6066-11e4-a52e-4f735466cecf":"71366432-4a6d-4c27-991e-1babcd2213d5","ELEMENT":"71366432-4a6d-4c27-991e-1babcd2213d5"}
&amp#27;[35m[HTTP]&amp#27;[39m &amp#27;[37m<-- POST /wd/hub/session/116c4772-8729-4f01-aed2-445c0b0efadd/element &amp#27;[39m&amp#27;[32m200&amp#27;[39m &amp#27;[90m1002 ms - 137&amp#27;[39m
&amp#27;[35m[HTTP]&amp#27;[39m &amp#27;[90m&amp#27;[39m
&amp#27;[35m[HTTP]&amp#27;[39m &amp#27;[37m-->&amp#27;[39m &amp#27;[37mGET&amp#27;[39m &amp#27;[37m/wd/hub/session/116c4772-8729-4f01-aed2-445c0b0efadd/element/71366432-4a6d-4c27-991e-1babcd2213d5/displayed&amp#27;[39m
&amp#27;[35m[HTTP]&amp#27;[39m &amp#27;[90m{}&amp#27;[39m
[debug] &amp#27;[35m[W3C (116c4772)]&amp#27;[39m Calling AppiumDriver.elementDisplayed() with args: ["71366432-4a6d-4c27-991e-1babcd2213d5","116c4772-8729-4f01-aed2-445c0b0efadd"]
[debug] &amp#27;[35m[WD Proxy]&amp#27;[39m Matched '/element/71366432-4a6d-4c27-991e-1babcd2213d5/attribute/displayed' to command name 'getAttribute'
[debug] &amp#27;[35m[WD Proxy]&amp#27;[39m Proxying [GET /element/71366432-4a6d-4c27-991e-1babcd2213d5/attribute/displayed] to [GET http://127.0.0.1:10000/wd/hub/session/8ac7f4d0-cf17-4d2a-bfad-27565f4687b8/element/71366432-4a6d-4c27-991e-1babcd2213d5/attribute/displayed] with no body
[debug] &amp#27;[35m[WD Proxy]&amp#27;[39m Got response with status 200: {"sessionId":"8ac7f4d0-cf17-4d2a-bfad-27565f4687b8","value":"true"}
[debug] &amp#27;[35m[W3C (116c4772)]&amp#27;[39m Responding to client with driver.elementDisplayed() result: true
&amp#27;[35m[HTTP]&amp#27;[39m &amp#27;[37m<-- GET /wd/hub/session/116c4772-8729-4f01-aed2-445c0b0efadd/element/71366432-4a6d-4c27-991e-1babcd2213d5/displayed &amp#27;[39m&amp#27;[32m200&amp#27;[39m &amp#27;[90m43 ms - 14&amp#27;[39m
&amp#27;[35m[HTTP]&amp#27;[39m &amp#27;[90m&amp#27;[39m
[INFO ] 2021-02-22 21:41:18.065 com.qa.pages.BasePage:54 - press login button
&amp#27;[35m[HTTP]&amp#27;[39m &amp#27;[37m-->&amp#27;[39m &amp#27;[37mGET&amp#27;[39m &amp#27;[37m/wd/hub/session/116c4772-8729-4f01-aed2-445c0b0efadd/context&amp#27;[39m
&amp#27;[35m[HTTP]&amp#27;[39m &amp#27;[90m{}&amp#27;[39m
[debug] &amp#27;[35m[W3C (116c4772)]&amp#27;[39m Calling AppiumDriver.getCurrentContext() with args: ["116c4772-8729-4f01-aed2-445c0b0efadd"]
[debug] &amp#27;[35m[W3C (116c4772)]&amp#27;[39m Responding to client with driver.getCurrentContext() result: "NATIVE_APP"
&amp#27;[35m[HTTP]&amp#27;[39m &amp#27;[37m<-- GET /wd/hub/session/116c4772-8729-4f01-aed2-445c0b0efadd/context &amp#27;[39m&amp#27;[32m200&amp#27;[39m &amp#27;[90m4 ms - 22&amp#27;[39m
&amp#27;[35m[HTTP]&amp#27;[39m &amp#27;[90m&amp#27;[39m
&amp#27;[35m[HTTP]&amp#27;[39m &amp#27;[37m-->&amp#27;[39m &amp#27;[37mPOST&amp#27;[39m &amp#27;[37m/wd/hub/session/116c4772-8729-4f01-aed2-445c0b0efadd/element&amp#27;[39m
&amp#27;[35m[HTTP]&amp#27;[39m &amp#27;[90m{"using":"accessibility id","value":"test-LOGIN"}&amp#27;[39m
[debug] &amp#27;[35m[W3C (116c4772)]&amp#27;[39m Calling AppiumDriver.findElement() with args: ["accessibility id","test-LOGIN","116c4772-8729-4f01-aed2-445c0b0efadd"]
[debug] &amp#27;[35m[BaseDriver]&amp#27;[39m Valid locator strategies for this request: xpath, id, class name, accessibility id, css selector, -android uiautomator
[debug] &amp#27;[35m[BaseDriver]&amp#27;[39m Waiting up to 0 ms for condition
[debug] &amp#27;[35m[WD Proxy]&amp#27;[39m Matched '/element' to command name 'findElement'
[debug] &amp#27;[35m[WD Proxy]&amp#27;[39m Proxying [POST /element] to [POST http://127.0.0.1:10000/wd/hub/session/8ac7f4d0-cf17-4d2a-bfad-27565f4687b8/element] with body: {"strategy":"accessibility id","selector":"test-LOGIN","context":"","multiple":false}
[debug] &amp#27;[35m[WD Proxy]&amp#27;[39m Got response with status 200: {"sessionId":"8ac7f4d0-cf17-4d2a-bfad-27565f4687b8","value":{"ELEMENT":"27c24b32-3f9e-4297-a24a-9a899b661c68","element-6066-11e4-a52e-4f735466cecf":"27c24b32-3f9e-4297-a24a-9a899b661c68"}}
[debug] &amp#27;[35m[W3C (116c4772)]&amp#27;[39m Responding to client with driver.findElement() result: {"element-6066-11e4-a52e-4f735466cecf":"27c24b32-3f9e-4297-a24a-9a899b661c68","ELEMENT":"27c24b32-3f9e-4297-a24a-9a899b661c68"}
&amp#27;[35m[HTTP]&amp#27;[39m &amp#27;[37m<-- POST /wd/hub/session/116c4772-8729-4f01-aed2-445c0b0efadd/element &amp#27;[39m&amp#27;[32m200&amp#27;[39m &amp#27;[90m67 ms - 137&amp#27;[39m
&amp#27;[35m[HTTP]&amp#27;[39m &amp#27;[90m&amp#27;[39m
&amp#27;[35m[HTTP]&amp#27;[39m &amp#27;[37m-->&amp#27;[39m &amp#27;[37mPOST&amp#27;[39m &amp#27;[37m/wd/hub/session/116c4772-8729-4f01-aed2-445c0b0efadd/element/27c24b32-3f9e-4297-a24a-9a899b661c68/click&amp#27;[39m
&amp#27;[35m[HTTP]&amp#27;[39m &amp#27;[90m{"id":"27c24b32-3f9e-4297-a24a-9a899b661c68"}&amp#27;[39m
[debug] &amp#27;[35m[W3C (116c4772)]&amp#27;[39m Calling AppiumDriver.click() with args: ["27c24b32-3f9e-4297-a24a-9a899b661c68","116c4772-8729-4f01-aed2-445c0b0efadd"]
[debug] &amp#27;[35m[WD Proxy]&amp#27;[39m Matched '/element/27c24b32-3f9e-4297-a24a-9a899b661c68/click' to command name 'click'
[debug] &amp#27;[35m[WD Proxy]&amp#27;[39m Proxying [POST /element/27c24b32-3f9e-4297-a24a-9a899b661c68/click] to [POST http://127.0.0.1:10000/wd/hub/session/8ac7f4d0-cf17-4d2a-bfad-27565f4687b8/element/27c24b32-3f9e-4297-a24a-9a899b661c68/click] with body: {"element":"27c24b32-3f9e-4297-a24a-9a899b661c68"}
[debug] &amp#27;[35m[WD Proxy]&amp#27;[39m Got response with status 200: {"sessionId":"8ac7f4d0-cf17-4d2a-bfad-27565f4687b8","value":null}
[debug] &amp#27;[35m[W3C (116c4772)]&amp#27;[39m Responding to client with driver.click() result: null
&amp#27;[35m[HTTP]&amp#27;[39m &amp#27;[37m<-- POST /wd/hub/session/116c4772-8729-4f01-aed2-445c0b0efadd/element/27c24b32-3f9e-4297-a24a-9a899b661c68/click &amp#27;[39m&amp#27;[32m200&amp#27;[39m &amp#27;[90m99 ms - 14&amp#27;[39m
&amp#27;[35m[HTTP]&amp#27;[39m &amp#27;[90m&amp#27;[39m
  And I login                                            # com.qa.stepdef.LoginStepDef.iLogin()
&amp#27;[35m[HTTP]&amp#27;[39m &amp#27;[37m-->&amp#27;[39m &amp#27;[37mGET&amp#27;[39m &amp#27;[37m/wd/hub/session/116c4772-8729-4f01-aed2-445c0b0efadd/context&amp#27;[39m
&amp#27;[35m[HTTP]&amp#27;[39m &amp#27;[90m{}&amp#27;[39m
[debug] &amp#27;[35m[W3C (116c4772)]&amp#27;[39m Calling AppiumDriver.getCurrentContext() with args: ["116c4772-8729-4f01-aed2-445c0b0efadd"]
[debug] &amp#27;[35m[W3C (116c4772)]&amp#27;[39m Responding to client with driver.getCurrentContext() result: "NATIVE_APP"
&amp#27;[35m[HTTP]&amp#27;[39m &amp#27;[37m<-- GET /wd/hub/session/116c4772-8729-4f01-aed2-445c0b0efadd/context &amp#27;[39m&amp#27;[32m200&amp#27;[39m &amp#27;[90m4 ms - 22&amp#27;[39m
&amp#27;[35m[HTTP]&amp#27;[39m &amp#27;[90m&amp#27;[39m
&amp#27;[35m[HTTP]&amp#27;[39m &amp#27;[37m-->&amp#27;[39m &amp#27;[37mPOST&amp#27;[39m &amp#27;[37m/wd/hub/session/116c4772-8729-4f01-aed2-445c0b0efadd/element&amp#27;[39m
&amp#27;[35m[HTTP]&amp#27;[39m &amp#27;[90m{"using":"xpath","value":"//android.widget.ScrollView[@content-desc=\"test-PRODUCTS\"]/preceding-sibling::android.view.ViewGroup/android.widget.TextView"}&amp#27;[39m
[debug] &amp#27;[35m[W3C (116c4772)]&amp#27;[39m Calling AppiumDriver.findElement() with args: ["xpath","//android.widget.ScrollView[@content-desc=\"test-PRODUCTS\"]/preceding-sibling::android.view.ViewGroup/android.widget.TextView","116c4772-8729-4f01-aed2-445c0b0efadd"]
[debug] &amp#27;[35m[BaseDriver]&amp#27;[39m Valid locator strategies for this request: xpath, id, class name, accessibility id, css selector, -android uiautomator
[debug] &amp#27;[35m[BaseDriver]&amp#27;[39m Waiting up to 0 ms for condition
[debug] &amp#27;[35m[WD Proxy]&amp#27;[39m Matched '/element' to command name 'findElement'
[debug] &amp#27;[35m[WD Proxy]&amp#27;[39m Proxying [POST /element] to [POST http://127.0.0.1:10000/wd/hub/session/8ac7f4d0-cf17-4d2a-bfad-27565f4687b8/element] with body: {"strategy":"xpath","selector":"//android.widget.ScrollView[@content-desc=\"test-PRODUCTS\"]/preceding-sibling::android.view.ViewGroup/android.widget.TextView","context":"","multiple":false}
&amp#27;[35m[WD Proxy]&amp#27;[39m Got response with status 404: {"sessionId":"8ac7f4d0-cf17-4d2a-bfad-27565f4687b8","value":{"error":"no such element","message":"An element could not be located on the page using the given search parameters","stacktrace":"io.appium.uiautomator2.common.exceptions.ElementNotFoundException: An element could not be located on the page using the given search parameters\n\tat io.appium.uiautomator2.handler.FindElement.findElement(FindElement.java:96)\n\tat io.appium.uiautomator2.handler.FindElement.safeHandle(FindElement.java:71)\n\tat io.appium.uiautomator2.handler.request.SafeRequestHandler.handle(SafeRequestHandler.java:41)\n\tat io.appium.uiautomator2.server.AppiumServlet.handleRequest(AppiumServlet.java:261)\n\tat io.appium.uiautomator2.server.AppiumServlet.handleHttpRequest(AppiumServlet.java:255)\n\tat io.appium.uiautomator2.http.ServerHandler.channelRead(ServerHandler.java:68)\n\tat io.netty.channel.AbstractChannelHandlerContext.invokeChannelRead(AbstractChannelHandlerContext.java:366)\n\tat io.netty.channel.AbstractChannelHandlerCont...
[debug] &amp#27;[35m[W3C]&amp#27;[39m Matched W3C error code 'no such element' to NoSuchElementError
[debug] &amp#27;[35m[W3C (116c4772)]&amp#27;[39m Encountered internal error running command: NoSuchElementError: An element could not be located on the page using the given search parameters.
[debug] &amp#27;[35m[W3C (116c4772)]&amp#27;[39m     at AndroidUiautomator2Driver.findElOrEls (C:\Users\Lenovo\AppData\Roaming\npm\node_modules\appium\node_modules\appium-android-driver\lib\commands\find.js:75:11)
[debug] &amp#27;[35m[W3C (116c4772)]&amp#27;[39m     at runMicrotasks (<anonymous>)
[debug] &amp#27;[35m[W3C (116c4772)]&amp#27;[39m     at processTicksAndRejections (internal/process/task_queues.js:93:5)
[debug] &amp#27;[35m[W3C (116c4772)]&amp#27;[39m     at AndroidUiautomator2Driver.findElOrElsWithProcessing (C:\Users\Lenovo\AppData\Roaming\npm\node_modules\appium\node_modules\appium-base-driver\lib\basedriver\commands\find.js:33:12)
[debug] &amp#27;[35m[W3C (116c4772)]&amp#27;[39m     at AndroidUiautomator2Driver.findElement (C:\Users\Lenovo\AppData\Roaming\npm\node_modules\appium\node_modules\appium-base-driver\lib\basedriver\commands\find.js:53:10)
&amp#27;[35m[HTTP]&amp#27;[39m &amp#27;[37m<-- POST /wd/hub/session/116c4772-8729-4f01-aed2-445c0b0efadd/element &amp#27;[39m&amp#27;[33m404&amp#27;[39m &amp#27;[90m214 ms - 917&amp#27;[39m
&amp#27;[35m[HTTP]&amp#27;[39m &amp#27;[90m&amp#27;[39m
&amp#27;[35m[HTTP]&amp#27;[39m &amp#27;[37m-->&amp#27;[39m &amp#27;[37mPOST&amp#27;[39m &amp#27;[37m/wd/hub/session/116c4772-8729-4f01-aed2-445c0b0efadd/element&amp#27;[39m
&amp#27;[35m[HTTP]&amp#27;[39m &amp#27;[90m{"using":"xpath","value":"//android.widget.ScrollView[@content-desc=\"test-PRODUCTS\"]/preceding-sibling::android.view.ViewGroup/android.widget.TextView"}&amp#27;[39m
[debug] &amp#27;[35m[W3C (116c4772)]&amp#27;[39m Calling AppiumDriver.findElement() with args: ["xpath","//android.widget.ScrollView[@content-desc=\"test-PRODUCTS\"]/preceding-sibling::android.view.ViewGroup/android.widget.TextView","116c4772-8729-4f01-aed2-445c0b0efadd"]
[debug] &amp#27;[35m[BaseDriver]&amp#27;[39m Valid locator strategies for this request: xpath, id, class name, accessibility id, css selector, -android uiautomator
[debug] &amp#27;[35m[BaseDriver]&amp#27;[39m Waiting up to 0 ms for condition
[debug] &amp#27;[35m[WD Proxy]&amp#27;[39m Matched '/element' to command name 'findElement'
[debug] &amp#27;[35m[WD Proxy]&amp#27;[39m Proxying [POST /element] to [POST http://127.0.0.1:10000/wd/hub/session/8ac7f4d0-cf17-4d2a-bfad-27565f4687b8/element] with body: {"strategy":"xpath","selector":"//android.widget.ScrollView[@content-desc=\"test-PRODUCTS\"]/preceding-sibling::android.view.ViewGroup/android.widget.TextView","context":"","multiple":false}
[debug] &amp#27;[35m[WD Proxy]&amp#27;[39m Got response with status 200: {"sessionId":"8ac7f4d0-cf17-4d2a-bfad-27565f4687b8","value":{"ELEMENT":"53525969-866c-4f52-90c5-a4d8b907f6eb","element-6066-11e4-a52e-4f735466cecf":"53525969-866c-4f52-90c5-a4d8b907f6eb"}}
[debug] &amp#27;[35m[W3C (116c4772)]&amp#27;[39m Responding to client with driver.findElement() result: {"element-6066-11e4-a52e-4f735466cecf":"53525969-866c-4f52-90c5-a4d8b907f6eb","ELEMENT":"53525969-866c-4f52-90c5-a4d8b907f6eb"}
&amp#27;[35m[HTTP]&amp#27;[39m &amp#27;[37m<-- POST /wd/hub/session/116c4772-8729-4f01-aed2-445c0b0efadd/element &amp#27;[39m&amp#27;[32m200&amp#27;[39m &amp#27;[90m2129 ms - 137&amp#27;[39m
&amp#27;[35m[HTTP]&amp#27;[39m &amp#27;[90m&amp#27;[39m
&amp#27;[35m[HTTP]&amp#27;[39m &amp#27;[37m-->&amp#27;[39m &amp#27;[37mGET&amp#27;[39m &amp#27;[37m/wd/hub/session/116c4772-8729-4f01-aed2-445c0b0efadd/element/53525969-866c-4f52-90c5-a4d8b907f6eb/displayed&amp#27;[39m
&amp#27;[35m[HTTP]&amp#27;[39m &amp#27;[90m{}&amp#27;[39m
[debug] &amp#27;[35m[W3C (116c4772)]&amp#27;[39m Calling AppiumDriver.elementDisplayed() with args: ["53525969-866c-4f52-90c5-a4d8b907f6eb","116c4772-8729-4f01-aed2-445c0b0efadd"]
[debug] &amp#27;[35m[WD Proxy]&amp#27;[39m Matched '/element/53525969-866c-4f52-90c5-a4d8b907f6eb/attribute/displayed' to command name 'getAttribute'
[debug] &amp#27;[35m[WD Proxy]&amp#27;[39m Proxying [GET /element/53525969-866c-4f52-90c5-a4d8b907f6eb/attribute/displayed] to [GET http://127.0.0.1:10000/wd/hub/session/8ac7f4d0-cf17-4d2a-bfad-27565f4687b8/element/53525969-866c-4f52-90c5-a4d8b907f6eb/attribute/displayed] with no body
[debug] &amp#27;[35m[WD Proxy]&amp#27;[39m Got response with status 200: {"sessionId":"8ac7f4d0-cf17-4d2a-bfad-27565f4687b8","value":"true"}
[debug] &amp#27;[35m[W3C (116c4772)]&amp#27;[39m Responding to client with driver.elementDisplayed() result: true
&amp#27;[35m[HTTP]&amp#27;[39m &amp#27;[37m<-- GET /wd/hub/session/116c4772-8729-4f01-aed2-445c0b0efadd/element/53525969-866c-4f52-90c5-a4d8b907f6eb/displayed &amp#27;[39m&amp#27;[32m200&amp#27;[39m &amp#27;[90m23 ms - 14&amp#27;[39m
&amp#27;[35m[HTTP]&amp#27;[39m &amp#27;[90m&amp#27;[39m
&amp#27;[35m[HTTP]&amp#27;[39m &amp#27;[37m-->&amp#27;[39m &amp#27;[37mGET&amp#27;[39m &amp#27;[37m/wd/hub/session/116c4772-8729-4f01-aed2-445c0b0efadd/context&amp#27;[39m
&amp#27;[35m[HTTP]&amp#27;[39m &amp#27;[90m{}&amp#27;[39m
[debug] &amp#27;[35m[W3C (116c4772)]&amp#27;[39m Calling AppiumDriver.getCurrentContext() with args: ["116c4772-8729-4f01-aed2-445c0b0efadd"]
[debug] &amp#27;[35m[W3C (116c4772)]&amp#27;[39m Responding to client with driver.getCurrentContext() result: "NATIVE_APP"
&amp#27;[35m[HTTP]&amp#27;[39m &amp#27;[37m<-- GET /wd/hub/session/116c4772-8729-4f01-aed2-445c0b0efadd/context &amp#27;[39m&amp#27;[32m200&amp#27;[39m &amp#27;[90m2 ms - 22&amp#27;[39m
&amp#27;[35m[HTTP]&amp#27;[39m &amp#27;[90m&amp#27;[39m
&amp#27;[35m[HTTP]&amp#27;[39m &amp#27;[37m-->&amp#27;[39m &amp#27;[37mPOST&amp#27;[39m &amp#27;[37m/wd/hub/session/116c4772-8729-4f01-aed2-445c0b0efadd/element&amp#27;[39m
&amp#27;[35m[HTTP]&amp#27;[39m &amp#27;[90m{"using":"xpath","value":"//android.widget.ScrollView[@content-desc=\"test-PRODUCTS\"]/preceding-sibling::android.view.ViewGroup/android.widget.TextView"}&amp#27;[39m
[debug] &amp#27;[35m[W3C (116c4772)]&amp#27;[39m Calling AppiumDriver.findElement() with args: ["xpath","//android.widget.ScrollView[@content-desc=\"test-PRODUCTS\"]/preceding-sibling::android.view.ViewGroup/android.widget.TextView","116c4772-8729-4f01-aed2-445c0b0efadd"]
[debug] &amp#27;[35m[BaseDriver]&amp#27;[39m Valid locator strategies for this request: xpath, id, class name, accessibility id, css selector, -android uiautomator
[debug] &amp#27;[35m[BaseDriver]&amp#27;[39m Waiting up to 0 ms for condition
[debug] &amp#27;[35m[WD Proxy]&amp#27;[39m Matched '/element' to command name 'findElement'
[debug] &amp#27;[35m[WD Proxy]&amp#27;[39m Proxying [POST /element] to [POST http://127.0.0.1:10000/wd/hub/session/8ac7f4d0-cf17-4d2a-bfad-27565f4687b8/element] with body: {"strategy":"xpath","selector":"//android.widget.ScrollView[@content-desc=\"test-PRODUCTS\"]/preceding-sibling::android.view.ViewGroup/android.widget.TextView","context":"","multiple":false}
[debug] &amp#27;[35m[WD Proxy]&amp#27;[39m Got response with status 200: {"sessionId":"8ac7f4d0-cf17-4d2a-bfad-27565f4687b8","value":{"ELEMENT":"1d78be25-8968-453f-b1b8-56858eda814b","element-6066-11e4-a52e-4f735466cecf":"1d78be25-8968-453f-b1b8-56858eda814b"}}
[debug] &amp#27;[35m[W3C (116c4772)]&amp#27;[39m Responding to client with driver.findElement() result: {"element-6066-11e4-a52e-4f735466cecf":"1d78be25-8968-453f-b1b8-56858eda814b","ELEMENT":"1d78be25-8968-453f-b1b8-56858eda814b"}
&amp#27;[35m[HTTP]&amp#27;[39m &amp#27;[37m<-- POST /wd/hub/session/116c4772-8729-4f01-aed2-445c0b0efadd/element &amp#27;[39m&amp#27;[32m200&amp#27;[39m &amp#27;[90m203 ms - 137&amp#27;[39m
&amp#27;[35m[HTTP]&amp#27;[39m &amp#27;[90m&amp#27;[39m
&amp#27;[35m[HTTP]&amp#27;[39m &amp#27;[37m-->&amp#27;[39m &amp#27;[37mGET&amp#27;[39m &amp#27;[37m/wd/hub/session/116c4772-8729-4f01-aed2-445c0b0efadd/element/1d78be25-8968-453f-b1b8-56858eda814b/attribute/text&amp#27;[39m
&amp#27;[35m[HTTP]&amp#27;[39m &amp#27;[90m{}&amp#27;[39m
[debug] &amp#27;[35m[W3C (116c4772)]&amp#27;[39m Calling AppiumDriver.getAttribute() with args: ["text","1d78be25-8968-453f-b1b8-56858eda814b","116c4772-8729-4f01-aed2-445c0b0efadd"]
[debug] &amp#27;[35m[WD Proxy]&amp#27;[39m Matched '/element/1d78be25-8968-453f-b1b8-56858eda814b/attribute/text' to command name 'getAttribute'
[debug] &amp#27;[35m[WD Proxy]&amp#27;[39m Proxying [GET /element/1d78be25-8968-453f-b1b8-56858eda814b/attribute/text] to [GET http://127.0.0.1:10000/wd/hub/session/8ac7f4d0-cf17-4d2a-bfad-27565f4687b8/element/1d78be25-8968-453f-b1b8-56858eda814b/attribute/text] with no body
[debug] &amp#27;[35m[WD Proxy]&amp#27;[39m Got response with status 200: {"sessionId":"8ac7f4d0-cf17-4d2a-bfad-27565f4687b8","value":"PRODUCTS"}
[debug] &amp#27;[35m[W3C (116c4772)]&amp#27;[39m Responding to client with driver.getAttribute() result: "PRODUCTS"
&amp#27;[35m[HTTP]&amp#27;[39m &amp#27;[37m<-- GET /wd/hub/session/116c4772-8729-4f01-aed2-445c0b0efadd/element/1d78be25-8968-453f-b1b8-56858eda814b/attribute/text &amp#27;[39m&amp#27;[32m200&amp#27;[39m &amp#27;[90m614 ms - 20&amp#27;[39m
&amp#27;[35m[HTTP]&amp#27;[39m &amp#27;[90m&amp#27;[39m
[INFO ] 2021-02-22 21:41:21.993 com.qa.pages.BasePage:97 - product page title is - PRODUCTS
  Then I should see Products page with title "PRODUCTS"  # com.qa.stepdef.LoginStepDef.iShouldSeeProductsPageWithTitle(java.lang.String)
]]></system-out>
  </testcase>
</testsuite>