<?xml version="1.0" encoding="UTF-8"?>
<!-- Generated by org.testng.reporters.JUnitReportReporter -->
<testsuite hostname="DESKTOP-BR73BTL" failures="0" tests="3" name="com.qa.runner.MyonePlusTestNGRunnerTest" time="34.830" errors="0" timestamp="2021-02-22T21:41:26 IST" skipped="0">
  <testcase classname="com.qa.runner.MyonePlusTestNGRunnerTest" name="scenario" time="11.071"/>
  <system-out/>
  <testcase classname="com.qa.runner.MyonePlusTestNGRunnerTest" name="scenario" time="11.799"/>
  <system-out/>
  <testcase classname="com.qa.runner.MyonePlusTestNGRunnerTest" name="scenario" time="11.960"/>
  <system-out/>
</testsuite> <!-- com.qa.runner.MyonePlusTestNGRunnerTest -->
